Layer dim: (1, 3, 64, 64) true
Layer dim: (1, 16, 64, 64) false
Layer dim: (1, 16, 64, 64) true
Layer dim: (1, 16, 64, 64) false
Layer dim: (1, 16, 64, 64) true
Layer dim: (1, 16, 64, 64) false
Layer dim: (1, 16, 64, 64) true
Layer dim: (1, 16, 64, 64) false
Layer dim: (1, 16, 64, 64) true
Layer dim: (1, 16, 64, 64) false
Layer dim: (1, 16, 64, 64) true
Layer dim: (1, 16, 64, 64) false
Layer dim: (1, 16, 64, 64) true
Layer dim: (1, 16, 64, 64) false
Layer dim: (1, 16, 64, 64) true
Layer dim: (1, 16, 64, 64) false
Layer dim: (1, 16, 64, 64) true
Layer dim: (1, 16, 64, 64) false
Layer dim: (1, 16, 64, 64) true
Layer dim: (1, 16, 64, 64) false
Layer dim: (1, 16, 64, 64) true
Layer dim: (1, 16, 64, 64) false
Layer dim: (1, 16, 64, 64) true
Layer dim: (1, 32, 32, 32) false
Layer dim: (1, 32, 32, 32) true
Layer dim: (1, 32, 32, 32) false
Layer dim: (1, 32, 32, 32) true
Layer dim: (1, 32, 32, 32) false
Layer dim: (1, 32, 32, 32) true
Layer dim: (1, 32, 32, 32) false
Layer dim: (1, 32, 32, 32) true
Layer dim: (1, 32, 32, 32) false
Layer dim: (1, 32, 32, 32) true
Layer dim: (1, 32, 32, 32) false
Layer dim: (1, 32, 32, 32) true
Layer dim: (1, 32, 32, 32) false
Layer dim: (1, 32, 32, 32) true
Layer dim: (1, 32, 32, 32) false
Layer dim: (1, 32, 32, 32) true
Layer dim: (1, 32, 32, 32) false
Layer dim: (1, 32, 32, 32) true
Layer dim: (1, 32, 32, 32) false
Layer dim: (1, 32, 32, 32) true
Layer dim: (1, 64, 16, 16) false
Layer dim: (1, 64, 16, 16) true
Layer dim: (1, 64, 16, 16) false
Layer dim: (1, 64, 16, 16) true
Layer dim: (1, 64, 16, 16) false
Layer dim: (1, 64, 16, 16) true
Layer dim: (1, 64, 16, 16) false
Layer dim: (1, 64, 16, 16) true
Layer dim: (1, 64, 16, 16) false
Layer dim: (1, 64, 16, 16) true
Layer dim: (1, 64, 16, 16) false
Layer dim: (1, 64, 16, 16) true
Layer dim: (1, 64, 16, 16) false
Layer dim: (1, 64, 16, 16) true
Layer dim: (1, 64, 16, 16) false
Layer dim: (1, 64, 16, 16) true
Layer dim: (1, 64, 16, 16) false
Layer dim: (1, 64, 16, 16) true
Layer dim: (1, 64, 16, 16) false
Layer dim: (1, 64, 16, 16) true
Layer dim: (1, 64, 8, 8) true
Start:   Generating keys
End:     Generating keys............................................................342.530ms
Start:   Sending keys
Writing.. 33180308
End:     Sending keys...............................................................54.538ms
Start:   Client offline phase
··Start:   Linear layers offline phase
····Start:   Linear offline protocol
······Start:   Client preprocessing
······End:     Client preprocessing.................................................86.964ms
······Start:   Sending input
Writing.. 9439082
······End:     Sending input........................................................14.457ms
······Start:   Receiving Result
······End:     Receiving Result.....................................................1.76s
······Start:   Post-processing
······End:     Post-processing......................................................12.367ms
····End:     Linear offline protocol................................................1.190s
····Start:   Linear offline protocol
······Start:   Client preprocessing
······End:     Client preprocessing.................................................352.855ms
······Start:   Sending input
Writing.. 37756304
······End:     Sending input........................................................62.796ms
······Start:   Receiving Result
······End:     Receiving Result.....................................................3.241s
······Start:   Post-processing
······End:     Post-processing......................................................13.230ms
····End:     Linear offline protocol................................................3.670s
····Start:   Linear offline protocol
······Start:   Client preprocessing
······End:     Client preprocessing.................................................324.483ms
······Start:   Sending input
Writing.. 37756304
······End:     Sending input........................................................64.168ms
······Start:   Receiving Result
······End:     Receiving Result.....................................................3.248s
······Start:   Post-processing
······End:     Post-processing......................................................12.641ms
····End:     Linear offline protocol................................................3.650s
····Start:   Linear offline protocol
······Start:   Client preprocessing
······End:     Client preprocessing.................................................328.665ms
······Start:   Sending input
Writing.. 37756304
······End:     Sending input........................................................63.795ms
······Start:   Receiving Result
······End:     Receiving Result.....................................................3.226s
······Start:   Post-processing
······End:     Post-processing......................................................12.483ms
····End:     Linear offline protocol................................................3.631s
····Start:   Linear offline protocol
······Start:   Client preprocessing
······End:     Client preprocessing.................................................327.421ms
······Start:   Sending input
Writing.. 37756304
······End:     Sending input........................................................62.824ms
······Start:   Receiving Result
······End:     Receiving Result.....................................................3.224s
······Start:   Post-processing
······End:     Post-processing......................................................12.493ms
····End:     Linear offline protocol................................................3.627s
····Start:   Linear offline protocol
······Start:   Client preprocessing
······End:     Client preprocessing.................................................325.723ms
······Start:   Sending input
Writing.. 37756304
······End:     Sending input........................................................63.284ms
······Start:   Receiving Result
······End:     Receiving Result.....................................................3.248s
······Start:   Post-processing
······End:     Post-processing......................................................12.495ms
····End:     Linear offline protocol................................................3.650s
····Start:   Linear offline protocol
······Start:   Client preprocessing
······End:     Client preprocessing.................................................326.15ms
······Start:   Sending input
Writing.. 37756304
······End:     Sending input........................................................64.470ms
······Start:   Receiving Result
······End:     Receiving Result.....................................................3.252s
······Start:   Post-processing
······End:     Post-processing......................................................12.469ms
····End:     Linear offline protocol................................................3.655s
····Start:   Linear offline protocol
······Start:   Client preprocessing
······End:     Client preprocessing.................................................324.901ms
······Start:   Sending input
Writing.. 37756304
······End:     Sending input........................................................63.224ms
······Start:   Receiving Result
······End:     Receiving Result.....................................................3.235s
······Start:   Post-processing
······End:     Post-processing......................................................12.993ms
····End:     Linear offline protocol................................................3.636s
····Start:   Linear offline protocol
······Start:   Client preprocessing
······End:     Client preprocessing.................................................329.417ms
······Start:   Sending input
Writing.. 37756304
······End:     Sending input........................................................63.735ms
······Start:   Receiving Result
······End:     Receiving Result.....................................................3.238s
······Start:   Post-processing
······End:     Post-processing......................................................12.577ms
····End:     Linear offline protocol................................................3.644s
····Start:   Linear offline protocol
······Start:   Client preprocessing
······End:     Client preprocessing.................................................328.708ms
······Start:   Sending input
Writing.. 37756304
······End:     Sending input........................................................63.597ms
······Start:   Receiving Result
······End:     Receiving Result.....................................................3.202s
······Start:   Post-processing
······End:     Post-processing......................................................12.516ms
····End:     Linear offline protocol................................................3.607s
····Start:   Linear offline protocol
······Start:   Client preprocessing
······End:     Client preprocessing.................................................326.345ms
······Start:   Sending input
Writing.. 37756304
······End:     Sending input........................................................64.46ms
······Start:   Receiving Result
······End:     Receiving Result.....................................................3.223s
······Start:   Post-processing
······End:     Post-processing......................................................12.467ms
····End:     Linear offline protocol................................................3.626s
····Start:   Linear offline protocol
······Start:   Client preprocessing
······End:     Client preprocessing.................................................329.218ms
······Start:   Sending input
Writing.. 37756304
······End:     Sending input........................................................62.213ms
······Start:   Receiving Result
······End:     Receiving Result.....................................................6.215s
······Start:   Post-processing
······End:     Post-processing......................................................24.921ms
····End:     Linear offline protocol................................................6.631s
····Start:   Linear offline protocol
······Start:   Client preprocessing
······End:     Client preprocessing.................................................152.301ms
······Start:   Sending input
Writing.. 18878156
······End:     Sending input........................................................30.596ms
······Start:   Receiving Result
······End:     Receiving Result.....................................................3.409s
······Start:   Post-processing
······End:     Post-processing......................................................6.264ms
····End:     Linear offline protocol................................................3.598s
····Start:   Linear offline protocol
······Start:   Client preprocessing
······End:     Client preprocessing.................................................153.666ms
······Start:   Sending input
Writing.. 18878156
······End:     Sending input........................................................26.594ms
······Start:   Receiving Result
······End:     Receiving Result.....................................................3.402s
······Start:   Post-processing
······End:     Post-processing......................................................7.396ms
····End:     Linear offline protocol................................................3.590s
····Start:   Linear offline protocol
······Start:   Client preprocessing
······End:     Client preprocessing.................................................152.357ms
······Start:   Sending input
Writing.. 18878156
······End:     Sending input........................................................30.361ms
······Start:   Receiving Result
······End:     Receiving Result.....................................................3.409s
······Start:   Post-processing
······End:     Post-processing......................................................7.107ms
····End:     Linear offline protocol................................................3.599s
····Start:   Linear offline protocol
······Start:   Client preprocessing
······End:     Client preprocessing.................................................151.293ms
······Start:   Sending input
Writing.. 18878156
······End:     Sending input........................................................26.688ms
······Start:   Receiving Result
······End:     Receiving Result.....................................................3.402s
······Start:   Post-processing
······End:     Post-processing......................................................6.908ms
····End:     Linear offline protocol................................................3.587s
····Start:   Linear offline protocol
······Start:   Client preprocessing
······End:     Client preprocessing.................................................155.867ms
······Start:   Sending input
Writing.. 18878156
······End:     Sending input........................................................26.692ms
······Start:   Receiving Result
······End:     Receiving Result.....................................................3.406s
······Start:   Post-processing
······End:     Post-processing......................................................9.762ms
····End:     Linear offline protocol................................................3.598s
····Start:   Linear offline protocol
······Start:   Client preprocessing
······End:     Client preprocessing.................................................158.811ms
······Start:   Sending input
Writing.. 18878156
······End:     Sending input........................................................26.965ms
······Start:   Receiving Result
······End:     Receiving Result.....................................................3.407s
······Start:   Post-processing
······End:     Post-processing......................................................9.263ms
····End:     Linear offline protocol................................................3.602s
····Start:   Linear offline protocol
······Start:   Client preprocessing
······End:     Client preprocessing.................................................156.901ms
······Start:   Sending input
Writing.. 18878156
······End:     Sending input........................................................30.782ms
······Start:   Receiving Result
······End:     Receiving Result.....................................................3.399s
······Start:   Post-processing
······End:     Post-processing......................................................8.632ms
····End:     Linear offline protocol................................................3.596s
····Start:   Linear offline protocol
······Start:   Client preprocessing
······End:     Client preprocessing.................................................151.712ms
······Start:   Sending input
Writing.. 18878156
······End:     Sending input........................................................26.567ms
······Start:   Receiving Result
······End:     Receiving Result.....................................................3.405s
······Start:   Post-processing
······End:     Post-processing......................................................6.297ms
····End:     Linear offline protocol................................................3.589s
····Start:   Linear offline protocol
······Start:   Client preprocessing
······End:     Client preprocessing.................................................153.421ms
······Start:   Sending input
Writing.. 18878156
······End:     Sending input........................................................28.386ms
······Start:   Receiving Result
······End:     Receiving Result.....................................................3.397s
······Start:   Post-processing
······End:     Post-processing......................................................9.259ms
····End:     Linear offline protocol................................................3.588s
····Start:   Linear offline protocol
······Start:   Client preprocessing
······End:     Client preprocessing.................................................152.136ms
······Start:   Sending input
Writing.. 18878156
······End:     Sending input........................................................28.203ms
······Start:   Receiving Result
······End:     Receiving Result.....................................................6.883s
······Start:   Post-processing
······End:     Post-processing......................................................12.206ms
····End:     Linear offline protocol................................................7.75s
····Start:   Linear offline protocol
······Start:   Client preprocessing
······End:     Client preprocessing.................................................73.63ms
······Start:   Sending input
Writing.. 9439082
······End:     Sending input........................................................14.23ms
······Start:   Receiving Result
······End:     Receiving Result.....................................................3.740s
······Start:   Post-processing
······End:     Post-processing......................................................6.874ms
····End:     Linear offline protocol................................................3.834s
····Start:   Linear offline protocol
······Start:   Client preprocessing
······End:     Client preprocessing.................................................73.779ms
······Start:   Sending input
Writing.. 9439082
······End:     Sending input........................................................14.149ms
······Start:   Receiving Result
······End:     Receiving Result.....................................................3.734s
······Start:   Post-processing
······End:     Post-processing......................................................6.615ms
····End:     Linear offline protocol................................................3.828s
····Start:   Linear offline protocol
······Start:   Client preprocessing
······End:     Client preprocessing.................................................72.999ms
······Start:   Sending input
Writing.. 9439082
······End:     Sending input........................................................13.860ms
······Start:   Receiving Result
······End:     Receiving Result.....................................................3.749s
······Start:   Post-processing
······End:     Post-processing......................................................6.872ms
····End:     Linear offline protocol................................................3.843s
····Start:   Linear offline protocol
······Start:   Client preprocessing
······End:     Client preprocessing.................................................73.43ms
······Start:   Sending input
Writing.. 9439082
······End:     Sending input........................................................18.821ms
······Start:   Receiving Result
······End:     Receiving Result.....................................................3.739s
······Start:   Post-processing
······End:     Post-processing......................................................6.958ms
····End:     Linear offline protocol................................................3.838s
····Start:   Linear offline protocol
······Start:   Client preprocessing
······End:     Client preprocessing.................................................74.429ms
······Start:   Sending input
Writing.. 9439082
······End:     Sending input........................................................14.154ms
······Start:   Receiving Result
······End:     Receiving Result.....................................................3.752s
······Start:   Post-processing
······End:     Post-processing......................................................6.901ms
····End:     Linear offline protocol................................................3.847s
····Start:   Linear offline protocol
······Start:   Client preprocessing
······End:     Client preprocessing.................................................73.112ms
······Start:   Sending input
Writing.. 9439082
······End:     Sending input........................................................13.967ms
······Start:   Receiving Result
······End:     Receiving Result.....................................................3.739s
······Start:   Post-processing
······End:     Post-processing......................................................6.411ms
····End:     Linear offline protocol................................................3.832s
····Start:   Linear offline protocol
······Start:   Client preprocessing
······End:     Client preprocessing.................................................72.959ms
······Start:   Sending input
Writing.. 9439082
······End:     Sending input........................................................14.61ms
······Start:   Receiving Result
······End:     Receiving Result.....................................................3.757s
······Start:   Post-processing
······End:     Post-processing......................................................6.938ms
····End:     Linear offline protocol................................................3.851s
····Start:   Linear offline protocol
······Start:   Client preprocessing
······End:     Client preprocessing.................................................73.186ms
······Start:   Sending input
Writing.. 9439082
······End:     Sending input........................................................14.46ms
······Start:   Receiving Result
······End:     Receiving Result.....................................................3.748s
······Start:   Post-processing
······End:     Post-processing......................................................6.945ms
····End:     Linear offline protocol................................................3.843s
····Start:   Linear offline protocol
······Start:   Client preprocessing
······End:     Client preprocessing.................................................73.307ms
······Start:   Sending input
Writing.. 9439082
······End:     Sending input........................................................13.932ms
······Start:   Receiving Result
······End:     Receiving Result.....................................................3.741s
······Start:   Post-processing
······End:     Post-processing......................................................6.938ms
····End:     Linear offline protocol................................................3.835s
····Start:   Linear offline protocol
······Start:   Client preprocessing
······End:     Client preprocessing.................................................4.15ms
······Start:   Sending input
Writing.. 524401
······End:     Sending input........................................................1.687ms
······Start:   Receiving Result
······End:     Receiving Result.....................................................1.795s
······Start:   Post-processing
······End:     Post-processing......................................................5.237ms
····End:     Linear offline protocol................................................1.806s
··End:     Linear layers offline phase..............................................120.60s
··Start:   ReLU layers offline phase with 1212416 ReLUs
····Start:   ReLU offline protocol
······Start:   Receiving GCs
······End:     Receiving GCs........................................................60.617s
······Start:   OTs
BASE-OT.0: Receiver to Sender.. 4096
EXT-OT.0 : Receiver to Sender.. 814743552
······End:     OTs..................................................................5.32s
SIZE OF LABELS: 1629487104
····End:     ReLU offline protocol..................................................65.898s
··End:     ReLU layers offline phase with 1212416 ReLUs.............................67.203s
··Start:   Approx layers offline phase with 0 approximations
··End:     Approx layers offline phase with 0 approximations........................310ns
End:     Client offline phase.......................................................187.264s
Start:   Client online phase
··Start:   Linear layer
····Start:   Linear online protocol
Writing.. 110633
····End:     Linear online protocol.................................................1.415ms
··End:     Linear layer.............................................................1.892ms
··Start:   ReLU layer
····Start:   ReLU online protocol
······Start:   Receiving inputs
······End:     Receiving inputs.....................................................286.162ms
······Start:   Evaluating GCs
······End:     Evaluating GCs.......................................................1.160s
····End:     ReLU online protocol...................................................1.446s
··End:     ReLU layer...............................................................1.563s
··Start:   Linear layer
····Start:   Linear online protocol
Writing.. 589865
····End:     Linear online protocol.................................................1.896ms
··End:     Linear layer.............................................................2.149ms
··Start:   ReLU layer
····Start:   ReLU online protocol
······Start:   Receiving inputs
······End:     Receiving inputs.....................................................170.340ms
······Start:   Evaluating GCs
······End:     Evaluating GCs.......................................................1.153s
····End:     ReLU online protocol...................................................1.324s
··End:     ReLU layer...............................................................1.449s
··Start:   Linear layer
····Start:   Linear online protocol
Writing.. 589865
····End:     Linear online protocol.................................................1.967ms
··End:     Linear layer.............................................................2.212ms
··Start:   ReLU layer
····Start:   ReLU online protocol
······Start:   Receiving inputs
······End:     Receiving inputs.....................................................180.20ms
······Start:   Evaluating GCs
······End:     Evaluating GCs.......................................................1.155s
····End:     ReLU online protocol...................................................1.335s
··End:     ReLU layer...............................................................1.463s
··Start:   Linear layer
····Start:   Linear online protocol
Writing.. 589865
····End:     Linear online protocol.................................................1.915ms
··End:     Linear layer.............................................................2.178ms
··Start:   ReLU layer
····Start:   ReLU online protocol
······Start:   Receiving inputs
······End:     Receiving inputs.....................................................164.845ms
······Start:   Evaluating GCs
······End:     Evaluating GCs.......................................................1.154s
····End:     ReLU online protocol...................................................1.319s
··End:     ReLU layer...............................................................1.442s
··Start:   Linear layer
····Start:   Linear online protocol
Writing.. 589865
····End:     Linear online protocol.................................................1.768ms
··End:     Linear layer.............................................................2.35ms
··Start:   ReLU layer
····Start:   ReLU online protocol
······Start:   Receiving inputs
······End:     Receiving inputs.....................................................155.478ms
······Start:   Evaluating GCs
······End:     Evaluating GCs.......................................................1.187s
····End:     ReLU online protocol...................................................1.342s
··End:     ReLU layer...............................................................1.469s
··Start:   Linear layer
····Start:   Linear online protocol
Writing.. 589865
····End:     Linear online protocol.................................................1.829ms
··End:     Linear layer.............................................................2.101ms
··Start:   ReLU layer
····Start:   ReLU online protocol
······Start:   Receiving inputs
······End:     Receiving inputs.....................................................195.509ms
······Start:   Evaluating GCs
······End:     Evaluating GCs.......................................................1.240s
····End:     ReLU online protocol...................................................1.436s
··End:     ReLU layer...............................................................1.561s
··Start:   Linear layer
····Start:   Linear online protocol
Writing.. 589865
····End:     Linear online protocol.................................................1.876ms
··End:     Linear layer.............................................................2.238ms
··Start:   ReLU layer
····Start:   ReLU online protocol
······Start:   Receiving inputs
······End:     Receiving inputs.....................................................196.115ms
······Start:   Evaluating GCs
······End:     Evaluating GCs.......................................................1.297s
····End:     ReLU online protocol...................................................1.493s
··End:     ReLU layer...............................................................1.618s
··Start:   Linear layer
····Start:   Linear online protocol
Writing.. 589865
····End:     Linear online protocol.................................................1.756ms
··End:     Linear layer.............................................................1.986ms
··Start:   ReLU layer
····Start:   ReLU online protocol
······Start:   Receiving inputs
······End:     Receiving inputs.....................................................192.395ms
······Start:   Evaluating GCs
······End:     Evaluating GCs.......................................................1.392s
····End:     ReLU online protocol...................................................1.584s
··End:     ReLU layer...............................................................1.709s
··Start:   Linear layer
····Start:   Linear online protocol
Writing.. 589865
····End:     Linear online protocol.................................................1.739ms
··End:     Linear layer.............................................................1.998ms
··Start:   ReLU layer
····Start:   ReLU online protocol
······Start:   Receiving inputs
······End:     Receiving inputs.....................................................190.198ms
······Start:   Evaluating GCs
······End:     Evaluating GCs.......................................................1.386s
····End:     ReLU online protocol...................................................1.576s
··End:     ReLU layer...............................................................1.706s
··Start:   Linear layer
····Start:   Linear online protocol
Writing.. 589865
····End:     Linear online protocol.................................................1.920ms
··End:     Linear layer.............................................................2.167ms
··Start:   ReLU layer
····Start:   ReLU online protocol
······Start:   Receiving inputs
······End:     Receiving inputs.....................................................193.581ms
······Start:   Evaluating GCs
······End:     Evaluating GCs.......................................................1.350s
····End:     ReLU online protocol...................................................1.543s
··End:     ReLU layer...............................................................1.668s
··Start:   Linear layer
····Start:   Linear online protocol
Writing.. 589865
····End:     Linear online protocol.................................................1.584ms
··End:     Linear layer.............................................................1.821ms
··Start:   ReLU layer
····Start:   ReLU online protocol
······Start:   Receiving inputs
······End:     Receiving inputs.....................................................198.660ms
······Start:   Evaluating GCs
······End:     Evaluating GCs.......................................................1.331s
····End:     ReLU online protocol...................................................1.530s
··End:     ReLU layer...............................................................1.658s
··Start:   Linear layer
····Start:   Linear online protocol
Writing.. 589865
····End:     Linear online protocol.................................................1.913ms
··End:     Linear layer.............................................................2.49ms
··Start:   ReLU layer
····Start:   ReLU online protocol
······Start:   Receiving inputs
······End:     Receiving inputs.....................................................84.770ms
······Start:   Evaluating GCs
······End:     Evaluating GCs.......................................................611.74ms
····End:     ReLU online protocol...................................................695.970ms
··End:     ReLU layer...............................................................766.15ms
··Start:   Linear layer
····Start:   Linear online protocol
Writing.. 294953
····End:     Linear online protocol.................................................1.629ms
··End:     Linear layer.............................................................1.780ms
··Start:   ReLU layer
····Start:   ReLU online protocol
······Start:   Receiving inputs
······End:     Receiving inputs.....................................................94.749ms
······Start:   Evaluating GCs
······End:     Evaluating GCs.......................................................640.529ms
····End:     ReLU online protocol...................................................735.434ms
··End:     ReLU layer...............................................................806.296ms
··Start:   Linear layer
····Start:   Linear online protocol
Writing.. 294953
····End:     Linear online protocol.................................................1.724ms
··End:     Linear layer.............................................................1.960ms
··Start:   ReLU layer
····Start:   ReLU online protocol
······Start:   Receiving inputs
······End:     Receiving inputs.....................................................99.158ms
······Start:   Evaluating GCs
······End:     Evaluating GCs.......................................................623.897ms
····End:     ReLU online protocol...................................................723.172ms
··End:     ReLU layer...............................................................791.375ms
··Start:   Linear layer
····Start:   Linear online protocol
Writing.. 294953
····End:     Linear online protocol.................................................1.677ms
··End:     Linear layer.............................................................1.814ms
··Start:   ReLU layer
····Start:   ReLU online protocol
······Start:   Receiving inputs
······End:     Receiving inputs.....................................................105.950ms
······Start:   Evaluating GCs
······End:     Evaluating GCs.......................................................610.75ms
····End:     ReLU online protocol...................................................716.155ms
··End:     ReLU layer...............................................................781.965ms
··Start:   Linear layer
····Start:   Linear online protocol
Writing.. 294953
····End:     Linear online protocol.................................................1.440ms
··End:     Linear layer.............................................................1.573ms
··Start:   ReLU layer
····Start:   ReLU online protocol
······Start:   Receiving inputs
······End:     Receiving inputs.....................................................95.415ms
······Start:   Evaluating GCs
······End:     Evaluating GCs.......................................................626.15ms
····End:     ReLU online protocol...................................................721.544ms
··End:     ReLU layer...............................................................791.175ms
··Start:   Linear layer
····Start:   Linear online protocol
Writing.. 294953
····End:     Linear online protocol.................................................1.479ms
··End:     Linear layer.............................................................1.618ms
··Start:   ReLU layer
····Start:   ReLU online protocol
······Start:   Receiving inputs
······End:     Receiving inputs.....................................................154.589ms
······Start:   Evaluating GCs
······End:     Evaluating GCs.......................................................591.981ms
····End:     ReLU online protocol...................................................746.698ms
··End:     ReLU layer...............................................................815.210ms
··Start:   Linear layer
····Start:   Linear online protocol
Writing.. 294953
····End:     Linear online protocol.................................................1.421ms
··End:     Linear layer.............................................................1.561ms
··Start:   ReLU layer
····Start:   ReLU online protocol
······Start:   Receiving inputs
······End:     Receiving inputs.....................................................151.768ms
······Start:   Evaluating GCs
······End:     Evaluating GCs.......................................................615.69ms
····End:     ReLU online protocol...................................................766.956ms
··End:     ReLU layer...............................................................835.720ms
··Start:   Linear layer
····Start:   Linear online protocol
Writing.. 294953
····End:     Linear online protocol.................................................1.588ms
··End:     Linear layer.............................................................1.714ms
··Start:   ReLU layer
····Start:   ReLU online protocol
······Start:   Receiving inputs
······End:     Receiving inputs.....................................................120.100ms
······Start:   Evaluating GCs
······End:     Evaluating GCs.......................................................691.313ms
····End:     ReLU online protocol...................................................811.552ms
··End:     ReLU layer...............................................................881.420ms
··Start:   Linear layer
····Start:   Linear online protocol
Writing.. 294953
····End:     Linear online protocol.................................................1.452ms
··End:     Linear layer.............................................................1.588ms
··Start:   ReLU layer
····Start:   ReLU online protocol
······Start:   Receiving inputs
······End:     Receiving inputs.....................................................155.175ms
······Start:   Evaluating GCs
······End:     Evaluating GCs.......................................................688.636ms
····End:     ReLU online protocol...................................................844.198ms
··End:     ReLU layer...............................................................910.873ms
··Start:   Linear layer
····Start:   Linear online protocol
Writing.. 294953
····End:     Linear online protocol.................................................1.617ms
··End:     Linear layer.............................................................1.757ms
··Start:   ReLU layer
····Start:   ReLU online protocol
······Start:   Receiving inputs
······End:     Receiving inputs.....................................................167.644ms
······Start:   Evaluating GCs
······End:     Evaluating GCs.......................................................699.937ms
····End:     ReLU online protocol...................................................867.714ms
··End:     ReLU layer...............................................................940.846ms
··Start:   Linear layer
····Start:   Linear online protocol
Writing.. 294953
····End:     Linear online protocol.................................................1.329ms
··End:     Linear layer.............................................................1.420ms
··Start:   ReLU layer
····Start:   ReLU online protocol
······Start:   Receiving inputs
······End:     Receiving inputs.....................................................128.472ms
······Start:   Evaluating GCs
······End:     Evaluating GCs.......................................................348.770ms
····End:     ReLU online protocol...................................................477.370ms
··End:     ReLU layer...............................................................507.590ms
··Start:   Linear layer
····Start:   Linear online protocol
Writing.. 147497
····End:     Linear online protocol.................................................1.566ms
··End:     Linear layer.............................................................1.666ms
··Start:   ReLU layer
····Start:   ReLU online protocol
······Start:   Receiving inputs
······End:     Receiving inputs.....................................................90.288ms
······Start:   Evaluating GCs
······End:     Evaluating GCs.......................................................349.233ms
····End:     ReLU online protocol...................................................439.654ms
··End:     ReLU layer...............................................................470.752ms
··Start:   Linear layer
····Start:   Linear online protocol
Writing.. 147497
····End:     Linear online protocol.................................................1.546ms
··End:     Linear layer.............................................................1.658ms
··Start:   ReLU layer
····Start:   ReLU online protocol
······Start:   Receiving inputs
······End:     Receiving inputs.....................................................82.401ms
······Start:   Evaluating GCs
······End:     Evaluating GCs.......................................................407.734ms
····End:     ReLU online protocol...................................................490.240ms
··End:     ReLU layer...............................................................521.172ms
··Start:   Linear layer
····Start:   Linear online protocol
Writing.. 147497
····End:     Linear online protocol.................................................1.461ms
··End:     Linear layer.............................................................1.567ms
··Start:   ReLU layer
····Start:   ReLU online protocol
······Start:   Receiving inputs
······End:     Receiving inputs.....................................................71.105ms
······Start:   Evaluating GCs
······End:     Evaluating GCs.......................................................408.798ms
····End:     ReLU online protocol...................................................480.25ms
··End:     ReLU layer...............................................................510.768ms
··Start:   Linear layer
····Start:   Linear online protocol
Writing.. 147497
····End:     Linear online protocol.................................................1.315ms
··End:     Linear layer.............................................................1.402ms
··Start:   ReLU layer
····Start:   ReLU online protocol
······Start:   Receiving inputs
······End:     Receiving inputs.....................................................82.771ms
······Start:   Evaluating GCs
······End:     Evaluating GCs.......................................................407.81ms
····End:     ReLU online protocol...................................................489.970ms
··End:     ReLU layer...............................................................520.828ms
··Start:   Linear layer
····Start:   Linear online protocol
Writing.. 147497
····End:     Linear online protocol.................................................1.420ms
··End:     Linear layer.............................................................1.540ms
··Start:   ReLU layer
····Start:   ReLU online protocol
······Start:   Receiving inputs
······End:     Receiving inputs.....................................................578.41ms
······Start:   Evaluating GCs
······End:     Evaluating GCs.......................................................412.227ms
····End:     ReLU online protocol...................................................990.371ms
··End:     ReLU layer...............................................................1.21s
··Start:   Linear layer
····Start:   Linear online protocol
Writing.. 147497
····End:     Linear online protocol.................................................1.162ms
··End:     Linear layer.............................................................1.243ms
··Start:   ReLU layer
····Start:   ReLU online protocol
······Start:   Receiving inputs
······End:     Receiving inputs.....................................................397.541ms
······Start:   Evaluating GCs
······End:     Evaluating GCs.......................................................411.203ms
····End:     ReLU online protocol...................................................808.871ms
··End:     ReLU layer...............................................................839.721ms
··Start:   Linear layer
····Start:   Linear online protocol
Writing.. 147497
····End:     Linear online protocol.................................................906.428µs
··End:     Linear layer.............................................................985.778µs
··Start:   ReLU layer
····Start:   ReLU online protocol
······Start:   Receiving inputs
······End:     Receiving inputs.....................................................93.663ms
······Start:   Evaluating GCs
······End:     Evaluating GCs.......................................................411.22ms
····End:     ReLU online protocol...................................................504.800ms
··End:     ReLU layer...............................................................539.849ms
··Start:   Linear layer
····Start:   Linear online protocol
Writing.. 147497
····End:     Linear online protocol.................................................1.661ms
··End:     Linear layer.............................................................1.783ms
··Start:   ReLU layer
····Start:   ReLU online protocol
······Start:   Receiving inputs
······End:     Receiving inputs.....................................................78.322ms
······Start:   Evaluating GCs
······End:     Evaluating GCs.......................................................406.952ms
····End:     ReLU online protocol...................................................485.401ms
··End:     ReLU layer...............................................................519.192ms
··Start:   Linear layer
····Start:   Linear online protocol
Writing.. 147497
····End:     Linear online protocol.................................................1.273ms
··End:     Linear layer.............................................................1.354ms
··Start:   ReLU layer
····Start:   ReLU online protocol
······Start:   Receiving inputs
······End:     Receiving inputs.....................................................91.570ms
······Start:   Evaluating GCs
······End:     Evaluating GCs.......................................................412.630ms
····End:     ReLU online protocol...................................................504.312ms
··End:     ReLU layer...............................................................534.770ms
··Start:   Linear layer
····Start:   Linear online protocol
Should be printed during AvgPool
····End:     Linear online protocol.................................................322.266µs
··End:     Linear layer.............................................................370.295µs
··Start:   Linear layer
····Start:   Linear online protocol
Writing.. 36905
····End:     Linear online protocol.................................................499.203µs
··End:     Linear layer.............................................................513.663µs
End:     Client online phase........................................................32.31s
StartMsg: Offline Communication
  
  Read 22415434847 bytes
  Wrote 1546944376 bytes

EndMsg: Offline Communication
StartMsg: Online Communication
  
  Read 1435502889 bytes
  Wrote 10913312 bytes

EndMsg: Online Communication
