fc input dims = (1, 512, 2, 2)
Layer dim: (1, 3, 64, 64) true
Layer dim: (1, 64, 64, 64) false
Layer dim: (1, 64, 64, 64) true
Layer dim: (1, 64, 64, 64) false
Layer dim: (1, 64, 64, 64) true
Layer dim: (1, 64, 32, 32) true
Layer dim: (1, 128, 32, 32) false
Layer dim: (1, 128, 32, 32) true
Layer dim: (1, 128, 32, 32) false
Layer dim: (1, 128, 32, 32) true
Layer dim: (1, 128, 16, 16) true
Layer dim: (1, 256, 16, 16) false
Layer dim: (1, 256, 16, 16) true
Layer dim: (1, 256, 16, 16) false
Layer dim: (1, 256, 16, 16) true
Layer dim: (1, 256, 16, 16) false
Layer dim: (1, 256, 16, 16) true
Layer dim: (1, 256, 8, 8) true
Layer dim: (1, 512, 8, 8) false
Layer dim: (1, 512, 8, 8) true
Layer dim: (1, 512, 8, 8) false
Layer dim: (1, 512, 8, 8) true
Layer dim: (1, 512, 8, 8) false
Layer dim: (1, 512, 8, 8) true
Layer dim: (1, 512, 4, 4) true
Layer dim: (1, 512, 4, 4) false
Layer dim: (1, 512, 4, 4) true
Layer dim: (1, 512, 4, 4) false
Layer dim: (1, 512, 4, 4) true
Layer dim: (1, 512, 4, 4) false
Layer dim: (1, 512, 4, 4) true
Layer dim: (1, 512, 2, 2) true
Layer dim: (1, 4096, 1, 1) false
Layer dim: (1, 4096, 1, 1) true
Layer dim: (1, 4096, 1, 1) false
Layer dim: (1, 4096, 1, 1) true
Start:   Generating keys
End:     Generating keys............................................................329.634ms
Start:   Sending keys
Writing.. 33180308
End:     Sending keys...............................................................51.924ms
Start:   Client offline phase
··Start:   Linear layers offline phase
····Start:   Linear offline protocol
······Start:   Client preprocessing
······End:     Client preprocessing.................................................83.415ms
······Start:   Sending input
Writing.. 9439082
······End:     Sending input........................................................14.515ms
······Start:   Receiving Result
······End:     Receiving Result.....................................................3.633s
······Start:   Post-processing
······End:     Post-processing......................................................51.544ms
····End:     Linear offline protocol................................................3.783s
····Start:   Linear offline protocol
······Start:   Client preprocessing
······End:     Client preprocessing.................................................1.417s
······Start:   Sending input
Writing.. 151025180
······End:     Sending input........................................................463.955ms
······Start:   Receiving Result
······End:     Receiving Result.....................................................52.85s
······Start:   Post-processing
······End:     Post-processing......................................................52.465ms
····End:     Linear offline protocol................................................54.19s
····Start:   Linear offline protocol
······Start:   Client preprocessing
······End:     Client preprocessing.................................................338.871ms
······Start:   Sending input
Writing.. 37756304
······End:     Sending input........................................................64.818ms
······Start:   Receiving Result
······End:     Receiving Result.....................................................27.895s
······Start:   Post-processing
······End:     Post-processing......................................................26.216ms
····End:     Linear offline protocol................................................28.325s
····Start:   Linear offline protocol
······Start:   Client preprocessing
······End:     Client preprocessing.................................................706.661ms
······Start:   Sending input
Writing.. 75512600
······End:     Sending input........................................................120.775ms
······Start:   Receiving Result
······End:     Receiving Result.....................................................55.881s
······Start:   Post-processing
······End:     Post-processing......................................................25.523ms
····End:     Linear offline protocol................................................56.734s
····Start:   Linear offline protocol
······Start:   Client preprocessing
······End:     Client preprocessing.................................................158.226ms
······Start:   Sending input
Writing.. 18878156
······End:     Sending input........................................................30.7ms
······Start:   Receiving Result
······End:     Receiving Result.....................................................30.511s
······Start:   Post-processing
······End:     Post-processing......................................................12.541ms
····End:     Linear offline protocol................................................30.712s
····Start:   Linear offline protocol
······Start:   Client preprocessing
······End:     Client preprocessing.................................................325.302ms
······Start:   Sending input
Writing.. 37756304
······End:     Sending input........................................................60.959ms
······Start:   Receiving Result
······End:     Receiving Result.....................................................61.162s
······Start:   Post-processing
······End:     Post-processing......................................................15.596ms
····End:     Linear offline protocol................................................61.564s
····Start:   Linear offline protocol
······Start:   Client preprocessing
······End:     Client preprocessing.................................................337.629ms
······Start:   Sending input
Writing.. 37756304
······End:     Sending input........................................................61.186ms
······Start:   Receiving Result
······End:     Receiving Result.....................................................61.174s
······Start:   Post-processing
······End:     Post-processing......................................................12.679ms
····End:     Linear offline protocol................................................61.586s
····Start:   Linear offline protocol
······Start:   Client preprocessing
······End:     Client preprocessing.................................................75.204ms
······Start:   Sending input
Writing.. 9439082
······End:     Sending input........................................................13.842ms
······Start:   Receiving Result
······End:     Receiving Result.....................................................33.344s
······Start:   Post-processing
······End:     Post-processing......................................................6.819ms
····End:     Linear offline protocol................................................33.440s
····Start:   Linear offline protocol
······Start:   Client preprocessing
······End:     Client preprocessing.................................................164.317ms
······Start:   Sending input
Writing.. 18878156
······End:     Sending input........................................................29.767ms
······Start:   Receiving Result
······End:     Receiving Result.....................................................66.676s
······Start:   Post-processing
······End:     Post-processing......................................................6.367ms
····End:     Linear offline protocol................................................66.876s
····Start:   Linear offline protocol
······Start:   Client preprocessing
······End:     Client preprocessing.................................................154.151ms
······Start:   Sending input
Writing.. 18878156
······End:     Sending input........................................................26.401ms
······Start:   Receiving Result
······End:     Receiving Result.....................................................66.761s
······Start:   Post-processing
······End:     Post-processing......................................................7.672ms
····End:     Linear offline protocol................................................66.950s
····Start:   Linear offline protocol
······Start:   Client preprocessing
······End:     Client preprocessing.................................................36.319ms
······Start:   Sending input
Writing.. 4719545
······End:     Sending input........................................................7.309ms
······Start:   Receiving Result
······End:     Receiving Result.....................................................18.55s
······Start:   Post-processing
······End:     Post-processing......................................................3.541ms
····End:     Linear offline protocol................................................18.103s
····Start:   Linear offline protocol
······Start:   Client preprocessing
······End:     Client preprocessing.................................................38.186ms
······Start:   Sending input
Writing.. 4719545
······End:     Sending input........................................................7.360ms
······Start:   Receiving Result
······End:     Receiving Result.....................................................17.978s
······Start:   Post-processing
······End:     Post-processing......................................................3.548ms
····End:     Linear offline protocol................................................18.27s
····Start:   Linear offline protocol
······Start:   Client preprocessing
······End:     Client preprocessing.................................................38.625ms
······Start:   Sending input
Writing.. 4719545
······End:     Sending input........................................................7.444ms
······Start:   Receiving Result
······End:     Receiving Result.....................................................18.7s
······Start:   Post-processing
······End:     Post-processing......................................................3.564ms
····End:     Linear offline protocol................................................18.57s
····Start:   Linear offline protocol
······Start:   Client preprocessing
······End:     Client preprocessing.................................................8.609ms
······Start:   Sending input
Writing.. 524401
······End:     Sending input........................................................2.193ms
······Start:   Receiving Result
······End:     Receiving Result.....................................................18.766s
······Start:   Post-processing
······End:     Post-processing......................................................3.655ms
····End:     Linear offline protocol................................................18.781s
····Start:   Linear offline protocol
······Start:   Client preprocessing
······End:     Client preprocessing.................................................6.278ms
······Start:   Sending input
Writing.. 524401
······End:     Sending input........................................................2.198ms
······Start:   Receiving Result
······End:     Receiving Result.....................................................40.111s
······Start:   Post-processing
······End:     Post-processing......................................................3.792ms
····End:     Linear offline protocol................................................40.123s
····Start:   Linear offline protocol
······Start:   Client preprocessing
······End:     Client preprocessing.................................................6.519ms
······Start:   Sending input
Writing.. 524401
······End:     Sending input........................................................1.842ms
······Start:   Receiving Result
······End:     Receiving Result.....................................................1.865s
······Start:   Post-processing
······End:     Post-processing......................................................3.332ms
····End:     Linear offline protocol................................................1.877s
··End:     Linear layers offline phase..............................................578.994s
··Start:   ReLU layers offline phase with 1114112 ReLUs
····Start:   ReLU offline protocol
······Start:   Receiving GCs
······End:     Receiving GCs........................................................54.219s
······Start:   OTs
BASE-OT.0: Receiver to Sender.. 4096
EXT-OT.0 : Receiver to Sender.. 748683264
······End:     OTs..................................................................4.402s
SIZE OF LABELS: 1497366528
····End:     ReLU offline protocol..................................................58.830s
··End:     ReLU layers offline phase with 1114112 ReLUs.............................59.664s
··Start:   Approx layers offline phase with 0 approximations
··End:     Approx layers offline phase with 0 approximations........................350ns
End:     Client offline phase.......................................................638.659s
Start:   Client online phase
··Start:   Linear layer
····Start:   Linear online protocol
Writing.. 110633
····End:     Linear online protocol.................................................994.497µs
··End:     Linear layer.............................................................2.627ms
··Start:   ReLU layer
····Start:   ReLU online protocol
······Start:   Receiving inputs
······End:     Receiving inputs.....................................................980.473ms
······Start:   Evaluating GCs
······End:     Evaluating GCs.......................................................4.465s
····End:     ReLU online protocol...................................................5.446s
··End:     ReLU layer...............................................................5.795s
··Start:   Linear layer
····Start:   Linear online protocol
Writing.. 2359337
····End:     Linear online protocol.................................................3.27ms
··End:     Linear layer.............................................................3.977ms
··Start:   ReLU layer
····Start:   ReLU online protocol
······Start:   Receiving inputs
······End:     Receiving inputs.....................................................813.155ms
······Start:   Evaluating GCs
······End:     Evaluating GCs.......................................................4.411s
····End:     ReLU online protocol...................................................5.224s
··End:     ReLU layer...............................................................5.613s
··Start:   Linear layer
····Start:   Linear online protocol
Should be printed during AvgPool
····End:     Linear online protocol.................................................3.270ms
··End:     Linear layer.............................................................3.668ms
··Start:   Linear layer
····Start:   Linear online protocol
Writing.. 589865
····End:     Linear online protocol.................................................1.545ms
··End:     Linear layer.............................................................1.950ms
··Start:   ReLU layer
····Start:   ReLU online protocol
······Start:   Receiving inputs
······End:     Receiving inputs.....................................................466.72ms
······Start:   Evaluating GCs
······End:     Evaluating GCs.......................................................2.234s
····End:     ReLU online protocol...................................................2.700s
··End:     ReLU layer...............................................................2.853s
··Start:   Linear layer
····Start:   Linear online protocol
Writing.. 1179689
····End:     Linear online protocol.................................................2.71ms
··End:     Linear layer.............................................................2.511ms
··Start:   ReLU layer
····Start:   ReLU online protocol
······Start:   Receiving inputs
······End:     Receiving inputs.....................................................463.570ms
······Start:   Evaluating GCs
······End:     Evaluating GCs.......................................................2.239s
····End:     ReLU online protocol...................................................2.703s
··End:     ReLU layer...............................................................2.865s
··Start:   Linear layer
····Start:   Linear online protocol
Should be printed during AvgPool
····End:     Linear online protocol.................................................1.931ms
··End:     Linear layer.............................................................2.154ms
··Start:   Linear layer
····Start:   Linear online protocol
Writing.. 294953
····End:     Linear online protocol.................................................1.517ms
··End:     Linear layer.............................................................1.734ms
··Start:   ReLU layer
····Start:   ReLU online protocol
······Start:   Receiving inputs
······End:     Receiving inputs.....................................................278.379ms
······Start:   Evaluating GCs
······End:     Evaluating GCs.......................................................1.140s
····End:     ReLU online protocol...................................................1.418s
··End:     ReLU layer...............................................................1.476s
··Start:   Linear layer
····Start:   Linear online protocol
Writing.. 589865
····End:     Linear online protocol.................................................1.771ms
··End:     Linear layer.............................................................2.26ms
··Start:   ReLU layer
····Start:   ReLU online protocol
······Start:   Receiving inputs
······End:     Receiving inputs.....................................................251.284ms
······Start:   Evaluating GCs
······End:     Evaluating GCs.......................................................1.250s
····End:     ReLU online protocol...................................................1.502s
··End:     ReLU layer...............................................................1.572s
··Start:   Linear layer
····Start:   Linear online protocol
Writing.. 589865
····End:     Linear online protocol.................................................1.925ms
··End:     Linear layer.............................................................2.209ms
··Start:   ReLU layer
····Start:   ReLU online protocol
······Start:   Receiving inputs
······End:     Receiving inputs.....................................................715.833ms
······Start:   Evaluating GCs
······End:     Evaluating GCs.......................................................1.260s
····End:     ReLU online protocol...................................................1.976s
··End:     ReLU layer...............................................................2.38s
··Start:   Linear layer
····Start:   Linear online protocol
Should be printed during AvgPool
····End:     Linear online protocol.................................................1.218ms
··End:     Linear layer.............................................................1.341ms
··Start:   Linear layer
····Start:   Linear online protocol
Writing.. 147497
····End:     Linear online protocol.................................................1.486ms
··End:     Linear layer.............................................................1.615ms
··Start:   ReLU layer
····Start:   ReLU online protocol
······Start:   Receiving inputs
······End:     Receiving inputs.....................................................280.726ms
······Start:   Evaluating GCs
······End:     Evaluating GCs.......................................................637.373ms
····End:     ReLU online protocol...................................................918.207ms
··End:     ReLU layer...............................................................965.569ms
··Start:   Linear layer
····Start:   Linear online protocol
Writing.. 294953
····End:     Linear online protocol.................................................1.623ms
··End:     Linear layer.............................................................1.808ms
··Start:   ReLU layer
····Start:   ReLU online protocol
······Start:   Receiving inputs
······End:     Receiving inputs.....................................................338.313ms
······Start:   Evaluating GCs
······End:     Evaluating GCs.......................................................558.978ms
····End:     ReLU online protocol...................................................897.404ms
··End:     ReLU layer...............................................................946.193ms
··Start:   Linear layer
····Start:   Linear online protocol
Writing.. 294953
····End:     Linear online protocol.................................................1.655ms
··End:     Linear layer.............................................................1.792ms
··Start:   ReLU layer
····Start:   ReLU online protocol
······Start:   Receiving inputs
······End:     Receiving inputs.....................................................178.611ms
······Start:   Evaluating GCs
······End:     Evaluating GCs.......................................................561.501ms
····End:     ReLU online protocol...................................................740.223ms
··End:     ReLU layer...............................................................788.310ms
··Start:   Linear layer
····Start:   Linear online protocol
Should be printed during AvgPool
····End:     Linear online protocol.................................................533.133µs
··End:     Linear layer.............................................................609.432µs
··Start:   Linear layer
····Start:   Linear online protocol
Writing.. 73769
····End:     Linear online protocol.................................................996.107µs
··End:     Linear layer.............................................................1.42ms
··Start:   ReLU layer
····Start:   ReLU online protocol
······Start:   Receiving inputs
······End:     Receiving inputs.....................................................68.365ms
······Start:   Evaluating GCs
······End:     Evaluating GCs.......................................................141.739ms
····End:     ReLU online protocol...................................................210.182ms
··End:     ReLU layer...............................................................224.617ms
··Start:   Linear layer
····Start:   Linear online protocol
Writing.. 73769
····End:     Linear online protocol.................................................1.150ms
··End:     Linear layer.............................................................1.201ms
··Start:   ReLU layer
····Start:   ReLU online protocol
······Start:   Receiving inputs
······End:     Receiving inputs.....................................................55.881ms
······Start:   Evaluating GCs
······End:     Evaluating GCs.......................................................141.954ms
····End:     ReLU online protocol...................................................197.924ms
··End:     ReLU layer...............................................................218.905ms
··Start:   Linear layer
····Start:   Linear online protocol
Writing.. 73769
····End:     Linear online protocol.................................................1.23ms
··End:     Linear layer.............................................................1.86ms
··Start:   ReLU layer
····Start:   ReLU online protocol
······Start:   Receiving inputs
······End:     Receiving inputs.....................................................78.982ms
······Start:   Evaluating GCs
······End:     Evaluating GCs.......................................................147.56ms
····End:     ReLU online protocol...................................................226.135ms
··End:     ReLU layer...............................................................244.225ms
··Start:   Linear layer
····Start:   Linear online protocol
Should be printed during AvgPool
····End:     Linear online protocol.................................................76.379µs
··End:     Linear layer.............................................................108.978µs
··Start:   Linear layer
····Start:   Linear online protocol
Writing.. 18473
····End:     Linear online protocol.................................................611.742µs
··End:     Linear layer.............................................................637.112µs
··Start:   ReLU layer
····Start:   ReLU online protocol
······Start:   Receiving inputs
······End:     Receiving inputs.....................................................89.39ms
······Start:   Evaluating GCs
······End:     Evaluating GCs.......................................................72.665ms
····End:     ReLU online protocol...................................................161.767ms
··End:     ReLU layer...............................................................171.593ms
··Start:   Linear layer
····Start:   Linear online protocol
Writing.. 36905
····End:     Linear online protocol.................................................642.782µs
··End:     Linear layer.............................................................669.782µs
··Start:   ReLU layer
····Start:   ReLU online protocol
······Start:   Receiving inputs
······End:     Receiving inputs.....................................................179.748ms
······Start:   Evaluating GCs
······End:     Evaluating GCs.......................................................71.275ms
····End:     ReLU online protocol...................................................251.75ms
··End:     ReLU layer...............................................................261.378ms
··Start:   Linear layer
····Start:   Linear online protocol
Writing.. 36905
····End:     Linear online protocol.................................................821.119µs
··End:     Linear layer.............................................................838.159µs
End:     Client online phase........................................................26.331s
StartMsg: Offline Communication
  
  Read 20589860442 bytes
  Wrote 1212919009 bytes

EndMsg: Offline Communication
StartMsg: Online Communication
  
  Read 1319110697 bytes
  Wrote 6765328 bytes

EndMsg: Online Communication
