fc input dims = (1, 512, 2, 2)
Layer dim: (1, 3, 64, 64) true
Layer dim: (1, 64, 64, 64) false
Layer dim: (1, 64, 64, 64) true
Layer dim: (1, 64, 64, 64) false
Layer dim: (1, 64, 64, 64) true
Layer dim: (1, 64, 32, 32) true
Layer dim: (1, 128, 32, 32) false
Layer dim: (1, 128, 32, 32) true
Layer dim: (1, 128, 32, 32) false
Layer dim: (1, 128, 32, 32) true
Layer dim: (1, 128, 16, 16) true
Layer dim: (1, 256, 16, 16) false
Layer dim: (1, 256, 16, 16) true
Layer dim: (1, 256, 16, 16) false
Layer dim: (1, 256, 16, 16) true
Layer dim: (1, 256, 16, 16) false
Layer dim: (1, 256, 16, 16) true
Layer dim: (1, 256, 8, 8) true
Layer dim: (1, 512, 8, 8) false
Layer dim: (1, 512, 8, 8) true
Layer dim: (1, 512, 8, 8) false
Layer dim: (1, 512, 8, 8) true
Layer dim: (1, 512, 8, 8) false
Layer dim: (1, 512, 8, 8) true
Layer dim: (1, 512, 4, 4) true
Layer dim: (1, 512, 4, 4) false
Layer dim: (1, 512, 4, 4) true
Layer dim: (1, 512, 4, 4) false
Layer dim: (1, 512, 4, 4) true
Layer dim: (1, 512, 4, 4) false
Layer dim: (1, 512, 4, 4) true
Layer dim: (1, 512, 2, 2) true
Layer dim: (1, 4096, 1, 1) false
Layer dim: (1, 4096, 1, 1) true
Layer dim: (1, 4096, 1, 1) false
Layer dim: (1, 4096, 1, 1) true
Start:   Generating keys
End:     Generating keys............................................................332.474ms
Start:   Sending keys
Writing.. 33180308
End:     Sending keys...............................................................51.575ms
Start:   Client offline phase
··Start:   Linear layers offline phase
····Start:   Linear offline protocol
······Start:   Client preprocessing
······End:     Client preprocessing.................................................82.740ms
······Start:   Sending input
Writing.. 9439082
······End:     Sending input........................................................14.535ms
······Start:   Receiving Result
······End:     Receiving Result.....................................................3.576s
······Start:   Post-processing
······End:     Post-processing......................................................51.580ms
····End:     Linear offline protocol................................................3.725s
····Start:   Linear offline protocol
······Start:   Client preprocessing
······End:     Client preprocessing.................................................1.406s
······Start:   Sending input
Writing.. 151025180
······End:     Sending input........................................................1.481s
······Start:   Receiving Result
······End:     Receiving Result.....................................................50.705s
······Start:   Post-processing
······End:     Post-processing......................................................51.979ms
····End:     Linear offline protocol................................................53.645s
····Start:   Linear offline protocol
······Start:   Client preprocessing
······End:     Client preprocessing.................................................327.661ms
······Start:   Sending input
Writing.. 37756304
······End:     Sending input........................................................60.115ms
······Start:   Receiving Result
······End:     Receiving Result.....................................................27.749s
······Start:   Post-processing
······End:     Post-processing......................................................26.61ms
····End:     Linear offline protocol................................................28.163s
····Start:   Linear offline protocol
······Start:   Client preprocessing
······End:     Client preprocessing.................................................668.375ms
······Start:   Sending input
Writing.. 75512600
······End:     Sending input........................................................118.759ms
······Start:   Receiving Result
······End:     Receiving Result.....................................................55.734s
······Start:   Post-processing
······End:     Post-processing......................................................26.376ms
····End:     Linear offline protocol................................................56.548s
····Start:   Linear offline protocol
······Start:   Client preprocessing
······End:     Client preprocessing.................................................155.9ms
······Start:   Sending input
Writing.. 18878156
······End:     Sending input........................................................29.757ms
······Start:   Receiving Result
······End:     Receiving Result.....................................................30.428s
······Start:   Post-processing
······End:     Post-processing......................................................12.567ms
····End:     Linear offline protocol................................................30.625s
····Start:   Linear offline protocol
······Start:   Client preprocessing
······End:     Client preprocessing.................................................323.81ms
······Start:   Sending input
Writing.. 37756304
······End:     Sending input........................................................61.46ms
······Start:   Receiving Result
······End:     Receiving Result.....................................................60.975s
······Start:   Post-processing
······End:     Post-processing......................................................12.614ms
····End:     Linear offline protocol................................................61.372s
····Start:   Linear offline protocol
······Start:   Client preprocessing
······End:     Client preprocessing.................................................321.793ms
······Start:   Sending input
Writing.. 37756304
······End:     Sending input........................................................60.93ms
······Start:   Receiving Result
······End:     Receiving Result.....................................................60.947s
······Start:   Post-processing
······End:     Post-processing......................................................12.640ms
····End:     Linear offline protocol................................................61.342s
····Start:   Linear offline protocol
······Start:   Client preprocessing
······End:     Client preprocessing.................................................77.981ms
······Start:   Sending input
Writing.. 9439082
······End:     Sending input........................................................13.887ms
······Start:   Receiving Result
······End:     Receiving Result.....................................................33.185s
······Start:   Post-processing
······End:     Post-processing......................................................8.180ms
····End:     Linear offline protocol................................................33.285s
····Start:   Linear offline protocol
······Start:   Client preprocessing
······End:     Client preprocessing.................................................153.930ms
······Start:   Sending input
Writing.. 18878156
······End:     Sending input........................................................28.422ms
······Start:   Receiving Result
······End:     Receiving Result.....................................................66.346s
······Start:   Post-processing
······End:     Post-processing......................................................7.259ms
····End:     Linear offline protocol................................................66.536s
····Start:   Linear offline protocol
······Start:   Client preprocessing
······End:     Client preprocessing.................................................153.756ms
······Start:   Sending input
Writing.. 18878156
······End:     Sending input........................................................26.253ms
······Start:   Receiving Result
······End:     Receiving Result.....................................................66.524s
······Start:   Post-processing
······End:     Post-processing......................................................6.656ms
····End:     Linear offline protocol................................................66.711s
····Start:   Linear offline protocol
······Start:   Client preprocessing
······End:     Client preprocessing.................................................36.472ms
······Start:   Sending input
Writing.. 4719545
······End:     Sending input........................................................7.377ms
······Start:   Receiving Result
······End:     Receiving Result.....................................................17.937s
······Start:   Post-processing
······End:     Post-processing......................................................3.506ms
····End:     Linear offline protocol................................................17.984s
····Start:   Linear offline protocol
······Start:   Client preprocessing
······End:     Client preprocessing.................................................38.745ms
······Start:   Sending input
Writing.. 4719545
······End:     Sending input........................................................7.258ms
······Start:   Receiving Result
······End:     Receiving Result.....................................................17.920s
······Start:   Post-processing
······End:     Post-processing......................................................3.558ms
····End:     Linear offline protocol................................................17.969s
····Start:   Linear offline protocol
······Start:   Client preprocessing
······End:     Client preprocessing.................................................41.758ms
······Start:   Sending input
Writing.. 4719545
······End:     Sending input........................................................7.114ms
······Start:   Receiving Result
······End:     Receiving Result.....................................................17.919s
······Start:   Post-processing
······End:     Post-processing......................................................3.543ms
····End:     Linear offline protocol................................................17.972s
····Start:   Linear offline protocol
······Start:   Client preprocessing
······End:     Client preprocessing.................................................7.26ms
······Start:   Sending input
Writing.. 524401
······End:     Sending input........................................................1.769ms
······Start:   Receiving Result
······End:     Receiving Result.....................................................18.587s
······Start:   Post-processing
······End:     Post-processing......................................................3.649ms
····End:     Linear offline protocol................................................18.599s
····Start:   Linear offline protocol
······Start:   Client preprocessing
······End:     Client preprocessing.................................................7.232ms
······Start:   Sending input
Writing.. 524401
······End:     Sending input........................................................1.511ms
······Start:   Receiving Result
······End:     Receiving Result.....................................................39.902s
······Start:   Post-processing
······End:     Post-processing......................................................3.673ms
····End:     Linear offline protocol................................................39.915s
····Start:   Linear offline protocol
······Start:   Client preprocessing
······End:     Client preprocessing.................................................7.476ms
······Start:   Sending input
Writing.. 524401
······End:     Sending input........................................................1.581ms
······Start:   Receiving Result
······End:     Receiving Result.....................................................1.838s
······Start:   Post-processing
······End:     Post-processing......................................................3.370ms
····End:     Linear offline protocol................................................1.851s
··End:     Linear layers offline phase..............................................576.281s
··Start:   ReLU layers offline phase with 1114112 ReLUs
····Start:   ReLU offline protocol
······Start:   Receiving GCs
······End:     Receiving GCs........................................................54.261s
······Start:   OTs
BASE-OT.0: Receiver to Sender.. 4096
EXT-OT.0 : Receiver to Sender.. 748683264
······End:     OTs..................................................................4.584s
SIZE OF LABELS: 1497366528
····End:     ReLU offline protocol..................................................59.57s
··End:     ReLU layers offline phase with 1114112 ReLUs.............................60.187s
··Start:   Approx layers offline phase with 0 approximations
··End:     Approx layers offline phase with 0 approximations........................580ns
End:     Client offline phase.......................................................636.468s
Start:   Client online phase
··Start:   Linear layer
····Start:   Linear online protocol
Writing.. 110633
····End:     Linear online protocol.................................................1.346ms
··End:     Linear layer.............................................................3.38ms
··Start:   ReLU layer
····Start:   ReLU online protocol
······Start:   Receiving inputs
······End:     Receiving inputs.....................................................961.717ms
······Start:   Evaluating GCs
······End:     Evaluating GCs.......................................................4.472s
····End:     ReLU online protocol...................................................5.434s
··End:     ReLU layer...............................................................5.804s
··Start:   Linear layer
····Start:   Linear online protocol
Writing.. 2359337
····End:     Linear online protocol.................................................2.904ms
··End:     Linear layer.............................................................3.755ms
··Start:   ReLU layer
····Start:   ReLU online protocol
······Start:   Receiving inputs
······End:     Receiving inputs.....................................................897.410ms
······Start:   Evaluating GCs
······End:     Evaluating GCs.......................................................4.992s
····End:     ReLU online protocol...................................................5.889s
··End:     ReLU layer...............................................................6.256s
··Start:   Linear layer
····Start:   Linear online protocol
Should be printed during AvgPool
····End:     Linear online protocol.................................................3.535ms
··End:     Linear layer.............................................................3.952ms
··Start:   Linear layer
····Start:   Linear online protocol
Writing.. 589865
····End:     Linear online protocol.................................................1.549ms
··End:     Linear layer.............................................................1.958ms
··Start:   ReLU layer
····Start:   ReLU online protocol
······Start:   Receiving inputs
······End:     Receiving inputs.....................................................1.788s
······Start:   Evaluating GCs
······End:     Evaluating GCs.......................................................2.252s
····End:     ReLU online protocol...................................................4.40s
··End:     ReLU layer...............................................................4.229s
··Start:   Linear layer
····Start:   Linear online protocol
Writing.. 1179689
····End:     Linear online protocol.................................................1.991ms
··End:     Linear layer.............................................................2.430ms
··Start:   ReLU layer
····Start:   ReLU online protocol
······Start:   Receiving inputs
······End:     Receiving inputs.....................................................644.751ms
······Start:   Evaluating GCs
······End:     Evaluating GCs.......................................................2.354s
····End:     ReLU online protocol...................................................2.999s
··End:     ReLU layer...............................................................3.195s
··Start:   Linear layer
····Start:   Linear online protocol
Should be printed during AvgPool
····End:     Linear online protocol.................................................1.916ms
··End:     Linear layer.............................................................2.122ms
··Start:   Linear layer
····Start:   Linear online protocol
Writing.. 294953
····End:     Linear online protocol.................................................1.497ms
··End:     Linear layer.............................................................1.699ms
··Start:   ReLU layer
····Start:   ReLU online protocol
······Start:   Receiving inputs
······End:     Receiving inputs.....................................................388.251ms
······Start:   Evaluating GCs
······End:     Evaluating GCs.......................................................1.131s
····End:     ReLU online protocol...................................................1.519s
··End:     ReLU layer...............................................................1.616s
··Start:   Linear layer
····Start:   Linear online protocol
Writing.. 589865
····End:     Linear online protocol.................................................1.698ms
··End:     Linear layer.............................................................1.913ms
··Start:   ReLU layer
····Start:   ReLU online protocol
······Start:   Receiving inputs
······End:     Receiving inputs.....................................................280.470ms
······Start:   Evaluating GCs
······End:     Evaluating GCs.......................................................1.134s
····End:     ReLU online protocol...................................................1.415s
··End:     ReLU layer...............................................................1.513s
··Start:   Linear layer
····Start:   Linear online protocol
Writing.. 589865
····End:     Linear online protocol.................................................1.892ms
··End:     Linear layer.............................................................2.108ms
··Start:   ReLU layer
····Start:   ReLU online protocol
······Start:   Receiving inputs
······End:     Receiving inputs.....................................................272.241ms
······Start:   Evaluating GCs
······End:     Evaluating GCs.......................................................1.127s
····End:     ReLU online protocol...................................................1.400s
··End:     ReLU layer...............................................................1.497s
··Start:   Linear layer
····Start:   Linear online protocol
Should be printed during AvgPool
····End:     Linear online protocol.................................................904.488µs
··End:     Linear layer.............................................................1.15ms
··Start:   Linear layer
····Start:   Linear online protocol
Writing.. 147497
····End:     Linear online protocol.................................................1.712ms
··End:     Linear layer.............................................................1.817ms
··Start:   ReLU layer
····Start:   ReLU online protocol
······Start:   Receiving inputs
······End:     Receiving inputs.....................................................137.415ms
······Start:   Evaluating GCs
······End:     Evaluating GCs.......................................................579.949ms
····End:     ReLU online protocol...................................................717.481ms
··End:     ReLU layer...............................................................765.657ms
··Start:   Linear layer
····Start:   Linear online protocol
Writing.. 294953
····End:     Linear online protocol.................................................1.510ms
··End:     Linear layer.............................................................1.639ms
··Start:   ReLU layer
····Start:   ReLU online protocol
······Start:   Receiving inputs
······End:     Receiving inputs.....................................................164.645ms
······Start:   Evaluating GCs
······End:     Evaluating GCs.......................................................565.963ms
····End:     ReLU online protocol...................................................730.745ms
··End:     ReLU layer...............................................................777.283ms
··Start:   Linear layer
····Start:   Linear online protocol
Writing.. 294953
····End:     Linear online protocol.................................................1.216ms
··End:     Linear layer.............................................................1.348ms
··Start:   ReLU layer
····Start:   ReLU online protocol
······Start:   Receiving inputs
······End:     Receiving inputs.....................................................172.997ms
······Start:   Evaluating GCs
······End:     Evaluating GCs.......................................................568.579ms
····End:     ReLU online protocol...................................................741.694ms
··End:     ReLU layer...............................................................789.866ms
··Start:   Linear layer
····Start:   Linear online protocol
Should be printed during AvgPool
····End:     Linear online protocol.................................................777.650µs
··End:     Linear layer.............................................................850.969µs
··Start:   Linear layer
····Start:   Linear online protocol
Writing.. 73769
····End:     Linear online protocol.................................................1.96ms
··End:     Linear layer.............................................................1.140ms
··Start:   ReLU layer
····Start:   ReLU online protocol
······Start:   Receiving inputs
······End:     Receiving inputs.....................................................61.959ms
······Start:   Evaluating GCs
······End:     Evaluating GCs.......................................................147.720ms
····End:     ReLU online protocol...................................................209.807ms
··End:     ReLU layer...............................................................224.269ms
··Start:   Linear layer
····Start:   Linear online protocol
Writing.. 73769
····End:     Linear online protocol.................................................1.131ms
··End:     Linear layer.............................................................1.189ms
··Start:   ReLU layer
····Start:   ReLU online protocol
······Start:   Receiving inputs
······End:     Receiving inputs.....................................................82.356ms
······Start:   Evaluating GCs
······End:     Evaluating GCs.......................................................145.377ms
····End:     ReLU online protocol...................................................227.850ms
··End:     ReLU layer...............................................................243.542ms
··Start:   Linear layer
····Start:   Linear online protocol
Writing.. 73769
····End:     Linear online protocol.................................................1.52ms
··End:     Linear layer.............................................................1.116ms
··Start:   ReLU layer
····Start:   ReLU online protocol
······Start:   Receiving inputs
······End:     Receiving inputs.....................................................94.595ms
······Start:   Evaluating GCs
······End:     Evaluating GCs.......................................................141.4ms
····End:     ReLU online protocol...................................................235.722ms
··End:     ReLU layer...............................................................253.537ms
··Start:   Linear layer
····Start:   Linear online protocol
Should be printed during AvgPool
····End:     Linear online protocol.................................................160.388µs
··End:     Linear layer.............................................................202.517µs
··Start:   Linear layer
····Start:   Linear online protocol
Writing.. 18473
····End:     Linear online protocol.................................................706.901µs
··End:     Linear layer.............................................................744.1µs
··Start:   ReLU layer
····Start:   ReLU online protocol
······Start:   Receiving inputs
······End:     Receiving inputs.....................................................86.966ms
······Start:   Evaluating GCs
······End:     Evaluating GCs.......................................................70.498ms
····End:     ReLU online protocol...................................................157.551ms
··End:     ReLU layer...............................................................168.80ms
··Start:   Linear layer
····Start:   Linear online protocol
Writing.. 36905
····End:     Linear online protocol.................................................784.450µs
··End:     Linear layer.............................................................817.709µs
··Start:   ReLU layer
····Start:   ReLU online protocol
······Start:   Receiving inputs
······End:     Receiving inputs.....................................................177.104ms
······Start:   Evaluating GCs
······End:     Evaluating GCs.......................................................72.66ms
····End:     ReLU online protocol...................................................249.287ms
··End:     ReLU layer...............................................................258.319ms
··Start:   Linear layer
····Start:   Linear online protocol
Writing.. 36905
····End:     Linear online protocol.................................................850.169µs
··End:     Linear layer.............................................................863.509µs
End:     Client online phase........................................................27.934s
StartMsg: Offline Communication
  
  Read 20589860442 bytes
  Wrote 1212919009 bytes

EndMsg: Offline Communication
StartMsg: Online Communication
  
  Read 1319110697 bytes
  Wrote 6765328 bytes

EndMsg: Online Communication
