fc input dims = (1, 512, 2, 2)
Layer dim: (1, 3, 64, 64) true
Layer dim: (1, 64, 64, 64) false
Layer dim: (1, 64, 64, 64) true
Layer dim: (1, 64, 64, 64) false
Layer dim: (1, 64, 64, 64) true
Layer dim: (1, 64, 32, 32) true
Layer dim: (1, 128, 32, 32) false
Layer dim: (1, 128, 32, 32) true
Layer dim: (1, 128, 32, 32) false
Layer dim: (1, 128, 32, 32) true
Layer dim: (1, 128, 16, 16) true
Layer dim: (1, 256, 16, 16) false
Layer dim: (1, 256, 16, 16) true
Layer dim: (1, 256, 16, 16) false
Layer dim: (1, 256, 16, 16) true
Layer dim: (1, 256, 16, 16) false
Layer dim: (1, 256, 16, 16) true
Layer dim: (1, 256, 8, 8) true
Layer dim: (1, 512, 8, 8) false
Layer dim: (1, 512, 8, 8) true
Layer dim: (1, 512, 8, 8) false
Layer dim: (1, 512, 8, 8) true
Layer dim: (1, 512, 8, 8) false
Layer dim: (1, 512, 8, 8) true
Layer dim: (1, 512, 4, 4) true
Layer dim: (1, 512, 4, 4) false
Layer dim: (1, 512, 4, 4) true
Layer dim: (1, 512, 4, 4) false
Layer dim: (1, 512, 4, 4) true
Layer dim: (1, 512, 4, 4) false
Layer dim: (1, 512, 4, 4) true
Layer dim: (1, 512, 2, 2) true
Layer dim: (1, 4096, 1, 1) false
Layer dim: (1, 4096, 1, 1) true
Layer dim: (1, 4096, 1, 1) false
Layer dim: (1, 4096, 1, 1) true
Start:   Generating keys
End:     Generating keys............................................................327.991ms
Start:   Sending keys
Writing.. 33180308
End:     Sending keys...............................................................52.59ms
Start:   Client offline phase
··Start:   Linear layers offline phase
····Start:   Linear offline protocol
······Start:   Client preprocessing
······End:     Client preprocessing.................................................82.514ms
······Start:   Sending input
Writing.. 9439082
······End:     Sending input........................................................14.740ms
······Start:   Receiving Result
······End:     Receiving Result.....................................................3.581s
······Start:   Post-processing
······End:     Post-processing......................................................51.355ms
····End:     Linear offline protocol................................................3.730s
····Start:   Linear offline protocol
······Start:   Client preprocessing
······End:     Client preprocessing.................................................1.404s
······Start:   Sending input
Writing.. 151025180
······End:     Sending input........................................................1.512s
······Start:   Receiving Result
······End:     Receiving Result.....................................................50.686s
······Start:   Post-processing
······End:     Post-processing......................................................52.558ms
····End:     Linear offline protocol................................................53.655s
····Start:   Linear offline protocol
······Start:   Client preprocessing
······End:     Client preprocessing.................................................324.642ms
······Start:   Sending input
Writing.. 37756304
······End:     Sending input........................................................60.146ms
······Start:   Receiving Result
······End:     Receiving Result.....................................................27.777s
······Start:   Post-processing
······End:     Post-processing......................................................25.646ms
····End:     Linear offline protocol................................................28.188s
····Start:   Linear offline protocol
······Start:   Client preprocessing
······End:     Client preprocessing.................................................672.314ms
······Start:   Sending input
Writing.. 75512600
······End:     Sending input........................................................118.883ms
······Start:   Receiving Result
······End:     Receiving Result.....................................................55.748s
······Start:   Post-processing
······End:     Post-processing......................................................26.119ms
····End:     Linear offline protocol................................................56.565s
····Start:   Linear offline protocol
······Start:   Client preprocessing
······End:     Client preprocessing.................................................154.703ms
······Start:   Sending input
Writing.. 18878156
······End:     Sending input........................................................29.746ms
······Start:   Receiving Result
······End:     Receiving Result.....................................................30.411s
······Start:   Post-processing
······End:     Post-processing......................................................12.626ms
····End:     Linear offline protocol................................................30.608s
····Start:   Linear offline protocol
······Start:   Client preprocessing
······End:     Client preprocessing.................................................324.184ms
······Start:   Sending input
Writing.. 37756304
······End:     Sending input........................................................60.140ms
······Start:   Receiving Result
······End:     Receiving Result.....................................................60.995s
······Start:   Post-processing
······End:     Post-processing......................................................15.777ms
····End:     Linear offline protocol................................................61.395s
····Start:   Linear offline protocol
······Start:   Client preprocessing
······End:     Client preprocessing.................................................328.195ms
······Start:   Sending input
Writing.. 37756304
······End:     Sending input........................................................60.186ms
······Start:   Receiving Result
······End:     Receiving Result.....................................................61.36s
······Start:   Post-processing
······End:     Post-processing......................................................12.669ms
····End:     Linear offline protocol................................................61.437s
····Start:   Linear offline protocol
······Start:   Client preprocessing
······End:     Client preprocessing.................................................75.18ms
······Start:   Sending input
Writing.. 9439082
······End:     Sending input........................................................13.839ms
······Start:   Receiving Result
······End:     Receiving Result.....................................................33.158s
······Start:   Post-processing
······End:     Post-processing......................................................7.776ms
····End:     Linear offline protocol................................................33.255s
····Start:   Linear offline protocol
······Start:   Client preprocessing
······End:     Client preprocessing.................................................155.59ms
······Start:   Sending input
Writing.. 18878156
······End:     Sending input........................................................28.545ms
······Start:   Receiving Result
······End:     Receiving Result.....................................................66.486s
······Start:   Post-processing
······End:     Post-processing......................................................8.873ms
····End:     Linear offline protocol................................................66.678s
····Start:   Linear offline protocol
······Start:   Client preprocessing
······End:     Client preprocessing.................................................153.792ms
······Start:   Sending input
Writing.. 18878156
······End:     Sending input........................................................26.438ms
······Start:   Receiving Result
······End:     Receiving Result.....................................................66.565s
······Start:   Post-processing
······End:     Post-processing......................................................9.351ms
····End:     Linear offline protocol................................................66.754s
····Start:   Linear offline protocol
······Start:   Client preprocessing
······End:     Client preprocessing.................................................36.930ms
······Start:   Sending input
Writing.. 4719545
······End:     Sending input........................................................7.585ms
······Start:   Receiving Result
······End:     Receiving Result.....................................................17.922s
······Start:   Post-processing
······End:     Post-processing......................................................3.548ms
····End:     Linear offline protocol................................................17.970s
····Start:   Linear offline protocol
······Start:   Client preprocessing
······End:     Client preprocessing.................................................39.732ms
······Start:   Sending input
Writing.. 4719545
······End:     Sending input........................................................8.62ms
······Start:   Receiving Result
······End:     Receiving Result.....................................................17.906s
······Start:   Post-processing
······End:     Post-processing......................................................3.544ms
····End:     Linear offline protocol................................................17.957s
····Start:   Linear offline protocol
······Start:   Client preprocessing
······End:     Client preprocessing.................................................39.23ms
······Start:   Sending input
Writing.. 4719545
······End:     Sending input........................................................7.670ms
······Start:   Receiving Result
······End:     Receiving Result.....................................................17.904s
······Start:   Post-processing
······End:     Post-processing......................................................3.698ms
····End:     Linear offline protocol................................................17.955s
····Start:   Linear offline protocol
······Start:   Client preprocessing
······End:     Client preprocessing.................................................6.29ms
······Start:   Sending input
Writing.. 524401
······End:     Sending input........................................................2.24ms
······Start:   Receiving Result
······End:     Receiving Result.....................................................18.516s
······Start:   Post-processing
······End:     Post-processing......................................................3.627ms
····End:     Linear offline protocol................................................18.528s
····Start:   Linear offline protocol
······Start:   Client preprocessing
······End:     Client preprocessing.................................................7.989ms
······Start:   Sending input
Writing.. 524401
······End:     Sending input........................................................1.540ms
······Start:   Receiving Result
······End:     Receiving Result.....................................................39.961s
······Start:   Post-processing
······End:     Post-processing......................................................3.667ms
····End:     Linear offline protocol................................................39.975s
····Start:   Linear offline protocol
······Start:   Client preprocessing
······End:     Client preprocessing.................................................6.125ms
······Start:   Sending input
Writing.. 524401
······End:     Sending input........................................................1.626ms
······Start:   Receiving Result
······End:     Receiving Result.....................................................1.841s
······Start:   Post-processing
······End:     Post-processing......................................................3.474ms
····End:     Linear offline protocol................................................1.852s
··End:     Linear layers offline phase..............................................576.541s
··Start:   ReLU layers offline phase with 1114112 ReLUs
····Start:   ReLU offline protocol
······Start:   Receiving GCs
······End:     Receiving GCs........................................................56.118s
······Start:   OTs
BASE-OT.0: Receiver to Sender.. 4096
EXT-OT.0 : Receiver to Sender.. 748683264
······End:     OTs..................................................................4.588s
SIZE OF LABELS: 1497366528
····End:     ReLU offline protocol..................................................60.927s
··End:     ReLU layers offline phase with 1114112 ReLUs.............................62.62s
··Start:   Approx layers offline phase with 0 approximations
··End:     Approx layers offline phase with 0 approximations........................100ns
End:     Client offline phase.......................................................638.604s
Start:   Client online phase
··Start:   Linear layer
····Start:   Linear online protocol
Writing.. 110633
····End:     Linear online protocol.................................................1.313ms
··End:     Linear layer.............................................................2.909ms
··Start:   ReLU layer
····Start:   ReLU online protocol
······Start:   Receiving inputs
······End:     Receiving inputs.....................................................953.987ms
······Start:   Evaluating GCs
······End:     Evaluating GCs.......................................................4.446s
····End:     ReLU online protocol...................................................5.401s
··End:     ReLU layer...............................................................5.783s
··Start:   Linear layer
····Start:   Linear online protocol
Writing.. 2359337
····End:     Linear online protocol.................................................3.307ms
··End:     Linear layer.............................................................4.210ms
··Start:   ReLU layer
····Start:   ReLU online protocol
······Start:   Receiving inputs
······End:     Receiving inputs.....................................................888.507ms
······Start:   Evaluating GCs
······End:     Evaluating GCs.......................................................4.518s
····End:     ReLU online protocol...................................................5.407s
··End:     ReLU layer...............................................................5.787s
··Start:   Linear layer
····Start:   Linear online protocol
Should be printed during AvgPool
····End:     Linear online protocol.................................................3.326ms
··End:     Linear layer.............................................................3.715ms
··Start:   Linear layer
····Start:   Linear online protocol
Writing.. 589865
····End:     Linear online protocol.................................................1.739ms
··End:     Linear layer.............................................................2.177ms
··Start:   ReLU layer
····Start:   ReLU online protocol
······Start:   Receiving inputs
······End:     Receiving inputs.....................................................465.458ms
······Start:   Evaluating GCs
······End:     Evaluating GCs.......................................................2.252s
····End:     ReLU online protocol...................................................2.717s
··End:     ReLU layer...............................................................2.913s
··Start:   Linear layer
····Start:   Linear online protocol
Writing.. 1179689
····End:     Linear online protocol.................................................1.873ms
··End:     Linear layer.............................................................2.312ms
··Start:   ReLU layer
····Start:   ReLU online protocol
······Start:   Receiving inputs
······End:     Receiving inputs.....................................................973.447ms
······Start:   Evaluating GCs
······End:     Evaluating GCs.......................................................2.247s
····End:     ReLU online protocol...................................................3.220s
··End:     ReLU layer...............................................................3.419s
··Start:   Linear layer
····Start:   Linear online protocol
Should be printed during AvgPool
····End:     Linear online protocol.................................................1.929ms
··End:     Linear layer.............................................................2.140ms
··Start:   Linear layer
····Start:   Linear online protocol
Writing.. 294953
····End:     Linear online protocol.................................................1.546ms
··End:     Linear layer.............................................................1.760ms
··Start:   ReLU layer
····Start:   ReLU online protocol
······Start:   Receiving inputs
······End:     Receiving inputs.....................................................341.137ms
······Start:   Evaluating GCs
······End:     Evaluating GCs.......................................................1.127s
····End:     ReLU online protocol...................................................1.468s
··End:     ReLU layer...............................................................1.571s
··Start:   Linear layer
····Start:   Linear online protocol
Writing.. 589865
····End:     Linear online protocol.................................................1.618ms
··End:     Linear layer.............................................................1.854ms
··Start:   ReLU layer
····Start:   ReLU online protocol
······Start:   Receiving inputs
······End:     Receiving inputs.....................................................228.345ms
······Start:   Evaluating GCs
······End:     Evaluating GCs.......................................................1.176s
····End:     ReLU online protocol...................................................1.404s
··End:     ReLU layer...............................................................1.517s
··Start:   Linear layer
····Start:   Linear online protocol
Writing.. 589865
····End:     Linear online protocol.................................................1.796ms
··End:     Linear layer.............................................................2.18ms
··Start:   ReLU layer
····Start:   ReLU online protocol
······Start:   Receiving inputs
······End:     Receiving inputs.....................................................224.997ms
······Start:   Evaluating GCs
······End:     Evaluating GCs.......................................................1.120s
····End:     ReLU online protocol...................................................1.345s
··End:     ReLU layer...............................................................1.470s
··Start:   Linear layer
····Start:   Linear online protocol
Should be printed during AvgPool
····End:     Linear online protocol.................................................1.450ms
··End:     Linear layer.............................................................1.575ms
··Start:   Linear layer
····Start:   Linear online protocol
Writing.. 147497
····End:     Linear online protocol.................................................1.408ms
··End:     Linear layer.............................................................1.521ms
··Start:   ReLU layer
····Start:   ReLU online protocol
······Start:   Receiving inputs
······End:     Receiving inputs.....................................................108.188ms
······Start:   Evaluating GCs
······End:     Evaluating GCs.......................................................760.110ms
····End:     ReLU online protocol...................................................868.433ms
··End:     ReLU layer...............................................................927.513ms
··Start:   Linear layer
····Start:   Linear online protocol
Writing.. 294953
····End:     Linear online protocol.................................................1.500ms
··End:     Linear layer.............................................................1.637ms
··Start:   ReLU layer
····Start:   ReLU online protocol
······Start:   Receiving inputs
······End:     Receiving inputs.....................................................207.766ms
······Start:   Evaluating GCs
······End:     Evaluating GCs.......................................................803.647ms
····End:     ReLU online protocol...................................................1.11s
··End:     ReLU layer...............................................................1.72s
··Start:   Linear layer
····Start:   Linear online protocol
Writing.. 294953
····End:     Linear online protocol.................................................1.817ms
··End:     Linear layer.............................................................1.955ms
··Start:   ReLU layer
····Start:   ReLU online protocol
······Start:   Receiving inputs
······End:     Receiving inputs.....................................................142.277ms
······Start:   Evaluating GCs
······End:     Evaluating GCs.......................................................804.125ms
····End:     ReLU online protocol...................................................946.529ms
··End:     ReLU layer...............................................................1.3s
··Start:   Linear layer
····Start:   Linear online protocol
Should be printed during AvgPool
····End:     Linear online protocol.................................................737.390µs
··End:     Linear layer.............................................................805.370µs
··Start:   Linear layer
····Start:   Linear online protocol
Writing.. 73769
····End:     Linear online protocol.................................................1.77ms
··End:     Linear layer.............................................................1.113ms
··Start:   ReLU layer
····Start:   ReLU online protocol
······Start:   Receiving inputs
······End:     Receiving inputs.....................................................69.833ms
······Start:   Evaluating GCs
······End:     Evaluating GCs.......................................................202.215ms
····End:     ReLU online protocol...................................................272.154ms
··End:     ReLU layer...............................................................288.151ms
··Start:   Linear layer
····Start:   Linear online protocol
Writing.. 73769
····End:     Linear online protocol.................................................774.220µs
··End:     Linear layer.............................................................819.250µs
··Start:   ReLU layer
····Start:   ReLU online protocol
······Start:   Receiving inputs
······End:     Receiving inputs.....................................................90.869ms
······Start:   Evaluating GCs
······End:     Evaluating GCs.......................................................203.251ms
····End:     ReLU online protocol...................................................294.231ms
··End:     ReLU layer...............................................................311.50ms
··Start:   Linear layer
····Start:   Linear online protocol
Writing.. 73769
····End:     Linear online protocol.................................................1.99ms
··End:     Linear layer.............................................................1.189ms
··Start:   ReLU layer
····Start:   ReLU online protocol
······Start:   Receiving inputs
······End:     Receiving inputs.....................................................63.125ms
······Start:   Evaluating GCs
······End:     Evaluating GCs.......................................................150.93ms
····End:     ReLU online protocol...................................................213.329ms
··End:     ReLU layer...............................................................241.881ms
··Start:   Linear layer
····Start:   Linear online protocol
Should be printed during AvgPool
····End:     Linear online protocol.................................................74.159µs
··End:     Linear layer.............................................................117.449µs
··Start:   Linear layer
····Start:   Linear online protocol
Writing.. 18473
····End:     Linear online protocol.................................................617.62µs
··End:     Linear layer.............................................................650.602µs
··Start:   ReLU layer
····Start:   ReLU online protocol
······Start:   Receiving inputs
······End:     Receiving inputs.....................................................82.275ms
······Start:   Evaluating GCs
······End:     Evaluating GCs.......................................................69.619ms
····End:     ReLU online protocol...................................................151.964ms
··End:     ReLU layer...............................................................163.756ms
··Start:   Linear layer
····Start:   Linear online protocol
Writing.. 36905
····End:     Linear online protocol.................................................671.312µs
··End:     Linear layer.............................................................697.321µs
··Start:   ReLU layer
····Start:   ReLU online protocol
······Start:   Receiving inputs
······End:     Receiving inputs.....................................................179.454ms
······Start:   Evaluating GCs
······End:     Evaluating GCs.......................................................69.334ms
····End:     ReLU online protocol...................................................248.852ms
··End:     ReLU layer...............................................................259.732ms
··Start:   Linear layer
····Start:   Linear online protocol
Writing.. 36905
····End:     Linear online protocol.................................................702.621µs
··End:     Linear layer.............................................................716.481µs
End:     Client online phase........................................................27.55s
StartMsg: Offline Communication
  
  Read 20589860442 bytes
  Wrote 1212919009 bytes

EndMsg: Offline Communication
StartMsg: Online Communication
  
  Read 1319110697 bytes
  Wrote 6765328 bytes

EndMsg: Online Communication
