Layer dim: (1, 3, 32, 32) true
Layer dim: (1, 64, 32, 32) false
Layer dim: (1, 64, 32, 32) true
Layer dim: (1, 64, 32, 32) false
Layer dim: (1, 64, 32, 32) true
Layer dim: (1, 64, 32, 32) false
Layer dim: (1, 64, 32, 32) true
Layer dim: (1, 64, 32, 32) false
Layer dim: (1, 64, 32, 32) true
Layer dim: (1, 64, 32, 32) false
Layer dim: (1, 64, 32, 32) true
Layer dim: (1, 128, 16, 16) false
Layer dim: (1, 128, 16, 16) true
Layer dim: (1, 128, 16, 16) false
Layer dim: (1, 128, 16, 16) true
Layer dim: (1, 128, 16, 16) false
Layer dim: (1, 128, 16, 16) true
Layer dim: (1, 128, 16, 16) false
Layer dim: (1, 128, 16, 16) true
Layer dim: (1, 256, 8, 8) false
Layer dim: (1, 256, 8, 8) true
Layer dim: (1, 256, 8, 8) false
Layer dim: (1, 256, 8, 8) true
Layer dim: (1, 256, 8, 8) false
Layer dim: (1, 256, 8, 8) true
Layer dim: (1, 256, 8, 8) false
Layer dim: (1, 256, 8, 8) true
Layer dim: (1, 512, 4, 4) false
Layer dim: (1, 512, 4, 4) true
Layer dim: (1, 512, 4, 4) false
Layer dim: (1, 512, 4, 4) true
Layer dim: (1, 512, 4, 4) false
Layer dim: (1, 512, 4, 4) true
Layer dim: (1, 512, 4, 4) false
Layer dim: (1, 512, 4, 4) true
Layer dim: (1, 512, 2, 2) true
Start:   Generating keys
End:     Generating keys............................................................325.904ms
Start:   Sending keys
Writing.. 33180308
End:     Sending keys...............................................................52.630ms
Start:   Client offline phase
··Start:   Linear layers offline phase
····Start:   Linear offline protocol
······Start:   Client preprocessing
······End:     Client preprocessing.................................................40.761ms
······Start:   Sending input
Writing.. 4719545
······End:     Sending input........................................................7.968ms
······Start:   Receiving Result
······End:     Receiving Result.....................................................2.36s
······Start:   Post-processing
······End:     Post-processing......................................................12.516ms
····End:     Linear offline protocol................................................2.97s
····Start:   Linear offline protocol
······Start:   Client preprocessing
······End:     Client preprocessing.................................................353.972ms
······Start:   Sending input
Writing.. 37756304
······End:     Sending input........................................................62.452ms
······Start:   Receiving Result
······End:     Receiving Result.....................................................13.899s
······Start:   Post-processing
······End:     Post-processing......................................................13.69ms
····End:     Linear offline protocol................................................14.329s
····Start:   Linear offline protocol
······Start:   Client preprocessing
······End:     Client preprocessing.................................................339.760ms
······Start:   Sending input
Writing.. 37756304
······End:     Sending input........................................................61.185ms
······Start:   Receiving Result
······End:     Receiving Result.....................................................13.886s
······Start:   Post-processing
······End:     Post-processing......................................................12.814ms
····End:     Linear offline protocol................................................14.300s
····Start:   Linear offline protocol
······Start:   Client preprocessing
······End:     Client preprocessing.................................................327.626ms
······Start:   Sending input
Writing.. 37756304
······End:     Sending input........................................................61.717ms
······Start:   Receiving Result
······End:     Receiving Result.....................................................13.851s
······Start:   Post-processing
······End:     Post-processing......................................................12.599ms
····End:     Linear offline protocol................................................14.253s
····Start:   Linear offline protocol
······Start:   Client preprocessing
······End:     Client preprocessing.................................................324.936ms
······Start:   Sending input
Writing.. 37756304
······End:     Sending input........................................................61.312ms
······Start:   Receiving Result
······End:     Receiving Result.....................................................13.832s
······Start:   Post-processing
······End:     Post-processing......................................................12.556ms
····End:     Linear offline protocol................................................14.231s
····Start:   Linear offline protocol
······Start:   Client preprocessing
······End:     Client preprocessing.................................................326.245ms
······Start:   Sending input
Writing.. 37756304
······End:     Sending input........................................................60.843ms
······Start:   Receiving Result
······End:     Receiving Result.....................................................27.924s
······Start:   Post-processing
······End:     Post-processing......................................................24.881ms
····End:     Linear offline protocol................................................28.336s
····Start:   Linear offline protocol
······Start:   Client preprocessing
······End:     Client preprocessing.................................................153.15ms
······Start:   Sending input
Writing.. 18878156
······End:     Sending input........................................................29.984ms
······Start:   Receiving Result
······End:     Receiving Result.....................................................15.92s
······Start:   Post-processing
······End:     Post-processing......................................................8.477ms
····End:     Linear offline protocol................................................15.284s
····Start:   Linear offline protocol
······Start:   Client preprocessing
······End:     Client preprocessing.................................................152.561ms
······Start:   Sending input
Writing.. 18878156
······End:     Sending input........................................................26.773ms
······Start:   Receiving Result
······End:     Receiving Result.....................................................15.70s
······Start:   Post-processing
······End:     Post-processing......................................................6.690ms
····End:     Linear offline protocol................................................15.257s
····Start:   Linear offline protocol
······Start:   Client preprocessing
······End:     Client preprocessing.................................................152.351ms
······Start:   Sending input
Writing.. 18878156
······End:     Sending input........................................................27.12ms
······Start:   Receiving Result
······End:     Receiving Result.....................................................15.58s
······Start:   Post-processing
······End:     Post-processing......................................................6.300ms
····End:     Linear offline protocol................................................15.244s
····Start:   Linear offline protocol
······Start:   Client preprocessing
······End:     Client preprocessing.................................................155.733ms
······Start:   Sending input
Writing.. 18878156
······End:     Sending input........................................................30.428ms
······Start:   Receiving Result
······End:     Receiving Result.....................................................30.352s
······Start:   Post-processing
······End:     Post-processing......................................................12.207ms
····End:     Linear offline protocol................................................30.551s
····Start:   Linear offline protocol
······Start:   Client preprocessing
······End:     Client preprocessing.................................................75.895ms
······Start:   Sending input
Writing.. 9439082
······End:     Sending input........................................................14.66ms
······Start:   Receiving Result
······End:     Receiving Result.....................................................16.506s
······Start:   Post-processing
······End:     Post-processing......................................................6.192ms
····End:     Linear offline protocol................................................16.602s
····Start:   Linear offline protocol
······Start:   Client preprocessing
······End:     Client preprocessing.................................................76.3ms
······Start:   Sending input
Writing.. 9439082
······End:     Sending input........................................................13.764ms
······Start:   Receiving Result
······End:     Receiving Result.....................................................16.420s
······Start:   Post-processing
······End:     Post-processing......................................................5.626ms
····End:     Linear offline protocol................................................16.516s
····Start:   Linear offline protocol
······Start:   Client preprocessing
······End:     Client preprocessing.................................................76.14ms
······Start:   Sending input
Writing.. 9439082
······End:     Sending input........................................................13.959ms
······Start:   Receiving Result
······End:     Receiving Result.....................................................16.417s
······Start:   Post-processing
······End:     Post-processing......................................................7.144ms
····End:     Linear offline protocol................................................16.514s
····Start:   Linear offline protocol
······Start:   Client preprocessing
······End:     Client preprocessing.................................................75.582ms
······Start:   Sending input
Writing.. 9439082
······End:     Sending input........................................................13.989ms
······Start:   Receiving Result
······End:     Receiving Result.....................................................33.96s
······Start:   Post-processing
······End:     Post-processing......................................................9.170ms
····End:     Linear offline protocol................................................33.195s
····Start:   Linear offline protocol
······Start:   Client preprocessing
······End:     Client preprocessing.................................................36.938ms
······Start:   Sending input
Writing.. 4719545
······End:     Sending input........................................................7.651ms
······Start:   Receiving Result
······End:     Receiving Result.....................................................17.884s
······Start:   Post-processing
······End:     Post-processing......................................................3.574ms
····End:     Linear offline protocol................................................17.932s
····Start:   Linear offline protocol
······Start:   Client preprocessing
······End:     Client preprocessing.................................................39.513ms
······Start:   Sending input
Writing.. 4719545
······End:     Sending input........................................................7.471ms
······Start:   Receiving Result
······End:     Receiving Result.....................................................17.811s
······Start:   Post-processing
······End:     Post-processing......................................................3.559ms
····End:     Linear offline protocol................................................17.862s
····Start:   Linear offline protocol
······Start:   Client preprocessing
······End:     Client preprocessing.................................................40.110ms
······Start:   Sending input
Writing.. 4719545
······End:     Sending input........................................................7.557ms
······Start:   Receiving Result
······End:     Receiving Result.....................................................17.836s
······Start:   Post-processing
······End:     Post-processing......................................................3.595ms
····End:     Linear offline protocol................................................17.887s
····Start:   Linear offline protocol
······Start:   Client preprocessing
······End:     Client preprocessing.................................................6.928ms
······Start:   Sending input
Writing.. 524401
······End:     Sending input........................................................1.999ms
······Start:   Receiving Result
······End:     Receiving Result.....................................................79.848ms
······Start:   Post-processing
······End:     Post-processing......................................................3.709ms
····End:     Linear offline protocol................................................92.593ms
··End:     Linear layers offline phase..............................................300.508s
··Start:   ReLU layers offline phase with 557056 ReLUs
····Start:   ReLU offline protocol
······Start:   Receiving GCs
······End:     Receiving GCs........................................................28.617s
······Start:   OTs
BASE-OT.0: Receiver to Sender.. 4096
EXT-OT.0 : Receiver to Sender.. 374341632
······End:     OTs..................................................................2.308s
SIZE OF LABELS: 748683264
····End:     ReLU offline protocol..................................................31.37s
··End:     ReLU layers offline phase with 557056 ReLUs..............................31.620s
··Start:   Approx layers offline phase with 0 approximations
··End:     Approx layers offline phase with 0 approximations........................440ns
End:     Client offline phase.......................................................332.129s
Start:   Client online phase
··Start:   Linear layer
····Start:   Linear online protocol
Writing.. 27689
····End:     Linear online protocol.................................................441.414µs
··End:     Linear layer.............................................................835.39µs
··Start:   ReLU layer
····Start:   ReLU online protocol
······Start:   Receiving inputs
······End:     Receiving inputs.....................................................263.437ms
······Start:   Evaluating GCs
······End:     Evaluating GCs.......................................................1.177s
····End:     ReLU online protocol...................................................1.440s
··End:     ReLU layer...............................................................1.548s
··Start:   Linear layer
····Start:   Linear online protocol
Writing.. 589865
····End:     Linear online protocol.................................................1.844ms
··End:     Linear layer.............................................................2.105ms
··Start:   ReLU layer
····Start:   ReLU online protocol
······Start:   Receiving inputs
······End:     Receiving inputs.....................................................216.766ms
······Start:   Evaluating GCs
······End:     Evaluating GCs.......................................................1.397s
····End:     ReLU online protocol...................................................1.614s
··End:     ReLU layer...............................................................1.716s
··Start:   Linear layer
····Start:   Linear online protocol
Writing.. 589865
····End:     Linear online protocol.................................................1.626ms
··End:     Linear layer.............................................................1.898ms
··Start:   ReLU layer
····Start:   ReLU online protocol
······Start:   Receiving inputs
······End:     Receiving inputs.....................................................209.973ms
······Start:   Evaluating GCs
······End:     Evaluating GCs.......................................................1.321s
····End:     ReLU online protocol...................................................1.531s
··End:     ReLU layer...............................................................1.641s
··Start:   Linear layer
····Start:   Linear online protocol
Writing.. 589865
····End:     Linear online protocol.................................................1.388ms
··End:     Linear layer.............................................................1.618ms
··Start:   ReLU layer
····Start:   ReLU online protocol
······Start:   Receiving inputs
······End:     Receiving inputs.....................................................209.610ms
······Start:   Evaluating GCs
······End:     Evaluating GCs.......................................................1.149s
····End:     ReLU online protocol...................................................1.359s
··End:     ReLU layer...............................................................1.468s
··Start:   Linear layer
····Start:   Linear online protocol
Writing.. 589865
····End:     Linear online protocol.................................................1.929ms
··End:     Linear layer.............................................................2.192ms
··Start:   ReLU layer
····Start:   ReLU online protocol
······Start:   Receiving inputs
······End:     Receiving inputs.....................................................223.203ms
······Start:   Evaluating GCs
······End:     Evaluating GCs.......................................................1.159s
····End:     ReLU online protocol...................................................1.382s
··End:     ReLU layer...............................................................1.484s
··Start:   Linear layer
····Start:   Linear online protocol
Writing.. 589865
····End:     Linear online protocol.................................................1.646ms
··End:     Linear layer.............................................................1.790ms
··Start:   ReLU layer
····Start:   ReLU online protocol
······Start:   Receiving inputs
······End:     Receiving inputs.....................................................123.220ms
······Start:   Evaluating GCs
······End:     Evaluating GCs.......................................................780.950ms
····End:     ReLU online protocol...................................................904.285ms
··End:     ReLU layer...............................................................949.172ms
··Start:   Linear layer
····Start:   Linear online protocol
Writing.. 294953
····End:     Linear online protocol.................................................1.348ms
··End:     Linear layer.............................................................1.494ms
··Start:   ReLU layer
····Start:   ReLU online protocol
······Start:   Receiving inputs
······End:     Receiving inputs.....................................................123.709ms
······Start:   Evaluating GCs
······End:     Evaluating GCs.......................................................786.918ms
····End:     ReLU online protocol...................................................910.788ms
··End:     ReLU layer...............................................................958.37ms
··Start:   Linear layer
····Start:   Linear online protocol
Writing.. 294953
····End:     Linear online protocol.................................................1.645ms
··End:     Linear layer.............................................................1.800ms
··Start:   ReLU layer
····Start:   ReLU online protocol
······Start:   Receiving inputs
······End:     Receiving inputs.....................................................122.633ms
······Start:   Evaluating GCs
······End:     Evaluating GCs.......................................................669.579ms
····End:     ReLU online protocol...................................................792.342ms
··End:     ReLU layer...............................................................846.25ms
··Start:   Linear layer
····Start:   Linear online protocol
Writing.. 294953
····End:     Linear online protocol.................................................1.576ms
··End:     Linear layer.............................................................1.710ms
··Start:   ReLU layer
····Start:   ReLU online protocol
······Start:   Receiving inputs
······End:     Receiving inputs.....................................................125.886ms
······Start:   Evaluating GCs
······End:     Evaluating GCs.......................................................785.660ms
····End:     ReLU online protocol...................................................911.664ms
··End:     ReLU layer...............................................................958.179ms
··Start:   Linear layer
····Start:   Linear online protocol
Writing.. 294953
····End:     Linear online protocol.................................................1.532ms
··End:     Linear layer.............................................................1.621ms
··Start:   ReLU layer
····Start:   ReLU online protocol
······Start:   Receiving inputs
······End:     Receiving inputs.....................................................161.509ms
······Start:   Evaluating GCs
······End:     Evaluating GCs.......................................................345.549ms
····End:     ReLU online protocol...................................................507.191ms
··End:     ReLU layer...............................................................529.621ms
··Start:   Linear layer
····Start:   Linear online protocol
Writing.. 147497
····End:     Linear online protocol.................................................1.513ms
··End:     Linear layer.............................................................1.592ms
··Start:   ReLU layer
····Start:   ReLU online protocol
······Start:   Receiving inputs
······End:     Receiving inputs.....................................................159.821ms
······Start:   Evaluating GCs
······End:     Evaluating GCs.......................................................283.499ms
····End:     ReLU online protocol...................................................443.457ms
··End:     ReLU layer...............................................................476.959ms
··Start:   Linear layer
····Start:   Linear online protocol
Writing.. 147497
····End:     Linear online protocol.................................................1.470ms
··End:     Linear layer.............................................................1.596ms
··Start:   ReLU layer
····Start:   ReLU online protocol
······Start:   Receiving inputs
······End:     Receiving inputs.....................................................76.434ms
······Start:   Evaluating GCs
······End:     Evaluating GCs.......................................................387.568ms
····End:     ReLU online protocol...................................................464.104ms
··End:     ReLU layer...............................................................495.76ms
··Start:   Linear layer
····Start:   Linear online protocol
Writing.. 147497
····End:     Linear online protocol.................................................1.409ms
··End:     Linear layer.............................................................1.495ms
··Start:   ReLU layer
····Start:   ReLU online protocol
······Start:   Receiving inputs
······End:     Receiving inputs.....................................................252.518ms
······Start:   Evaluating GCs
······End:     Evaluating GCs.......................................................344.117ms
····End:     ReLU online protocol...................................................596.764ms
··End:     ReLU layer...............................................................618.588ms
··Start:   Linear layer
····Start:   Linear online protocol
Writing.. 147497
····End:     Linear online protocol.................................................1.632ms
··End:     Linear layer.............................................................1.698ms
··Start:   ReLU layer
····Start:   ReLU online protocol
······Start:   Receiving inputs
······End:     Receiving inputs.....................................................41.111ms
······Start:   Evaluating GCs
······End:     Evaluating GCs.......................................................171.810ms
····End:     ReLU online protocol...................................................213.55ms
··End:     ReLU layer...............................................................235.144ms
··Start:   Linear layer
····Start:   Linear online protocol
Writing.. 73769
····End:     Linear online protocol.................................................1.241ms
··End:     Linear layer.............................................................1.326ms
··Start:   ReLU layer
····Start:   ReLU online protocol
······Start:   Receiving inputs
······End:     Receiving inputs.....................................................55.166ms
······Start:   Evaluating GCs
······End:     Evaluating GCs.......................................................146.830ms
····End:     ReLU online protocol...................................................202.88ms
··End:     ReLU layer...............................................................225.372ms
··Start:   Linear layer
····Start:   Linear online protocol
Writing.. 73769
····End:     Linear online protocol.................................................1.63ms
··End:     Linear layer.............................................................1.128ms
··Start:   ReLU layer
····Start:   ReLU online protocol
······Start:   Receiving inputs
······End:     Receiving inputs.....................................................55.838ms
······Start:   Evaluating GCs
······End:     Evaluating GCs.......................................................142.515ms
····End:     ReLU online protocol...................................................198.436ms
··End:     ReLU layer...............................................................221.615ms
··Start:   Linear layer
····Start:   Linear online protocol
Writing.. 73769
····End:     Linear online protocol.................................................982.987µs
··End:     Linear layer.............................................................1.36ms
··Start:   ReLU layer
····Start:   ReLU online protocol
······Start:   Receiving inputs
······End:     Receiving inputs.....................................................68.239ms
······Start:   Evaluating GCs
······End:     Evaluating GCs.......................................................145.665ms
····End:     ReLU online protocol...................................................214.5ms
··End:     ReLU layer...............................................................234.197ms
··Start:   Linear layer
····Start:   Linear online protocol
····End:     Linear online protocol.................................................74.579µs
··End:     Linear layer.............................................................110.888µs
··Start:   Linear layer
····Start:   Linear online protocol
Writing.. 18473
····End:     Linear online protocol.................................................593.152µs
··End:     Linear layer.............................................................601.822µs
End:     Client online phase........................................................14.774s
StartMsg: Offline Communication
  
  Read 10305944682 bytes
  Wrote 728979272 bytes

EndMsg: Offline Communication
StartMsg: Online Communication
  
  Read 659554715 bytes
  Wrote 4986738 bytes

EndMsg: Online Communication
