Layer dim: (1, 3, 32, 32) true
Layer dim: (1, 64, 32, 32) false
Layer dim: (1, 64, 32, 32) true
Layer dim: (1, 64, 32, 32) false
Layer dim: (1, 64, 32, 32) true
Layer dim: (1, 64, 32, 32) false
Layer dim: (1, 64, 32, 32) true
Layer dim: (1, 64, 32, 32) false
Layer dim: (1, 64, 32, 32) true
Layer dim: (1, 64, 32, 32) false
Layer dim: (1, 64, 32, 32) true
Layer dim: (1, 128, 16, 16) false
Layer dim: (1, 128, 16, 16) true
Layer dim: (1, 128, 16, 16) false
Layer dim: (1, 128, 16, 16) true
Layer dim: (1, 128, 16, 16) false
Layer dim: (1, 128, 16, 16) true
Layer dim: (1, 128, 16, 16) false
Layer dim: (1, 128, 16, 16) true
Layer dim: (1, 256, 8, 8) false
Layer dim: (1, 256, 8, 8) true
Layer dim: (1, 256, 8, 8) false
Layer dim: (1, 256, 8, 8) true
Layer dim: (1, 256, 8, 8) false
Layer dim: (1, 256, 8, 8) true
Layer dim: (1, 256, 8, 8) false
Layer dim: (1, 256, 8, 8) true
Layer dim: (1, 512, 4, 4) false
Layer dim: (1, 512, 4, 4) true
Layer dim: (1, 512, 4, 4) false
Layer dim: (1, 512, 4, 4) true
Layer dim: (1, 512, 4, 4) false
Layer dim: (1, 512, 4, 4) true
Layer dim: (1, 512, 4, 4) false
Layer dim: (1, 512, 4, 4) true
Layer dim: (1, 512, 2, 2) true
Start:   Receiving keys
End:     Receiving keys.............................................................476.381ms
Start:   Server offline phase
··Start:   Linear layers offline phase
····Start:   Server linear offline protocol
······Start:   Preprocessing
······End:     Preprocessing........................................................3.969ms
······Start:   Receiving Input
······End:     Receiving Input......................................................14.110ms
······Start:   Processing Layer
······End:     Processing Layer.....................................................1.682s
······Start:   Sending result
Writing.. 4195152
······End:     Sending result.......................................................7.407ms
····End:     Server linear offline protocol.........................................1.707s
····Start:   Server linear offline protocol
······Start:   Preprocessing
······End:     Preprocessing........................................................3.918ms
······Start:   Receiving Input
······End:     Receiving Input......................................................104.223ms
······Start:   Processing Layer
······End:     Processing Layer.....................................................13.527s
······Start:   Sending result
Writing.. 4195152
······End:     Sending result.......................................................7.704ms
····End:     Server linear offline protocol.........................................13.643s
····Start:   Server linear offline protocol
······Start:   Preprocessing
······End:     Preprocessing........................................................3.962ms
······Start:   Receiving Input
······End:     Receiving Input......................................................102.504ms
······Start:   Processing Layer
······End:     Processing Layer.....................................................13.447s
······Start:   Sending result
Writing.. 4195152
······End:     Sending result.......................................................7.751ms
····End:     Server linear offline protocol.........................................13.562s
····Start:   Server linear offline protocol
······Start:   Preprocessing
······End:     Preprocessing........................................................3.943ms
······Start:   Receiving Input
······End:     Receiving Input......................................................113.332ms
······Start:   Processing Layer
······End:     Processing Layer.....................................................13.425s
······Start:   Sending result
Writing.. 4195152
······End:     Sending result.......................................................8.43ms
····End:     Server linear offline protocol.........................................13.550s
····Start:   Server linear offline protocol
······Start:   Preprocessing
······End:     Preprocessing........................................................3.931ms
······Start:   Receiving Input
······End:     Receiving Input......................................................118.839ms
······Start:   Processing Layer
······End:     Processing Layer.....................................................13.402s
······Start:   Sending result
Writing.. 4195152
······End:     Sending result.......................................................7.665ms
····End:     Server linear offline protocol.........................................13.533s
····Start:   Server linear offline protocol
······Start:   Preprocessing
······End:     Preprocessing........................................................5.589ms
······Start:   Receiving Input
······End:     Receiving Input......................................................111.36ms
······Start:   Processing Layer
······End:     Processing Layer.....................................................26.772s
······Start:   Sending result
Writing.. 8390296
······End:     Sending result.......................................................13.156ms
····End:     Server linear offline protocol.........................................26.902s
····Start:   Server linear offline protocol
······Start:   Preprocessing
······End:     Preprocessing........................................................1.969ms
······Start:   Receiving Input
······End:     Receiving Input......................................................53.312ms
······Start:   Processing Layer
······End:     Processing Layer.....................................................14.526s
······Start:   Sending result
Writing.. 2097580
······End:     Sending result.......................................................4.302ms
····End:     Server linear offline protocol.........................................14.585s
····Start:   Server linear offline protocol
······Start:   Preprocessing
······End:     Preprocessing........................................................2.20ms
······Start:   Receiving Input
······End:     Receiving Input......................................................57.388ms
······Start:   Processing Layer
······End:     Processing Layer.....................................................14.535s
······Start:   Sending result
Writing.. 2097580
······End:     Sending result.......................................................4.475ms
····End:     Server linear offline protocol.........................................14.599s
····Start:   Server linear offline protocol
······Start:   Preprocessing
······End:     Preprocessing........................................................1.992ms
······Start:   Receiving Input
······End:     Receiving Input......................................................49.111ms
······Start:   Processing Layer
······End:     Processing Layer.....................................................14.497s
······Start:   Sending result
Writing.. 2097580
······End:     Sending result.......................................................3.919ms
····End:     Server linear offline protocol.........................................14.552s
····Start:   Server linear offline protocol
······Start:   Preprocessing
······End:     Preprocessing........................................................2.816ms
······Start:   Receiving Input
······End:     Receiving Input......................................................66.769ms
······Start:   Processing Layer
······End:     Processing Layer.....................................................29.62s
······Start:   Sending result
Writing.. 4195152
······End:     Sending result.......................................................7.949ms
····End:     Server linear offline protocol.........................................29.140s
····Start:   Server linear offline protocol
······Start:   Preprocessing
······End:     Preprocessing........................................................1.24ms
······Start:   Receiving Input
······End:     Receiving Input......................................................29.269ms
······Start:   Processing Layer
······End:     Processing Layer.....................................................15.830s
······Start:   Sending result
Writing.. 1048794
······End:     Sending result.......................................................3.134ms
····End:     Server linear offline protocol.........................................15.864s
····Start:   Server linear offline protocol
······Start:   Preprocessing
······End:     Preprocessing........................................................988.656µs
······Start:   Receiving Input
······End:     Receiving Input......................................................28.860ms
······Start:   Processing Layer
······End:     Processing Layer.....................................................15.789s
······Start:   Sending result
Writing.. 1048794
······End:     Sending result.......................................................2.867ms
····End:     Server linear offline protocol.........................................15.821s
····Start:   Server linear offline protocol
······Start:   Preprocessing
······End:     Preprocessing........................................................1.35ms
······Start:   Receiving Input
······End:     Receiving Input......................................................21.957ms
······Start:   Processing Layer
······End:     Processing Layer.....................................................15.793s
······Start:   Sending result
Writing.. 1048794
······End:     Sending result.......................................................2.846ms
····End:     Server linear offline protocol.........................................15.819s
····Start:   Server linear offline protocol
······Start:   Preprocessing
······End:     Preprocessing........................................................1.472ms
······Start:   Receiving Input
······End:     Receiving Input......................................................33.360ms
······Start:   Processing Layer
······End:     Processing Layer.....................................................31.723s
······Start:   Sending result
Writing.. 2097580
······End:     Sending result.......................................................4.8ms
····End:     Server linear offline protocol.........................................31.762s
····Start:   Server linear offline protocol
······Start:   Preprocessing
······End:     Preprocessing........................................................537.833µs
······Start:   Receiving Input
······End:     Receiving Input......................................................13.647ms
······Start:   Processing Layer
······End:     Processing Layer.....................................................17.120s
······Start:   Sending result
Writing.. 524401
······End:     Sending result.......................................................2.212ms
····End:     Server linear offline protocol.........................................17.136s
····Start:   Server linear offline protocol
······Start:   Preprocessing
······End:     Preprocessing........................................................544.3µs
······Start:   Receiving Input
······End:     Receiving Input......................................................12.15ms
······Start:   Processing Layer
······End:     Processing Layer.....................................................17.122s
······Start:   Sending result
Writing.. 524401
······End:     Sending result.......................................................2.190ms
····End:     Server linear offline protocol.........................................17.137s
····Start:   Server linear offline protocol
······Start:   Preprocessing
······End:     Preprocessing........................................................541.363µs
······Start:   Receiving Input
······End:     Receiving Input......................................................9.384ms
······Start:   Processing Layer
······End:     Processing Layer.....................................................17.122s
······Start:   Sending result
Writing.. 524401
······End:     Sending result.......................................................2.487ms
····End:     Server linear offline protocol.........................................17.134s
····Start:   Server linear offline protocol
······Start:   Preprocessing
······End:     Preprocessing........................................................312.346µs
······Start:   Receiving Input
······End:     Receiving Input......................................................14.626ms
······Start:   Processing Layer
······End:     Processing Layer.....................................................72.356ms
······Start:   Sending result
Writing.. 524401
······End:     Sending result.......................................................1.949ms
····End:     Server linear offline protocol.........................................89.371ms
··End:     Linear layers offline phase..............................................300.618s
··Start:   ReLU layers offline phase, with 557056 activations
····Start:   ReLU offline protocol
······Start:   Garbling
······End:     Garbling.............................................................17.82s
······Start:   Encoding inputs
······End:     Encoding inputs......................................................4.328s
······Start:   Sending GCs
Writing.. 139853840
Writing.. 139853840
Writing.. 139853840
Writing.. 139853840
Writing.. 139853840
Writing.. 139853840
Writing.. 139853840
Writing.. 139853840
Writing.. 139853840
Writing.. 139853840
Writing.. 139853840
Writing.. 139853840
Writing.. 139853840
Writing.. 139853840
Writing.. 139853840
Writing.. 139853840
Writing.. 139853840
Writing.. 139853840
Writing.. 139853840
Writing.. 139853840
Writing.. 139853840
Writing.. 139853840
Writing.. 139853840
Writing.. 139853840
Writing.. 139853840
Writing.. 139853840
Writing.. 139853840
Writing.. 139853840
Writing.. 139853840
Writing.. 139853840
Writing.. 139853840
Writing.. 139853840
Writing.. 139853840
Writing.. 139853840
Writing.. 139853840
Writing.. 139853840
Writing.. 139853840
Writing.. 139853840
Writing.. 139853840
Writing.. 139853840
Writing.. 139853840
Writing.. 139853840
Writing.. 139853840
Writing.. 139853840
Writing.. 139853840
Writing.. 139853840
Writing.. 139853840
Writing.. 139853840
Writing.. 139853840
Writing.. 139853840
Writing.. 139853840
Writing.. 139853840
Writing.. 139853840
Writing.. 139853840
Writing.. 139853840
Writing.. 139853840
Writing.. 139853840
Writing.. 139853840
Writing.. 139853840
Writing.. 139853840
Writing.. 139853840
Writing.. 139853840
Writing.. 139853840
Writing.. 139853840
Writing.. 139853840
Writing.. 139853840
Writing.. 139853840
Writing.. 139853840
······End:     Sending GCs..........................................................7.17s
Len of labels sent during OT: 23396352
······Start:   OTs
EXT-OT.1 : Sender to Receiver.. 748683264
······End:     OTs..................................................................2.206s
····End:     ReLU offline protocol..................................................30.635s
··End:     ReLU layers offline phase, with 557056 activations.......................30.970s
··Start:   Approx layers offline phase, with 0 activations
··End:     Approx layers offline phase, with 0 activations..........................360ns
End:     Server offline phase.......................................................331.589s
Start:   Server online phase
··Start:   Linear layer
····Start:   Linear online protocol
····End:     Linear online protocol.................................................69.267ms
··End:     Linear layer.............................................................70.918ms
··Start:   ReLU layer
····Start:   ReLU online protocol
······Start:   Encoding inputs
······End:     Encoding inputs......................................................131.499ms
······Start:   Sending inputs
······End:     Sending inputs.......................................................70ns
····End:     ReLU online protocol...................................................131.564ms
Writing.. 77594630
··End:     ReLU layer...............................................................198.343ms
··Start:   Linear layer
····Start:   Linear online protocol
····End:     Linear online protocol.................................................21.576ms
··End:     Linear layer.............................................................1.270s
··Start:   ReLU layer
····Start:   ReLU online protocol
······Start:   Encoding inputs
······End:     Encoding inputs......................................................137.62ms
······Start:   Sending inputs
······End:     Sending inputs.......................................................70ns
····End:     ReLU online protocol...................................................137.119ms
Writing.. 77594630
··End:     ReLU layer...............................................................206.115ms
··Start:   Linear layer
····Start:   Linear online protocol
····End:     Linear online protocol.................................................24.793ms
··End:     Linear layer.............................................................1.302s
··Start:   ReLU layer
····Start:   ReLU online protocol
······Start:   Encoding inputs
······End:     Encoding inputs......................................................135.928ms
······Start:   Sending inputs
······End:     Sending inputs.......................................................70ns
····End:     ReLU online protocol...................................................135.988ms
Writing.. 77594630
··End:     ReLU layer...............................................................208.289ms
··Start:   Linear layer
····Start:   Linear online protocol
····End:     Linear online protocol.................................................29.84ms
··End:     Linear layer.............................................................1.278s
··Start:   ReLU layer
····Start:   ReLU online protocol
······Start:   Encoding inputs
······End:     Encoding inputs......................................................140.27ms
······Start:   Sending inputs
······End:     Sending inputs.......................................................80ns
····End:     ReLU online protocol...................................................140.84ms
Writing.. 77594630
··End:     ReLU layer...............................................................216.22ms
··Start:   Linear layer
····Start:   Linear online protocol
····End:     Linear online protocol.................................................23.818ms
··End:     Linear layer.............................................................1.304s
··Start:   ReLU layer
····Start:   ReLU online protocol
······Start:   Encoding inputs
······End:     Encoding inputs......................................................139.218ms
······Start:   Sending inputs
······End:     Sending inputs.......................................................70ns
····End:     ReLU online protocol...................................................139.278ms
Writing.. 77594630
··End:     ReLU layer...............................................................207.372ms
··Start:   Linear layer
····Start:   Linear online protocol
····End:     Linear online protocol.................................................22.466ms
··End:     Linear layer.............................................................1.277s
··Start:   ReLU layer
····Start:   ReLU online protocol
······Start:   Encoding inputs
······End:     Encoding inputs......................................................70.828ms
······Start:   Sending inputs
······End:     Sending inputs.......................................................80ns
····End:     ReLU online protocol...................................................70.883ms
Writing.. 38797320
··End:     ReLU layer...............................................................105.305ms
··Start:   Linear layer
····Start:   Linear online protocol
····End:     Linear online protocol.................................................18.191ms
··End:     Linear layer.............................................................654.155ms
··Start:   ReLU layer
····Start:   ReLU online protocol
······Start:   Encoding inputs
······End:     Encoding inputs......................................................81.766ms
······Start:   Sending inputs
······End:     Sending inputs.......................................................70ns
····End:     ReLU online protocol...................................................81.819ms
Writing.. 38797320
··End:     ReLU layer...............................................................119.177ms
··Start:   Linear layer
····Start:   Linear online protocol
····End:     Linear online protocol.................................................17.329ms
··End:     Linear layer.............................................................649.753ms
··Start:   ReLU layer
····Start:   ReLU online protocol
······Start:   Encoding inputs
······End:     Encoding inputs......................................................91.320ms
······Start:   Sending inputs
······End:     Sending inputs.......................................................70ns
····End:     ReLU online protocol...................................................91.373ms
Writing.. 38797320
··End:     ReLU layer...............................................................124.308ms
··Start:   Linear layer
····Start:   Linear online protocol
····End:     Linear online protocol.................................................18.100ms
··End:     Linear layer.............................................................650.469ms
··Start:   ReLU layer
····Start:   ReLU online protocol
······Start:   Encoding inputs
······End:     Encoding inputs......................................................95.866ms
······Start:   Sending inputs
······End:     Sending inputs.......................................................70ns
····End:     ReLU online protocol...................................................95.918ms
Writing.. 38797320
··End:     ReLU layer...............................................................134.869ms
··Start:   Linear layer
····Start:   Linear online protocol
····End:     Linear online protocol.................................................18.540ms
··End:     Linear layer.............................................................638.213ms
··Start:   ReLU layer
····Start:   ReLU online protocol
······Start:   Encoding inputs
······End:     Encoding inputs......................................................104.158ms
······Start:   Sending inputs
······End:     Sending inputs.......................................................60ns
····End:     ReLU online protocol...................................................104.212ms
Writing.. 19398664
··End:     ReLU layer...............................................................127.653ms
··Start:   Linear layer
····Start:   Linear online protocol
····End:     Linear online protocol.................................................20.718ms
··End:     Linear layer.............................................................339.186ms
··Start:   ReLU layer
····Start:   ReLU online protocol
······Start:   Encoding inputs
······End:     Encoding inputs......................................................48.423ms
······Start:   Sending inputs
······End:     Sending inputs.......................................................80ns
····End:     ReLU online protocol...................................................48.472ms
Writing.. 19398664
··End:     ReLU layer...............................................................64.762ms
··Start:   Linear layer
····Start:   Linear online protocol
····End:     Linear online protocol.................................................20.232ms
··End:     Linear layer.............................................................343.714ms
··Start:   ReLU layer
····Start:   ReLU online protocol
······Start:   Encoding inputs
······End:     Encoding inputs......................................................63.315ms
······Start:   Sending inputs
······End:     Sending inputs.......................................................80ns
····End:     ReLU online protocol...................................................63.362ms
Writing.. 19398664
··End:     ReLU layer...............................................................77.375ms
··Start:   Linear layer
····Start:   Linear online protocol
····End:     Linear online protocol.................................................19.963ms
··End:     Linear layer.............................................................334.704ms
··Start:   ReLU layer
····Start:   ReLU online protocol
······Start:   Encoding inputs
······End:     Encoding inputs......................................................137.49ms
······Start:   Sending inputs
······End:     Sending inputs.......................................................70ns
····End:     ReLU online protocol...................................................137.106ms
Writing.. 19398664
··End:     ReLU layer...............................................................149.600ms
··Start:   Linear layer
····Start:   Linear online protocol
····End:     Linear online protocol.................................................26.153ms
··End:     Linear layer.............................................................341.656ms
··Start:   ReLU layer
····Start:   ReLU online protocol
······Start:   Encoding inputs
······End:     Encoding inputs......................................................25.786ms
······Start:   Sending inputs
······End:     Sending inputs.......................................................70ns
····End:     ReLU online protocol...................................................25.831ms
Writing.. 9699336
··End:     ReLU layer...............................................................33.523ms
··Start:   Linear layer
····Start:   Linear online protocol
····End:     Linear online protocol.................................................42.259ms
··End:     Linear layer.............................................................201.966ms
··Start:   ReLU layer
····Start:   ReLU online protocol
······Start:   Encoding inputs
······End:     Encoding inputs......................................................118.418ms
······Start:   Sending inputs
······End:     Sending inputs.......................................................70ns
····End:     ReLU online protocol...................................................118.476ms
Writing.. 9699336
··End:     ReLU layer...............................................................130.608ms
··Start:   Linear layer
····Start:   Linear online protocol
····End:     Linear online protocol.................................................35.412ms
··End:     Linear layer.............................................................202.243ms
··Start:   ReLU layer
····Start:   ReLU online protocol
······Start:   Encoding inputs
······End:     Encoding inputs......................................................64.32ms
······Start:   Sending inputs
······End:     Sending inputs.......................................................70ns
····End:     ReLU online protocol...................................................64.84ms
Writing.. 9699336
··End:     ReLU layer...............................................................72.827ms
··Start:   Linear layer
····Start:   Linear online protocol
····End:     Linear online protocol.................................................44.779ms
··End:     Linear layer.............................................................214.447ms
··Start:   ReLU layer
····Start:   ReLU online protocol
······Start:   Encoding inputs
······End:     Encoding inputs......................................................31.172ms
······Start:   Sending inputs
······End:     Sending inputs.......................................................90ns
····End:     ReLU online protocol...................................................31.215ms
Writing.. 9699336
··End:     ReLU layer...............................................................36.872ms
··Start:   Linear layer
····Start:   Linear online protocol
····End:     Linear online protocol.................................................88.829µs
··End:     Linear layer.............................................................123.799µs
··Start:   Linear layer
····Start:   Linear online protocol
····End:     Linear online protocol.................................................287.636µs
··End:     Linear layer.............................................................170.151ms
Writing.. 131
End:     Server online phase........................................................13.460s
StartMsg: Offline Communication
  
  Read 728979272 bytes
  Wrote 10305944682 bytes

EndMsg: Offline Communication
StartMsg: Online Communication
  
  Read 4986738 bytes
  Wrote 659554715 bytes

EndMsg: Online Communication
