fc input dims = (1, 512, 1, 1)
Layer dim: (1, 3, 32, 32) true
Layer dim: (1, 64, 32, 32) false
Layer dim: (1, 64, 32, 32) true
Layer dim: (1, 64, 32, 32) false
Layer dim: (1, 64, 32, 32) true
Layer dim: (1, 64, 16, 16) true
Layer dim: (1, 128, 16, 16) false
Layer dim: (1, 128, 16, 16) true
Layer dim: (1, 128, 16, 16) false
Layer dim: (1, 128, 16, 16) true
Layer dim: (1, 128, 8, 8) true
Layer dim: (1, 256, 8, 8) false
Layer dim: (1, 256, 8, 8) true
Layer dim: (1, 256, 8, 8) false
Layer dim: (1, 256, 8, 8) true
Layer dim: (1, 256, 8, 8) false
Layer dim: (1, 256, 8, 8) true
Layer dim: (1, 256, 4, 4) true
Layer dim: (1, 512, 4, 4) false
Layer dim: (1, 512, 4, 4) true
Layer dim: (1, 512, 4, 4) false
Layer dim: (1, 512, 4, 4) true
Layer dim: (1, 512, 4, 4) false
Layer dim: (1, 512, 4, 4) true
Layer dim: (1, 512, 2, 2) true
Layer dim: (1, 512, 2, 2) false
Layer dim: (1, 512, 2, 2) true
Layer dim: (1, 512, 2, 2) false
Layer dim: (1, 512, 2, 2) true
Layer dim: (1, 512, 2, 2) false
Layer dim: (1, 512, 2, 2) true
Layer dim: (1, 512, 1, 1) true
Layer dim: (1, 4096, 1, 1) false
Layer dim: (1, 4096, 1, 1) true
Layer dim: (1, 4096, 1, 1) false
Layer dim: (1, 4096, 1, 1) true
Start:   Generating keys
End:     Generating keys............................................................330.447ms
Start:   Sending keys
Writing.. 33180308
End:     Sending keys...............................................................55.387ms
Start:   Client offline phase
··Start:   Linear layers offline phase
····Start:   Linear offline protocol
······Start:   Client preprocessing
······End:     Client preprocessing.................................................40.151ms
······Start:   Sending input
Writing.. 4719545
······End:     Sending input........................................................8.148ms
······Start:   Receiving Result
······End:     Receiving Result.....................................................2.44s
······Start:   Post-processing
······End:     Post-processing......................................................12.615ms
····End:     Linear offline protocol................................................2.105s
····Start:   Linear offline protocol
······Start:   Client preprocessing
······End:     Client preprocessing.................................................341.157ms
······Start:   Sending input
Writing.. 37756304
······End:     Sending input........................................................64.956ms
······Start:   Receiving Result
······End:     Receiving Result.....................................................14.8s
······Start:   Post-processing
······End:     Post-processing......................................................12.733ms
····End:     Linear offline protocol................................................14.427s
····Start:   Linear offline protocol
······Start:   Client preprocessing
······End:     Client preprocessing.................................................75.3ms
······Start:   Sending input
Writing.. 9439082
······End:     Sending input........................................................13.910ms
······Start:   Receiving Result
······End:     Receiving Result.....................................................7.631s
······Start:   Post-processing
······End:     Post-processing......................................................9.110ms
····End:     Linear offline protocol................................................7.729s
····Start:   Linear offline protocol
······Start:   Client preprocessing
······End:     Client preprocessing.................................................151.365ms
······Start:   Sending input
Writing.. 18878156
······End:     Sending input........................................................29.643ms
······Start:   Receiving Result
······End:     Receiving Result.....................................................15.277s
······Start:   Post-processing
······End:     Post-processing......................................................6.989ms
····End:     Linear offline protocol................................................15.465s
····Start:   Linear offline protocol
······Start:   Client preprocessing
······End:     Client preprocessing.................................................36.733ms
······Start:   Sending input
Writing.. 4719545
······End:     Sending input........................................................7.594ms
······Start:   Receiving Result
······End:     Receiving Result.....................................................8.314s
······Start:   Post-processing
······End:     Post-processing......................................................6.980ms
····End:     Linear offline protocol................................................8.365s
····Start:   Linear offline protocol
······Start:   Client preprocessing
······End:     Client preprocessing.................................................76.18ms
······Start:   Sending input
Writing.. 9439082
······End:     Sending input........................................................13.992ms
······Start:   Receiving Result
······End:     Receiving Result.....................................................16.630s
······Start:   Post-processing
······End:     Post-processing......................................................6.989ms
····End:     Linear offline protocol................................................16.727s
····Start:   Linear offline protocol
······Start:   Client preprocessing
······End:     Client preprocessing.................................................75.863ms
······Start:   Sending input
Writing.. 9439082
······End:     Sending input........................................................13.947ms
······Start:   Receiving Result
······End:     Receiving Result.....................................................16.606s
······Start:   Post-processing
······End:     Post-processing......................................................6.958ms
····End:     Linear offline protocol................................................16.703s
····Start:   Linear offline protocol
······Start:   Client preprocessing
······End:     Client preprocessing.................................................37.185ms
······Start:   Sending input
Writing.. 4719545
······End:     Sending input........................................................7.524ms
······Start:   Receiving Result
······End:     Receiving Result.....................................................17.922s
······Start:   Post-processing
······End:     Post-processing......................................................3.523ms
····End:     Linear offline protocol................................................17.970s
····Start:   Linear offline protocol
······Start:   Client preprocessing
······End:     Client preprocessing.................................................39.468ms
······Start:   Sending input
Writing.. 4719545
······End:     Sending input........................................................7.385ms
······Start:   Receiving Result
······End:     Receiving Result.....................................................18.20s
······Start:   Post-processing
······End:     Post-processing......................................................3.601ms
····End:     Linear offline protocol................................................18.71s
····Start:   Linear offline protocol
······Start:   Client preprocessing
······End:     Client preprocessing.................................................39.682ms
······Start:   Sending input
Writing.. 4719545
······End:     Sending input........................................................7.304ms
······Start:   Receiving Result
······End:     Receiving Result.....................................................18.14s
······Start:   Post-processing
······End:     Post-processing......................................................3.530ms
····End:     Linear offline protocol................................................18.64s
····Start:   Linear offline protocol
······Start:   Client preprocessing
······End:     Client preprocessing.................................................38.919ms
······Start:   Sending input
Writing.. 4719545
······End:     Sending input........................................................7.428ms
······Start:   Receiving Result
······End:     Receiving Result.....................................................19.286s
······Start:   Post-processing
······End:     Post-processing......................................................3.435ms
····End:     Linear offline protocol................................................19.336s
····Start:   Linear offline protocol
······Start:   Client preprocessing
······End:     Client preprocessing.................................................40.653ms
······Start:   Sending input
Writing.. 4719545
······End:     Sending input........................................................7.501ms
······Start:   Receiving Result
······End:     Receiving Result.....................................................19.357s
······Start:   Post-processing
······End:     Post-processing......................................................3.435ms
····End:     Linear offline protocol................................................19.409s
····Start:   Linear offline protocol
······Start:   Client preprocessing
······End:     Client preprocessing.................................................40.205ms
······Start:   Sending input
Writing.. 4719545
······End:     Sending input........................................................7.506ms
······Start:   Receiving Result
······End:     Receiving Result.....................................................19.280s
······Start:   Post-processing
······End:     Post-processing......................................................3.438ms
····End:     Linear offline protocol................................................19.331s
····Start:   Linear offline protocol
······Start:   Client preprocessing
······End:     Client preprocessing.................................................7.508ms
······Start:   Sending input
Writing.. 524401
······End:     Sending input........................................................1.667ms
······Start:   Receiving Result
······End:     Receiving Result.....................................................3.964s
······Start:   Post-processing
······End:     Post-processing......................................................3.682ms
····End:     Linear offline protocol................................................3.976s
····Start:   Linear offline protocol
······Start:   Client preprocessing
······End:     Client preprocessing.................................................7.109ms
······Start:   Sending input
Writing.. 524401
······End:     Sending input........................................................1.706ms
······Start:   Receiving Result
······End:     Receiving Result.....................................................39.983s
······Start:   Post-processing
······End:     Post-processing......................................................3.699ms
····End:     Linear offline protocol................................................39.995s
····Start:   Linear offline protocol
······Start:   Client preprocessing
······End:     Client preprocessing.................................................6.970ms
······Start:   Sending input
Writing.. 524401
······End:     Sending input........................................................5.267ms
······Start:   Receiving Result
······End:     Receiving Result.....................................................159.78ms
······Start:   Post-processing
······End:     Post-processing......................................................3.726ms
····End:     Linear offline protocol................................................175.145ms
··End:     Linear layers offline phase..............................................237.863s
··Start:   ReLU layers offline phase with 284672 ReLUs
····Start:   ReLU offline protocol
······Start:   Receiving GCs
······End:     Receiving GCs........................................................14.426s
······Start:   OTs
BASE-OT.0: Receiver to Sender.. 4096
EXT-OT.0 : Receiver to Sender.. 191299584
······End:     OTs..................................................................1.46s
SIZE OF LABELS: 382599168
····End:     ReLU offline protocol..................................................15.525s
··End:     ReLU layers offline phase with 284672 ReLUs..............................15.749s
··Start:   Approx layers offline phase with 0 approximations
··End:     Approx layers offline phase with 0 approximations........................80ns
End:     Client offline phase.......................................................253.613s
Start:   Client online phase
··Start:   Linear layer
····Start:   Linear online protocol
Writing.. 27689
····End:     Linear online protocol.................................................350.506µs
··End:     Linear layer.............................................................610.853µs
··Start:   ReLU layer
····Start:   ReLU online protocol
······Start:   Receiving inputs
······End:     Receiving inputs.....................................................273.181ms
······Start:   Evaluating GCs
······End:     Evaluating GCs.......................................................1.130s
····End:     ReLU online protocol...................................................1.403s
··End:     ReLU layer...............................................................1.511s
··Start:   Linear layer
····Start:   Linear online protocol
Writing.. 589865
····End:     Linear online protocol.................................................1.790ms
··End:     Linear layer.............................................................2.27ms
··Start:   ReLU layer
····Start:   ReLU online protocol
······Start:   Receiving inputs
······End:     Receiving inputs.....................................................204.614ms
······Start:   Evaluating GCs
······End:     Evaluating GCs.......................................................1.124s
····End:     ReLU online protocol...................................................1.328s
··End:     ReLU layer...............................................................1.447s
··Start:   Linear layer
····Start:   Linear online protocol
····End:     Linear online protocol.................................................1.365ms
··End:     Linear layer.............................................................1.488ms
··Start:   Linear layer
····Start:   Linear online protocol
Writing.. 147497
····End:     Linear online protocol.................................................1.112ms
··End:     Linear layer.............................................................1.228ms
··Start:   ReLU layer
····Start:   ReLU online protocol
······Start:   Receiving inputs
······End:     Receiving inputs.....................................................94.531ms
······Start:   Evaluating GCs
······End:     Evaluating GCs.......................................................570.454ms
····End:     ReLU online protocol...................................................665.93ms
··End:     ReLU layer...............................................................729.753ms
··Start:   Linear layer
····Start:   Linear online protocol
Writing.. 294953
····End:     Linear online protocol.................................................1.428ms
··End:     Linear layer.............................................................1.575ms
··Start:   ReLU layer
····Start:   ReLU online protocol
······Start:   Receiving inputs
······End:     Receiving inputs.....................................................91.727ms
······Start:   Evaluating GCs
······End:     Evaluating GCs.......................................................607.462ms
····End:     ReLU online protocol...................................................699.304ms
··End:     ReLU layer...............................................................766.301ms
··Start:   Linear layer
····Start:   Linear online protocol
····End:     Linear online protocol.................................................689.951µs
··End:     Linear layer.............................................................758.451µs
··Start:   Linear layer
····Start:   Linear online protocol
Writing.. 73769
····End:     Linear online protocol.................................................923.148µs
··End:     Linear layer.............................................................991.117µs
··Start:   ReLU layer
····Start:   ReLU online protocol
······Start:   Receiving inputs
······End:     Receiving inputs.....................................................159.217ms
······Start:   Evaluating GCs
······End:     Evaluating GCs.......................................................409.902ms
····End:     ReLU online protocol...................................................569.213ms
··End:     ReLU layer...............................................................601.618ms
··Start:   Linear layer
····Start:   Linear online protocol
Writing.. 147497
····End:     Linear online protocol.................................................1.338ms
··End:     Linear layer.............................................................1.442ms
··Start:   ReLU layer
····Start:   ReLU online protocol
······Start:   Receiving inputs
······End:     Receiving inputs.....................................................87.347ms
······Start:   Evaluating GCs
······End:     Evaluating GCs.......................................................404.181ms
····End:     ReLU online protocol...................................................491.642ms
··End:     ReLU layer...............................................................527.101ms
··Start:   Linear layer
····Start:   Linear online protocol
Writing.. 147497
····End:     Linear online protocol.................................................1.226ms
··End:     Linear layer.............................................................1.315ms
··Start:   ReLU layer
····Start:   ReLU online protocol
······Start:   Receiving inputs
······End:     Receiving inputs.....................................................70.85ms
······Start:   Evaluating GCs
······End:     Evaluating GCs.......................................................351.489ms
····End:     ReLU online protocol...................................................421.683ms
··End:     ReLU layer...............................................................464.106ms
··Start:   Linear layer
····Start:   Linear online protocol
····End:     Linear online protocol.................................................425.704µs
··End:     Linear layer.............................................................479.804µs
··Start:   Linear layer
····Start:   Linear online protocol
Writing.. 36905
····End:     Linear online protocol.................................................659.421µs
··End:     Linear layer.............................................................697.851µs
··Start:   ReLU layer
····Start:   ReLU online protocol
······Start:   Receiving inputs
······End:     Receiving inputs.....................................................38.189ms
······Start:   Evaluating GCs
······End:     Evaluating GCs.......................................................141.799ms
····End:     ReLU online protocol...................................................180.83ms
··End:     ReLU layer...............................................................215.698ms
··Start:   Linear layer
····Start:   Linear online protocol
Writing.. 73769
····End:     Linear online protocol.................................................995.897µs
··End:     Linear layer.............................................................1.65ms
··Start:   ReLU layer
····Start:   ReLU online protocol
······Start:   Receiving inputs
······End:     Receiving inputs.....................................................50.476ms
······Start:   Evaluating GCs
······End:     Evaluating GCs.......................................................141.515ms
····End:     ReLU online protocol...................................................192.65ms
··End:     ReLU layer...............................................................214.961ms
··Start:   Linear layer
····Start:   Linear online protocol
Writing.. 73769
····End:     Linear online protocol.................................................1.62ms
··End:     Linear layer.............................................................1.114ms
··Start:   ReLU layer
····Start:   ReLU online protocol
······Start:   Receiving inputs
······End:     Receiving inputs.....................................................77.223ms
······Start:   Evaluating GCs
······End:     Evaluating GCs.......................................................142.226ms
····End:     ReLU online protocol...................................................219.522ms
··End:     ReLU layer...............................................................239.121ms
··Start:   Linear layer
····Start:   Linear online protocol
····End:     Linear online protocol.................................................78.279µs
··End:     Linear layer.............................................................113.589µs
··Start:   Linear layer
····Start:   Linear online protocol
Writing.. 18473
····End:     Linear online protocol.................................................868.98µs
··End:     Linear layer.............................................................901.208µs
··Start:   ReLU layer
····Start:   ReLU online protocol
······Start:   Receiving inputs
······End:     Receiving inputs.....................................................34.631ms
······Start:   Evaluating GCs
······End:     Evaluating GCs.......................................................38.573ms
····End:     ReLU online protocol...................................................73.254ms
··End:     ReLU layer...............................................................84.135ms
··Start:   Linear layer
····Start:   Linear online protocol
Writing.. 18473
····End:     Linear online protocol.................................................313.626µs
··End:     Linear layer.............................................................342.516µs
··Start:   ReLU layer
····Start:   ReLU online protocol
······Start:   Receiving inputs
······End:     Receiving inputs.....................................................32.503ms
······Start:   Evaluating GCs
······End:     Evaluating GCs.......................................................39.844ms
····End:     ReLU online protocol...................................................72.385ms
··End:     ReLU layer...............................................................84.698ms
··Start:   Linear layer
····Start:   Linear online protocol
Writing.. 18473
····End:     Linear online protocol.................................................219.427µs
··End:     Linear layer.............................................................237.457µs
··Start:   ReLU layer
····Start:   ReLU online protocol
······Start:   Receiving inputs
······End:     Receiving inputs.....................................................37.559ms
······Start:   Evaluating GCs
······End:     Evaluating GCs.......................................................41.658ms
····End:     ReLU online protocol...................................................79.281ms
··End:     ReLU layer...............................................................88.178ms
··Start:   Linear layer
····Start:   Linear online protocol
····End:     Linear online protocol.................................................38.339µs
··End:     Linear layer.............................................................58.219µs
··Start:   Linear layer
····Start:   Linear online protocol
Writing.. 4649
····End:     Linear online protocol.................................................153.408µs
··End:     Linear layer.............................................................188.268µs
··Start:   ReLU layer
····Start:   ReLU online protocol
······Start:   Receiving inputs
······End:     Receiving inputs.....................................................30.439ms
······Start:   Evaluating GCs
······End:     Evaluating GCs.......................................................73.128ms
····End:     ReLU online protocol...................................................103.627ms
··End:     ReLU layer...............................................................122.125ms
··Start:   Linear layer
····Start:   Linear online protocol
Writing.. 36905
····End:     Linear online protocol.................................................982.278µs
··End:     Linear layer.............................................................1.12ms
··Start:   ReLU layer
····Start:   ReLU online protocol
······Start:   Receiving inputs
······End:     Receiving inputs.....................................................168.361ms
······Start:   Evaluating GCs
······End:     Evaluating GCs.......................................................71.741ms
····End:     ReLU online protocol...................................................240.186ms
··End:     ReLU layer...............................................................250.281ms
··Start:   Linear layer
····Start:   Linear online protocol
Writing.. 36905
····End:     Linear online protocol.................................................724.401µs
··End:     Linear layer.............................................................735.60µs
End:     Client online phase........................................................7.437s
StartMsg: Offline Communication
  
  Read 5262976071 bytes
  Wrote 348765424 bytes

EndMsg: Offline Communication
StartMsg: Online Communication
  
  Read 337052027 bytes
  Wrote 1747216 bytes

EndMsg: Online Communication
