fc input dims = (1, 512, 1, 1)
Layer dim: (1, 3, 32, 32) true
Layer dim: (1, 64, 32, 32) false
Layer dim: (1, 64, 32, 32) true
Layer dim: (1, 64, 32, 32) false
Layer dim: (1, 64, 32, 32) true
Layer dim: (1, 64, 16, 16) true
Layer dim: (1, 128, 16, 16) false
Layer dim: (1, 128, 16, 16) true
Layer dim: (1, 128, 16, 16) false
Layer dim: (1, 128, 16, 16) true
Layer dim: (1, 128, 8, 8) true
Layer dim: (1, 256, 8, 8) false
Layer dim: (1, 256, 8, 8) true
Layer dim: (1, 256, 8, 8) false
Layer dim: (1, 256, 8, 8) true
Layer dim: (1, 256, 8, 8) false
Layer dim: (1, 256, 8, 8) true
Layer dim: (1, 256, 4, 4) true
Layer dim: (1, 512, 4, 4) false
Layer dim: (1, 512, 4, 4) true
Layer dim: (1, 512, 4, 4) false
Layer dim: (1, 512, 4, 4) true
Layer dim: (1, 512, 4, 4) false
Layer dim: (1, 512, 4, 4) true
Layer dim: (1, 512, 2, 2) true
Layer dim: (1, 512, 2, 2) false
Layer dim: (1, 512, 2, 2) true
Layer dim: (1, 512, 2, 2) false
Layer dim: (1, 512, 2, 2) true
Layer dim: (1, 512, 2, 2) false
Layer dim: (1, 512, 2, 2) true
Layer dim: (1, 512, 1, 1) true
Layer dim: (1, 4096, 1, 1) false
Layer dim: (1, 4096, 1, 1) true
Layer dim: (1, 4096, 1, 1) false
Layer dim: (1, 4096, 1, 1) true
Start:   Generating keys
End:     Generating keys............................................................333.553ms
Start:   Sending keys
Writing.. 33180308
End:     Sending keys...............................................................56.94ms
Start:   Client offline phase
··Start:   Linear layers offline phase
····Start:   Linear offline protocol
······Start:   Client preprocessing
······End:     Client preprocessing.................................................40.929ms
······Start:   Sending input
Writing.. 4719545
······End:     Sending input........................................................8.438ms
······Start:   Receiving Result
······End:     Receiving Result.....................................................2.50s
······Start:   Post-processing
······End:     Post-processing......................................................12.725ms
····End:     Linear offline protocol................................................2.113s
····Start:   Linear offline protocol
······Start:   Client preprocessing
······End:     Client preprocessing.................................................350.276ms
······Start:   Sending input
Writing.. 37756304
······End:     Sending input........................................................67.250ms
······Start:   Receiving Result
······End:     Receiving Result.....................................................14.82s
······Start:   Post-processing
······End:     Post-processing......................................................12.646ms
····End:     Linear offline protocol................................................14.512s
····Start:   Linear offline protocol
······Start:   Client preprocessing
······End:     Client preprocessing.................................................75.458ms
······Start:   Sending input
Writing.. 9439082
······End:     Sending input........................................................14.0ms
······Start:   Receiving Result
······End:     Receiving Result.....................................................7.640s
······Start:   Post-processing
······End:     Post-processing......................................................7.353ms
····End:     Linear offline protocol................................................7.737s
····Start:   Linear offline protocol
······Start:   Client preprocessing
······End:     Client preprocessing.................................................153.356ms
······Start:   Sending input
Writing.. 18878156
······End:     Sending input........................................................29.806ms
······Start:   Receiving Result
······End:     Receiving Result.....................................................15.328s
······Start:   Post-processing
······End:     Post-processing......................................................7.926ms
····End:     Linear offline protocol................................................15.519s
····Start:   Linear offline protocol
······Start:   Client preprocessing
······End:     Client preprocessing.................................................37.450ms
······Start:   Sending input
Writing.. 4719545
······End:     Sending input........................................................7.518ms
······Start:   Receiving Result
······End:     Receiving Result.....................................................8.328s
······Start:   Post-processing
······End:     Post-processing......................................................6.993ms
····End:     Linear offline protocol................................................8.380s
····Start:   Linear offline protocol
······Start:   Client preprocessing
······End:     Client preprocessing.................................................77.292ms
······Start:   Sending input
Writing.. 9439082
······End:     Sending input........................................................14.1ms
······Start:   Receiving Result
······End:     Receiving Result.....................................................16.649s
······Start:   Post-processing
······End:     Post-processing......................................................6.882ms
····End:     Linear offline protocol................................................16.747s
····Start:   Linear offline protocol
······Start:   Client preprocessing
······End:     Client preprocessing.................................................77.287ms
······Start:   Sending input
Writing.. 9439082
······End:     Sending input........................................................14.43ms
······Start:   Receiving Result
······End:     Receiving Result.....................................................16.664s
······Start:   Post-processing
······End:     Post-processing......................................................6.756ms
····End:     Linear offline protocol................................................16.762s
····Start:   Linear offline protocol
······Start:   Client preprocessing
······End:     Client preprocessing.................................................36.853ms
······Start:   Sending input
Writing.. 4719545
······End:     Sending input........................................................7.350ms
······Start:   Receiving Result
······End:     Receiving Result.....................................................18.33s
······Start:   Post-processing
······End:     Post-processing......................................................3.510ms
····End:     Linear offline protocol................................................18.81s
····Start:   Linear offline protocol
······Start:   Client preprocessing
······End:     Client preprocessing.................................................40.233ms
······Start:   Sending input
Writing.. 4719545
······End:     Sending input........................................................7.492ms
······Start:   Receiving Result
······End:     Receiving Result.....................................................18.0s
······Start:   Post-processing
······End:     Post-processing......................................................3.554ms
····End:     Linear offline protocol................................................18.52s
····Start:   Linear offline protocol
······Start:   Client preprocessing
······End:     Client preprocessing.................................................39.531ms
······Start:   Sending input
Writing.. 4719545
······End:     Sending input........................................................7.490ms
······Start:   Receiving Result
······End:     Receiving Result.....................................................18.75s
······Start:   Post-processing
······End:     Post-processing......................................................3.564ms
····End:     Linear offline protocol................................................18.126s
····Start:   Linear offline protocol
······Start:   Client preprocessing
······End:     Client preprocessing.................................................40.521ms
······Start:   Sending input
Writing.. 4719545
······End:     Sending input........................................................7.504ms
······Start:   Receiving Result
······End:     Receiving Result.....................................................19.331s
······Start:   Post-processing
······End:     Post-processing......................................................3.451ms
····End:     Linear offline protocol................................................19.382s
····Start:   Linear offline protocol
······Start:   Client preprocessing
······End:     Client preprocessing.................................................41.180ms
······Start:   Sending input
Writing.. 4719545
······End:     Sending input........................................................7.411ms
······Start:   Receiving Result
······End:     Receiving Result.....................................................19.454s
······Start:   Post-processing
······End:     Post-processing......................................................3.414ms
····End:     Linear offline protocol................................................19.506s
····Start:   Linear offline protocol
······Start:   Client preprocessing
······End:     Client preprocessing.................................................39.615ms
······Start:   Sending input
Writing.. 4719545
······End:     Sending input........................................................7.509ms
······Start:   Receiving Result
······End:     Receiving Result.....................................................19.317s
······Start:   Post-processing
······End:     Post-processing......................................................3.427ms
····End:     Linear offline protocol................................................19.368s
····Start:   Linear offline protocol
······Start:   Client preprocessing
······End:     Client preprocessing.................................................6.498ms
······Start:   Sending input
Writing.. 524401
······End:     Sending input........................................................2.259ms
······Start:   Receiving Result
······End:     Receiving Result.....................................................3.987s
······Start:   Post-processing
······End:     Post-processing......................................................3.630ms
····End:     Linear offline protocol................................................4.0s
····Start:   Linear offline protocol
······Start:   Client preprocessing
······End:     Client preprocessing.................................................6.246ms
······Start:   Sending input
Writing.. 524401
······End:     Sending input........................................................1.565ms
······Start:   Receiving Result
······End:     Receiving Result.....................................................40.204s
······Start:   Post-processing
······End:     Post-processing......................................................3.680ms
····End:     Linear offline protocol................................................40.215s
····Start:   Linear offline protocol
······Start:   Client preprocessing
······End:     Client preprocessing.................................................8.696ms
······Start:   Sending input
Writing.. 524401
······End:     Sending input........................................................1.569ms
······Start:   Receiving Result
······End:     Receiving Result.....................................................155.408ms
······Start:   Post-processing
······End:     Post-processing......................................................3.116ms
····End:     Linear offline protocol................................................168.882ms
··End:     Linear layers offline phase..............................................238.682s
··Start:   ReLU layers offline phase with 284672 ReLUs
····Start:   ReLU offline protocol
······Start:   Receiving GCs
······End:     Receiving GCs........................................................14.198s
······Start:   OTs
BASE-OT.0: Receiver to Sender.. 4096
EXT-OT.0 : Receiver to Sender.. 191299584
······End:     OTs..................................................................1.33s
SIZE OF LABELS: 382599168
····End:     ReLU offline protocol..................................................15.284s
··End:     ReLU layers offline phase with 284672 ReLUs..............................15.495s
··Start:   Approx layers offline phase with 0 approximations
··End:     Approx layers offline phase with 0 approximations........................100ns
End:     Client offline phase.......................................................254.178s
Start:   Client online phase
··Start:   Linear layer
····Start:   Linear online protocol
Writing.. 27689
····End:     Linear online protocol.................................................377.316µs
··End:     Linear layer.............................................................722.110µs
··Start:   ReLU layer
····Start:   ReLU online protocol
······Start:   Receiving inputs
······End:     Receiving inputs.....................................................281.631ms
······Start:   Evaluating GCs
······End:     Evaluating GCs.......................................................1.114s
····End:     ReLU online protocol...................................................1.396s
··End:     ReLU layer...............................................................1.496s
··Start:   Linear layer
····Start:   Linear online protocol
Writing.. 589865
····End:     Linear online protocol.................................................1.732ms
··End:     Linear layer.............................................................1.977ms
··Start:   ReLU layer
····Start:   ReLU online protocol
······Start:   Receiving inputs
······End:     Receiving inputs.....................................................186.77ms
······Start:   Evaluating GCs
······End:     Evaluating GCs.......................................................1.99s
····End:     ReLU online protocol...................................................1.285s
··End:     ReLU layer...............................................................1.393s
··Start:   Linear layer
····Start:   Linear online protocol
····End:     Linear online protocol.................................................1.243ms
··End:     Linear layer.............................................................1.356ms
··Start:   Linear layer
····Start:   Linear online protocol
Writing.. 147497
····End:     Linear online protocol.................................................1.287ms
··End:     Linear layer.............................................................1.395ms
··Start:   ReLU layer
····Start:   ReLU online protocol
······Start:   Receiving inputs
······End:     Receiving inputs.....................................................95.381ms
······Start:   Evaluating GCs
······End:     Evaluating GCs.......................................................554.54ms
····End:     ReLU online protocol...................................................649.553ms
··End:     ReLU layer...............................................................711.528ms
··Start:   Linear layer
····Start:   Linear online protocol
Writing.. 294953
····End:     Linear online protocol.................................................1.283ms
··End:     Linear layer.............................................................1.436ms
··Start:   ReLU layer
····Start:   ReLU online protocol
······Start:   Receiving inputs
······End:     Receiving inputs.....................................................82.268ms
······Start:   Evaluating GCs
······End:     Evaluating GCs.......................................................565.452ms
····End:     ReLU online protocol...................................................647.848ms
··End:     ReLU layer...............................................................708.347ms
··Start:   Linear layer
····Start:   Linear online protocol
····End:     Linear online protocol.................................................377.345µs
··End:     Linear layer.............................................................446.254µs
··Start:   Linear layer
····Start:   Linear online protocol
Writing.. 73769
····End:     Linear online protocol.................................................987.417µs
··End:     Linear layer.............................................................1.44ms
··Start:   ReLU layer
····Start:   ReLU online protocol
······Start:   Receiving inputs
······End:     Receiving inputs.....................................................62.481ms
······Start:   Evaluating GCs
······End:     Evaluating GCs.......................................................278.597ms
····End:     ReLU online protocol...................................................341.194ms
··End:     ReLU layer...............................................................368.277ms
··Start:   Linear layer
····Start:   Linear online protocol
Writing.. 147497
····End:     Linear online protocol.................................................1.720ms
··End:     Linear layer.............................................................1.842ms
··Start:   ReLU layer
····Start:   ReLU online protocol
······Start:   Receiving inputs
······End:     Receiving inputs.....................................................65.504ms
······Start:   Evaluating GCs
······End:     Evaluating GCs.......................................................277.665ms
····End:     ReLU online protocol...................................................343.287ms
··End:     ReLU layer...............................................................376.449ms
··Start:   Linear layer
····Start:   Linear online protocol
Writing.. 147497
····End:     Linear online protocol.................................................1.575ms
··End:     Linear layer.............................................................1.667ms
··Start:   ReLU layer
····Start:   ReLU online protocol
······Start:   Receiving inputs
······End:     Receiving inputs.....................................................52.78ms
······Start:   Evaluating GCs
······End:     Evaluating GCs.......................................................282.841ms
····End:     ReLU online protocol...................................................335.45ms
··End:     ReLU layer...............................................................366.847ms
··Start:   Linear layer
····Start:   Linear online protocol
····End:     Linear online protocol.................................................522.93µs
··End:     Linear layer.............................................................595.162µs
··Start:   Linear layer
····Start:   Linear online protocol
Writing.. 36905
····End:     Linear online protocol.................................................1.8ms
··End:     Linear layer.............................................................1.67ms
··Start:   ReLU layer
····Start:   ReLU online protocol
······Start:   Receiving inputs
······End:     Receiving inputs.....................................................56.660ms
······Start:   Evaluating GCs
······End:     Evaluating GCs.......................................................138.637ms
····End:     ReLU online protocol...................................................195.411ms
··End:     ReLU layer...............................................................213.138ms
··Start:   Linear layer
····Start:   Linear online protocol
Writing.. 73769
····End:     Linear online protocol.................................................1.345ms
··End:     Linear layer.............................................................1.457ms
··Start:   ReLU layer
····Start:   ReLU online protocol
······Start:   Receiving inputs
······End:     Receiving inputs.....................................................63.527ms
······Start:   Evaluating GCs
······End:     Evaluating GCs.......................................................140.508ms
····End:     ReLU online protocol...................................................204.138ms
··End:     ReLU layer...............................................................223.601ms
··Start:   Linear layer
····Start:   Linear online protocol
Writing.. 73769
····End:     Linear online protocol.................................................957.738µs
··End:     Linear layer.............................................................1.10ms
··Start:   ReLU layer
····Start:   ReLU online protocol
······Start:   Receiving inputs
······End:     Receiving inputs.....................................................71.304ms
······Start:   Evaluating GCs
······End:     Evaluating GCs.......................................................143.830ms
····End:     ReLU online protocol...................................................215.238ms
··End:     ReLU layer...............................................................236.201ms
··Start:   Linear layer
····Start:   Linear online protocol
····End:     Linear online protocol.................................................73.169µs
··End:     Linear layer.............................................................106.299µs
··Start:   Linear layer
····Start:   Linear online protocol
Writing.. 18473
····End:     Linear online protocol.................................................669.681µs
··End:     Linear layer.............................................................685.11µs
··Start:   ReLU layer
····Start:   ReLU online protocol
······Start:   Receiving inputs
······End:     Receiving inputs.....................................................60.267ms
······Start:   Evaluating GCs
······End:     Evaluating GCs.......................................................35.926ms
····End:     ReLU online protocol...................................................96.230ms
··End:     ReLU layer...............................................................106.32ms
··Start:   Linear layer
····Start:   Linear online protocol
Writing.. 18473
····End:     Linear online protocol.................................................283.566µs
··End:     Linear layer.............................................................309.146µs
··Start:   ReLU layer
····Start:   ReLU online protocol
······Start:   Receiving inputs
······End:     Receiving inputs.....................................................36.702ms
······Start:   Evaluating GCs
······End:     Evaluating GCs.......................................................38.784ms
····End:     ReLU online protocol...................................................75.527ms
··End:     ReLU layer...............................................................87.437ms
··Start:   Linear layer
····Start:   Linear online protocol
Writing.. 18473
····End:     Linear online protocol.................................................237.677µs
··End:     Linear layer.............................................................255.527µs
··Start:   ReLU layer
····Start:   ReLU online protocol
······Start:   Receiving inputs
······End:     Receiving inputs.....................................................39.221ms
······Start:   Evaluating GCs
······End:     Evaluating GCs.......................................................38.297ms
····End:     ReLU online protocol...................................................77.567ms
··End:     ReLU layer...............................................................87.354ms
··Start:   Linear layer
····Start:   Linear online protocol
····End:     Linear online protocol.................................................31.730µs
··End:     Linear layer.............................................................48.600µs
··Start:   Linear layer
····Start:   Linear online protocol
Writing.. 4649
····End:     Linear online protocol.................................................153.338µs
··End:     Linear layer.............................................................183.737µs
··Start:   ReLU layer
····Start:   ReLU online protocol
······Start:   Receiving inputs
······End:     Receiving inputs.....................................................30.160ms
······Start:   Evaluating GCs
······End:     Evaluating GCs.......................................................70.550ms
····End:     ReLU online protocol...................................................100.757ms
··End:     ReLU layer...............................................................117.289ms
··Start:   Linear layer
····Start:   Linear online protocol
Writing.. 36905
····End:     Linear online protocol.................................................676.221µs
··End:     Linear layer.............................................................701.311µs
··Start:   ReLU layer
····Start:   ReLU online protocol
······Start:   Receiving inputs
······End:     Receiving inputs.....................................................157.889ms
······Start:   Evaluating GCs
······End:     Evaluating GCs.......................................................70.43ms
····End:     ReLU online protocol...................................................228.9ms
··End:     ReLU layer...............................................................243.213ms
··Start:   Linear layer
····Start:   Linear online protocol
Writing.. 36905
····End:     Linear online protocol.................................................697.401µs
··End:     Linear layer.............................................................706.861µs
End:     Client online phase........................................................6.826s
StartMsg: Offline Communication
  
  Read 5262976071 bytes
  Wrote 348765424 bytes

EndMsg: Offline Communication
StartMsg: Online Communication
  
  Read 337052027 bytes
  Wrote 1747216 bytes

EndMsg: Online Communication
