fc input dims = (1, 512, 1, 1)
Layer dim: (1, 3, 32, 32) true
Layer dim: (1, 64, 32, 32) false
Layer dim: (1, 64, 32, 32) true
Layer dim: (1, 64, 32, 32) false
Layer dim: (1, 64, 32, 32) true
Layer dim: (1, 64, 16, 16) true
Layer dim: (1, 128, 16, 16) false
Layer dim: (1, 128, 16, 16) true
Layer dim: (1, 128, 16, 16) false
Layer dim: (1, 128, 16, 16) true
Layer dim: (1, 128, 8, 8) true
Layer dim: (1, 256, 8, 8) false
Layer dim: (1, 256, 8, 8) true
Layer dim: (1, 256, 8, 8) false
Layer dim: (1, 256, 8, 8) true
Layer dim: (1, 256, 8, 8) false
Layer dim: (1, 256, 8, 8) true
Layer dim: (1, 256, 4, 4) true
Layer dim: (1, 512, 4, 4) false
Layer dim: (1, 512, 4, 4) true
Layer dim: (1, 512, 4, 4) false
Layer dim: (1, 512, 4, 4) true
Layer dim: (1, 512, 4, 4) false
Layer dim: (1, 512, 4, 4) true
Layer dim: (1, 512, 2, 2) true
Layer dim: (1, 512, 2, 2) false
Layer dim: (1, 512, 2, 2) true
Layer dim: (1, 512, 2, 2) false
Layer dim: (1, 512, 2, 2) true
Layer dim: (1, 512, 2, 2) false
Layer dim: (1, 512, 2, 2) true
Layer dim: (1, 512, 1, 1) true
Layer dim: (1, 4096, 1, 1) false
Layer dim: (1, 4096, 1, 1) true
Layer dim: (1, 4096, 1, 1) false
Layer dim: (1, 4096, 1, 1) true
Start:   Generating keys
End:     Generating keys............................................................330.717ms
Start:   Sending keys
Writing.. 33180308
End:     Sending keys...............................................................54.74ms
Start:   Client offline phase
··Start:   Linear layers offline phase
····Start:   Linear offline protocol
······Start:   Client preprocessing
······End:     Client preprocessing.................................................39.895ms
······Start:   Sending input
Writing.. 4719545
······End:     Sending input........................................................8.190ms
······Start:   Receiving Result
······End:     Receiving Result.....................................................2.20s
······Start:   Post-processing
······End:     Post-processing......................................................12.670ms
····End:     Linear offline protocol................................................2.80s
····Start:   Linear offline protocol
······Start:   Client preprocessing
······End:     Client preprocessing.................................................344.714ms
······Start:   Sending input
Writing.. 37756304
······End:     Sending input........................................................61.567ms
······Start:   Receiving Result
······End:     Receiving Result.....................................................13.897s
······Start:   Post-processing
······End:     Post-processing......................................................14.970ms
····End:     Linear offline protocol................................................14.318s
····Start:   Linear offline protocol
······Start:   Client preprocessing
······End:     Client preprocessing.................................................75.614ms
······Start:   Sending input
Writing.. 9439082
······End:     Sending input........................................................13.536ms
······Start:   Receiving Result
······End:     Receiving Result.....................................................7.591s
······Start:   Post-processing
······End:     Post-processing......................................................10.108ms
····End:     Linear offline protocol................................................7.691s
····Start:   Linear offline protocol
······Start:   Client preprocessing
······End:     Client preprocessing.................................................151.765ms
······Start:   Sending input
Writing.. 18878156
······End:     Sending input........................................................29.720ms
······Start:   Receiving Result
······End:     Receiving Result.....................................................15.227s
······Start:   Post-processing
······End:     Post-processing......................................................8.185ms
····End:     Linear offline protocol................................................15.417s
····Start:   Linear offline protocol
······Start:   Client preprocessing
······End:     Client preprocessing.................................................37.100ms
······Start:   Sending input
Writing.. 4719545
······End:     Sending input........................................................7.447ms
······Start:   Receiving Result
······End:     Receiving Result.....................................................8.290s
······Start:   Post-processing
······End:     Post-processing......................................................6.911ms
····End:     Linear offline protocol................................................8.341s
····Start:   Linear offline protocol
······Start:   Client preprocessing
······End:     Client preprocessing.................................................76.799ms
······Start:   Sending input
Writing.. 9439082
······End:     Sending input........................................................14.147ms
······Start:   Receiving Result
······End:     Receiving Result.....................................................16.585s
······Start:   Post-processing
······End:     Post-processing......................................................6.933ms
····End:     Linear offline protocol................................................16.683s
····Start:   Linear offline protocol
······Start:   Client preprocessing
······End:     Client preprocessing.................................................77.110ms
······Start:   Sending input
Writing.. 9439082
······End:     Sending input........................................................14.9ms
······Start:   Receiving Result
······End:     Receiving Result.....................................................16.539s
······Start:   Post-processing
······End:     Post-processing......................................................6.384ms
····End:     Linear offline protocol................................................16.637s
····Start:   Linear offline protocol
······Start:   Client preprocessing
······End:     Client preprocessing.................................................36.728ms
······Start:   Sending input
Writing.. 4719545
······End:     Sending input........................................................7.333ms
······Start:   Receiving Result
······End:     Receiving Result.....................................................17.925s
······Start:   Post-processing
······End:     Post-processing......................................................3.558ms
····End:     Linear offline protocol................................................17.972s
····Start:   Linear offline protocol
······Start:   Client preprocessing
······End:     Client preprocessing.................................................40.246ms
······Start:   Sending input
Writing.. 4719545
······End:     Sending input........................................................7.286ms
······Start:   Receiving Result
······End:     Receiving Result.....................................................17.957s
······Start:   Post-processing
······End:     Post-processing......................................................3.621ms
····End:     Linear offline protocol................................................18.9s
····Start:   Linear offline protocol
······Start:   Client preprocessing
······End:     Client preprocessing.................................................39.525ms
······Start:   Sending input
Writing.. 4719545
······End:     Sending input........................................................7.384ms
······Start:   Receiving Result
······End:     Receiving Result.....................................................17.900s
······Start:   Post-processing
······End:     Post-processing......................................................3.598ms
····End:     Linear offline protocol................................................17.951s
····Start:   Linear offline protocol
······Start:   Client preprocessing
······End:     Client preprocessing.................................................39.763ms
······Start:   Sending input
Writing.. 4719545
······End:     Sending input........................................................7.636ms
······Start:   Receiving Result
······End:     Receiving Result.....................................................19.273s
······Start:   Post-processing
······End:     Post-processing......................................................3.440ms
····End:     Linear offline protocol................................................19.324s
····Start:   Linear offline protocol
······Start:   Client preprocessing
······End:     Client preprocessing.................................................39.434ms
······Start:   Sending input
Writing.. 4719545
······End:     Sending input........................................................7.756ms
······Start:   Receiving Result
······End:     Receiving Result.....................................................19.283s
······Start:   Post-processing
······End:     Post-processing......................................................3.490ms
····End:     Linear offline protocol................................................19.334s
····Start:   Linear offline protocol
······Start:   Client preprocessing
······End:     Client preprocessing.................................................40.53ms
······Start:   Sending input
Writing.. 4719545
······End:     Sending input........................................................7.524ms
······Start:   Receiving Result
······End:     Receiving Result.....................................................19.217s
······Start:   Post-processing
······End:     Post-processing......................................................3.499ms
····End:     Linear offline protocol................................................19.268s
····Start:   Linear offline protocol
······Start:   Client preprocessing
······End:     Client preprocessing.................................................7.143ms
······Start:   Sending input
Writing.. 524401
······End:     Sending input........................................................1.659ms
······Start:   Receiving Result
······End:     Receiving Result.....................................................3.941s
······Start:   Post-processing
······End:     Post-processing......................................................3.631ms
····End:     Linear offline protocol................................................3.954s
····Start:   Linear offline protocol
······Start:   Client preprocessing
······End:     Client preprocessing.................................................5.737ms
······Start:   Sending input
Writing.. 524401
······End:     Sending input........................................................1.565ms
······Start:   Receiving Result
······End:     Receiving Result.....................................................39.863s
······Start:   Post-processing
······End:     Post-processing......................................................3.717ms
····End:     Linear offline protocol................................................39.874s
····Start:   Linear offline protocol
······Start:   Client preprocessing
······End:     Client preprocessing.................................................6.570ms
······Start:   Sending input
Writing.. 524401
······End:     Sending input........................................................4.739ms
······Start:   Receiving Result
······End:     Receiving Result.....................................................158.883ms
······Start:   Post-processing
······End:     Post-processing......................................................3.712ms
····End:     Linear offline protocol................................................174.16ms
··End:     Linear layers offline phase..............................................237.40s
··Start:   ReLU layers offline phase with 284672 ReLUs
····Start:   ReLU offline protocol
······Start:   Receiving GCs
······End:     Receiving GCs........................................................14.272s
······Start:   OTs
BASE-OT.0: Receiver to Sender.. 4096
EXT-OT.0 : Receiver to Sender.. 191299584
······End:     OTs..................................................................1.48s
SIZE OF LABELS: 382599168
····End:     ReLU offline protocol..................................................15.372s
··End:     ReLU layers offline phase with 284672 ReLUs..............................15.595s
··Start:   Approx layers offline phase with 0 approximations
··End:     Approx layers offline phase with 0 approximations........................80ns
End:     Client offline phase.......................................................252.635s
Start:   Client online phase
··Start:   Linear layer
····Start:   Linear online protocol
Writing.. 27689
····End:     Linear online protocol.................................................357.105µs
··End:     Linear layer.............................................................698.371µs
··Start:   ReLU layer
····Start:   ReLU online protocol
······Start:   Receiving inputs
······End:     Receiving inputs.....................................................266.636ms
······Start:   Evaluating GCs
······End:     Evaluating GCs.......................................................1.125s
····End:     ReLU online protocol...................................................1.392s
··End:     ReLU layer...............................................................1.497s
··Start:   Linear layer
····Start:   Linear online protocol
Writing.. 589865
····End:     Linear online protocol.................................................1.833ms
··End:     Linear layer.............................................................2.75ms
··Start:   ReLU layer
····Start:   ReLU online protocol
······Start:   Receiving inputs
······End:     Receiving inputs.....................................................208.314ms
······Start:   Evaluating GCs
······End:     Evaluating GCs.......................................................1.98s
····End:     ReLU online protocol...................................................1.306s
··End:     ReLU layer...............................................................1.410s
··Start:   Linear layer
····Start:   Linear online protocol
····End:     Linear online protocol.................................................1.376ms
··End:     Linear layer.............................................................1.497ms
··Start:   Linear layer
····Start:   Linear online protocol
Writing.. 147497
····End:     Linear online protocol.................................................1.491ms
··End:     Linear layer.............................................................1.603ms
··Start:   ReLU layer
····Start:   ReLU online protocol
······Start:   Receiving inputs
······End:     Receiving inputs.....................................................97.430ms
······Start:   Evaluating GCs
······End:     Evaluating GCs.......................................................555.807ms
····End:     ReLU online protocol...................................................653.354ms
··End:     ReLU layer...............................................................699.886ms
··Start:   Linear layer
····Start:   Linear online protocol
Writing.. 294953
····End:     Linear online protocol.................................................1.663ms
··End:     Linear layer.............................................................1.792ms
··Start:   ReLU layer
····Start:   ReLU online protocol
······Start:   Receiving inputs
······End:     Receiving inputs.....................................................93.656ms
······Start:   Evaluating GCs
······End:     Evaluating GCs.......................................................547.845ms
····End:     ReLU online protocol...................................................641.611ms
··End:     ReLU layer...............................................................691.871ms
··Start:   Linear layer
····Start:   Linear online protocol
····End:     Linear online protocol.................................................836.740µs
··End:     Linear layer.............................................................967.177µs
··Start:   Linear layer
····Start:   Linear online protocol
Writing.. 73769
····End:     Linear online protocol.................................................992.967µs
··End:     Linear layer.............................................................1.55ms
··Start:   ReLU layer
····Start:   ReLU online protocol
······Start:   Receiving inputs
······End:     Receiving inputs.....................................................70.818ms
······Start:   Evaluating GCs
······End:     Evaluating GCs.......................................................277.248ms
····End:     ReLU online protocol...................................................348.176ms
··End:     ReLU layer...............................................................374.552ms
··Start:   Linear layer
····Start:   Linear online protocol
Writing.. 147497
····End:     Linear online protocol.................................................1.230ms
··End:     Linear layer.............................................................1.309ms
··Start:   ReLU layer
····Start:   ReLU online protocol
······Start:   Receiving inputs
······End:     Receiving inputs.....................................................269.770ms
······Start:   Evaluating GCs
······End:     Evaluating GCs.......................................................280.652ms
····End:     ReLU online protocol...................................................550.535ms
··End:     ReLU layer...............................................................588.815ms
··Start:   Linear layer
····Start:   Linear online protocol
Writing.. 147497
····End:     Linear online protocol.................................................1.473ms
··End:     Linear layer.............................................................1.545ms
··Start:   ReLU layer
····Start:   ReLU online protocol
······Start:   Receiving inputs
······End:     Receiving inputs.....................................................97.158ms
······Start:   Evaluating GCs
······End:     Evaluating GCs.......................................................278.221ms
····End:     ReLU online protocol...................................................375.483ms
··End:     ReLU layer...............................................................405.862ms
··Start:   Linear layer
····Start:   Linear online protocol
····End:     Linear online protocol.................................................517.83µs
··End:     Linear layer.............................................................588.303µs
··Start:   Linear layer
····Start:   Linear online protocol
Writing.. 36905
····End:     Linear online protocol.................................................758.150µs
··End:     Linear layer.............................................................821.859µs
··Start:   ReLU layer
····Start:   ReLU online protocol
······Start:   Receiving inputs
······End:     Receiving inputs.....................................................44.264ms
······Start:   Evaluating GCs
······End:     Evaluating GCs.......................................................142.606ms
····End:     ReLU online protocol...................................................186.987ms
··End:     ReLU layer...............................................................207.9ms
··Start:   Linear layer
····Start:   Linear online protocol
Writing.. 73769
····End:     Linear online protocol.................................................1.15ms
··End:     Linear layer.............................................................1.61ms
··Start:   ReLU layer
····Start:   ReLU online protocol
······Start:   Receiving inputs
······End:     Receiving inputs.....................................................74.550ms
······Start:   Evaluating GCs
······End:     Evaluating GCs.......................................................142.108ms
····End:     ReLU online protocol...................................................216.761ms
··End:     ReLU layer...............................................................232.118ms
··Start:   Linear layer
····Start:   Linear online protocol
Writing.. 73769
····End:     Linear online protocol.................................................1.345ms
··End:     Linear layer.............................................................1.412ms
··Start:   ReLU layer
····Start:   ReLU online protocol
······Start:   Receiving inputs
······End:     Receiving inputs.....................................................265.257ms
······Start:   Evaluating GCs
······End:     Evaluating GCs.......................................................138.866ms
····End:     ReLU online protocol...................................................404.225ms
··End:     ReLU layer...............................................................420.479ms
··Start:   Linear layer
····Start:   Linear online protocol
····End:     Linear online protocol.................................................123.609µs
··End:     Linear layer.............................................................160.848µs
··Start:   Linear layer
····Start:   Linear online protocol
Writing.. 18473
····End:     Linear online protocol.................................................552.933µs
··End:     Linear layer.............................................................575.102µs
··Start:   ReLU layer
····Start:   ReLU online protocol
······Start:   Receiving inputs
······End:     Receiving inputs.....................................................81.620ms
······Start:   Evaluating GCs
······End:     Evaluating GCs.......................................................36.422ms
····End:     ReLU online protocol...................................................118.86ms
··End:     ReLU layer...............................................................121.712ms
··Start:   Linear layer
····Start:   Linear online protocol
Writing.. 18473
····End:     Linear online protocol.................................................249.716µs
··End:     Linear layer.............................................................269.436µs
··Start:   ReLU layer
····Start:   ReLU online protocol
······Start:   Receiving inputs
······End:     Receiving inputs.....................................................69.532ms
······Start:   Evaluating GCs
······End:     Evaluating GCs.......................................................39.831ms
····End:     ReLU online protocol...................................................109.407ms
··End:     ReLU layer...............................................................119.645ms
··Start:   Linear layer
····Start:   Linear online protocol
Writing.. 18473
····End:     Linear online protocol.................................................249.177µs
··End:     Linear layer.............................................................268.957µs
··Start:   ReLU layer
····Start:   ReLU online protocol
······Start:   Receiving inputs
······End:     Receiving inputs.....................................................54.826ms
······Start:   Evaluating GCs
······End:     Evaluating GCs.......................................................37.728ms
····End:     ReLU online protocol...................................................92.602ms
··End:     ReLU layer...............................................................100.646ms
··Start:   Linear layer
····Start:   Linear online protocol
····End:     Linear online protocol.................................................20.310µs
··End:     Linear layer.............................................................34.799µs
··Start:   Linear layer
····Start:   Linear online protocol
Writing.. 4649
····End:     Linear online protocol.................................................141.38µs
··End:     Linear layer.............................................................165.358µs
··Start:   ReLU layer
····Start:   ReLU online protocol
······Start:   Receiving inputs
······End:     Receiving inputs.....................................................40.280ms
······Start:   Evaluating GCs
······End:     Evaluating GCs.......................................................69.714ms
····End:     ReLU online protocol...................................................110.55ms
··End:     ReLU layer...............................................................117.420ms
··Start:   Linear layer
····Start:   Linear online protocol
Writing.. 36905
····End:     Linear online protocol.................................................916.199µs
··End:     Linear layer.............................................................963.18µs
··Start:   ReLU layer
····Start:   ReLU online protocol
······Start:   Receiving inputs
······End:     Receiving inputs.....................................................167.987ms
······Start:   Evaluating GCs
······End:     Evaluating GCs.......................................................76.558ms
····End:     ReLU online protocol...................................................244.601ms
··End:     ReLU layer...............................................................256.777ms
··Start:   Linear layer
····Start:   Linear online protocol
Writing.. 36905
····End:     Linear online protocol.................................................651.31µs
··End:     Linear layer.............................................................660.651µs
End:     Client online phase........................................................7.332s
StartMsg: Offline Communication
  
  Read 5262976071 bytes
  Wrote 348765424 bytes

EndMsg: Offline Communication
StartMsg: Online Communication
  
  Read 337052027 bytes
  Wrote 1747216 bytes

EndMsg: Online Communication
