fc input dims = (1, 512, 1, 1)
Layer dim: (1, 3, 32, 32) true
Layer dim: (1, 64, 32, 32) false
Layer dim: (1, 64, 32, 32) true
Layer dim: (1, 64, 32, 32) false
Layer dim: (1, 64, 32, 32) true
Layer dim: (1, 64, 16, 16) true
Layer dim: (1, 128, 16, 16) false
Layer dim: (1, 128, 16, 16) true
Layer dim: (1, 128, 16, 16) false
Layer dim: (1, 128, 16, 16) true
Layer dim: (1, 128, 8, 8) true
Layer dim: (1, 256, 8, 8) false
Layer dim: (1, 256, 8, 8) true
Layer dim: (1, 256, 8, 8) false
Layer dim: (1, 256, 8, 8) true
Layer dim: (1, 256, 8, 8) false
Layer dim: (1, 256, 8, 8) true
Layer dim: (1, 256, 4, 4) true
Layer dim: (1, 512, 4, 4) false
Layer dim: (1, 512, 4, 4) true
Layer dim: (1, 512, 4, 4) false
Layer dim: (1, 512, 4, 4) true
Layer dim: (1, 512, 4, 4) false
Layer dim: (1, 512, 4, 4) true
Layer dim: (1, 512, 2, 2) true
Layer dim: (1, 512, 2, 2) false
Layer dim: (1, 512, 2, 2) true
Layer dim: (1, 512, 2, 2) false
Layer dim: (1, 512, 2, 2) true
Layer dim: (1, 512, 2, 2) false
Layer dim: (1, 512, 2, 2) true
Layer dim: (1, 512, 1, 1) true
Layer dim: (1, 4096, 1, 1) false
Layer dim: (1, 4096, 1, 1) true
Layer dim: (1, 4096, 1, 1) false
Layer dim: (1, 4096, 1, 1) true
Start:   Generating keys
End:     Generating keys............................................................328.245ms
Start:   Sending keys
Writing.. 33180308
End:     Sending keys...............................................................55.736ms
Start:   Client offline phase
··Start:   Linear layers offline phase
····Start:   Linear offline protocol
······Start:   Client preprocessing
······End:     Client preprocessing.................................................44.446ms
······Start:   Sending input
Writing.. 4719545
······End:     Sending input........................................................8.377ms
······Start:   Receiving Result
······End:     Receiving Result.....................................................2.16s
······Start:   Post-processing
······End:     Post-processing......................................................12.428ms
····End:     Linear offline protocol................................................2.81s
····Start:   Linear offline protocol
······Start:   Client preprocessing
······End:     Client preprocessing.................................................341.186ms
······Start:   Sending input
Writing.. 37756304
······End:     Sending input........................................................65.732ms
······Start:   Receiving Result
······End:     Receiving Result.....................................................13.970s
······Start:   Post-processing
······End:     Post-processing......................................................12.619ms
····End:     Linear offline protocol................................................14.390s
····Start:   Linear offline protocol
······Start:   Client preprocessing
······End:     Client preprocessing.................................................75.82ms
······Start:   Sending input
Writing.. 9439082
······End:     Sending input........................................................13.807ms
······Start:   Receiving Result
······End:     Receiving Result.....................................................7.602s
······Start:   Post-processing
······End:     Post-processing......................................................8.685ms
····End:     Linear offline protocol................................................7.700s
····Start:   Linear offline protocol
······Start:   Client preprocessing
······End:     Client preprocessing.................................................151.328ms
······Start:   Sending input
Writing.. 18878156
······End:     Sending input........................................................29.670ms
······Start:   Receiving Result
······End:     Receiving Result.....................................................15.258s
······Start:   Post-processing
······End:     Post-processing......................................................8.613ms
····End:     Linear offline protocol................................................15.447s
····Start:   Linear offline protocol
······Start:   Client preprocessing
······End:     Client preprocessing.................................................37.100ms
······Start:   Sending input
Writing.. 4719545
······End:     Sending input........................................................7.843ms
······Start:   Receiving Result
······End:     Receiving Result.....................................................8.282s
······Start:   Post-processing
······End:     Post-processing......................................................6.861ms
····End:     Linear offline protocol................................................8.334s
····Start:   Linear offline protocol
······Start:   Client preprocessing
······End:     Client preprocessing.................................................75.810ms
······Start:   Sending input
Writing.. 9439082
······End:     Sending input........................................................13.862ms
······Start:   Receiving Result
······End:     Receiving Result.....................................................16.585s
······Start:   Post-processing
······End:     Post-processing......................................................6.883ms
····End:     Linear offline protocol................................................16.682s
····Start:   Linear offline protocol
······Start:   Client preprocessing
······End:     Client preprocessing.................................................76.325ms
······Start:   Sending input
Writing.. 9439082
······End:     Sending input........................................................13.861ms
······Start:   Receiving Result
······End:     Receiving Result.....................................................16.587s
······Start:   Post-processing
······End:     Post-processing......................................................6.874ms
····End:     Linear offline protocol................................................16.684s
····Start:   Linear offline protocol
······Start:   Client preprocessing
······End:     Client preprocessing.................................................37.178ms
······Start:   Sending input
Writing.. 4719545
······End:     Sending input........................................................8.25ms
······Start:   Receiving Result
······End:     Receiving Result.....................................................17.856s
······Start:   Post-processing
······End:     Post-processing......................................................3.517ms
····End:     Linear offline protocol................................................17.905s
····Start:   Linear offline protocol
······Start:   Client preprocessing
······End:     Client preprocessing.................................................42.749ms
······Start:   Sending input
Writing.. 4719545
······End:     Sending input........................................................7.565ms
······Start:   Receiving Result
······End:     Receiving Result.....................................................17.991s
······Start:   Post-processing
······End:     Post-processing......................................................3.612ms
····End:     Linear offline protocol................................................18.45s
····Start:   Linear offline protocol
······Start:   Client preprocessing
······End:     Client preprocessing.................................................40.262ms
······Start:   Sending input
Writing.. 4719545
······End:     Sending input........................................................7.450ms
······Start:   Receiving Result
······End:     Receiving Result.....................................................17.905s
······Start:   Post-processing
······End:     Post-processing......................................................3.523ms
····End:     Linear offline protocol................................................17.956s
····Start:   Linear offline protocol
······Start:   Client preprocessing
······End:     Client preprocessing.................................................39.379ms
······Start:   Sending input
Writing.. 4719545
······End:     Sending input........................................................7.606ms
······Start:   Receiving Result
······End:     Receiving Result.....................................................19.324s
······Start:   Post-processing
······End:     Post-processing......................................................3.424ms
····End:     Linear offline protocol................................................19.375s
····Start:   Linear offline protocol
······Start:   Client preprocessing
······End:     Client preprocessing.................................................39.648ms
······Start:   Sending input
Writing.. 4719545
······End:     Sending input........................................................7.470ms
······Start:   Receiving Result
······End:     Receiving Result.....................................................19.227s
······Start:   Post-processing
······End:     Post-processing......................................................3.454ms
····End:     Linear offline protocol................................................19.278s
····Start:   Linear offline protocol
······Start:   Client preprocessing
······End:     Client preprocessing.................................................40.637ms
······Start:   Sending input
Writing.. 4719545
······End:     Sending input........................................................7.788ms
······Start:   Receiving Result
······End:     Receiving Result.....................................................19.295s
······Start:   Post-processing
······End:     Post-processing......................................................3.408ms
····End:     Linear offline protocol................................................19.347s
····Start:   Linear offline protocol
······Start:   Client preprocessing
······End:     Client preprocessing.................................................7.954ms
······Start:   Sending input
Writing.. 524401
······End:     Sending input........................................................1.642ms
······Start:   Receiving Result
······End:     Receiving Result.....................................................3.964s
······Start:   Post-processing
······End:     Post-processing......................................................3.661ms
····End:     Linear offline protocol................................................3.977s
····Start:   Linear offline protocol
······Start:   Client preprocessing
······End:     Client preprocessing.................................................8.497ms
······Start:   Sending input
Writing.. 524401
······End:     Sending input........................................................2.378ms
······Start:   Receiving Result
······End:     Receiving Result.....................................................39.931s
······Start:   Post-processing
······End:     Post-processing......................................................3.675ms
····End:     Linear offline protocol................................................39.945s
····Start:   Linear offline protocol
······Start:   Client preprocessing
······End:     Client preprocessing.................................................6.290ms
······Start:   Sending input
Writing.. 524401
······End:     Sending input........................................................1.943ms
······Start:   Receiving Result
······End:     Receiving Result.....................................................157.286ms
······Start:   Post-processing
······End:     Post-processing......................................................3.666ms
····End:     Linear offline protocol................................................169.278ms
··End:     Linear layers offline phase..............................................237.329s
··Start:   ReLU layers offline phase with 284672 ReLUs
····Start:   ReLU offline protocol
······Start:   Receiving GCs
······End:     Receiving GCs........................................................13.610s
······Start:   OTs
BASE-OT.0: Receiver to Sender.. 4096
EXT-OT.0 : Receiver to Sender.. 191299584
······End:     OTs..................................................................1.30s
SIZE OF LABELS: 382599168
····End:     ReLU offline protocol..................................................14.692s
··End:     ReLU layers offline phase with 284672 ReLUs..............................14.910s
··Start:   Approx layers offline phase with 0 approximations
··End:     Approx layers offline phase with 0 approximations........................90ns
End:     Client offline phase.......................................................252.239s
Start:   Client online phase
··Start:   Linear layer
····Start:   Linear online protocol
Writing.. 27689
····End:     Linear online protocol.................................................371.725µs
··End:     Linear layer.............................................................715.901µs
··Start:   ReLU layer
····Start:   ReLU online protocol
······Start:   Receiving inputs
······End:     Receiving inputs.....................................................247.675ms
······Start:   Evaluating GCs
······End:     Evaluating GCs.......................................................1.112s
····End:     ReLU online protocol...................................................1.360s
··End:     ReLU layer...............................................................1.464s
··Start:   Linear layer
····Start:   Linear online protocol
Writing.. 589865
····End:     Linear online protocol.................................................1.851ms
··End:     Linear layer.............................................................2.88ms
··Start:   ReLU layer
····Start:   ReLU online protocol
······Start:   Receiving inputs
······End:     Receiving inputs.....................................................198.793ms
······Start:   Evaluating GCs
······End:     Evaluating GCs.......................................................1.106s
····End:     ReLU online protocol...................................................1.305s
··End:     ReLU layer...............................................................1.410s
··Start:   Linear layer
····Start:   Linear online protocol
····End:     Linear online protocol.................................................1.404ms
··End:     Linear layer.............................................................1.536ms
··Start:   Linear layer
····Start:   Linear online protocol
Writing.. 147497
····End:     Linear online protocol.................................................1.235ms
··End:     Linear layer.............................................................1.352ms
··Start:   ReLU layer
····Start:   ReLU online protocol
······Start:   Receiving inputs
······End:     Receiving inputs.....................................................88.185ms
······Start:   Evaluating GCs
······End:     Evaluating GCs.......................................................552.662ms
····End:     ReLU online protocol...................................................640.965ms
··End:     ReLU layer...............................................................697.279ms
··Start:   Linear layer
····Start:   Linear online protocol
Writing.. 294953
····End:     Linear online protocol.................................................1.423ms
··End:     Linear layer.............................................................1.547ms
··Start:   ReLU layer
····Start:   ReLU online protocol
······Start:   Receiving inputs
······End:     Receiving inputs.....................................................96.84ms
······Start:   Evaluating GCs
······End:     Evaluating GCs.......................................................554.990ms
····End:     ReLU online protocol...................................................651.191ms
··End:     ReLU layer...............................................................706.672ms
··Start:   Linear layer
····Start:   Linear online protocol
····End:     Linear online protocol.................................................476.564µs
··End:     Linear layer.............................................................547.363µs
··Start:   Linear layer
····Start:   Linear online protocol
Writing.. 73769
····End:     Linear online protocol.................................................1.127ms
··End:     Linear layer.............................................................1.189ms
··Start:   ReLU layer
····Start:   ReLU online protocol
······Start:   Receiving inputs
······End:     Receiving inputs.....................................................48.707ms
······Start:   Evaluating GCs
······End:     Evaluating GCs.......................................................275.830ms
····End:     ReLU online protocol...................................................324.653ms
··End:     ReLU layer...............................................................350.10ms
··Start:   Linear layer
····Start:   Linear online protocol
Writing.. 147497
····End:     Linear online protocol.................................................1.382ms
··End:     Linear layer.............................................................1.461ms
··Start:   ReLU layer
····Start:   ReLU online protocol
······Start:   Receiving inputs
······End:     Receiving inputs.....................................................81.943ms
······Start:   Evaluating GCs
······End:     Evaluating GCs.......................................................274.369ms
····End:     ReLU online protocol...................................................356.436ms
··End:     ReLU layer...............................................................383.51ms
··Start:   Linear layer
····Start:   Linear online protocol
Writing.. 147497
····End:     Linear online protocol.................................................1.277ms
··End:     Linear layer.............................................................1.343ms
··Start:   ReLU layer
····Start:   ReLU online protocol
······Start:   Receiving inputs
······End:     Receiving inputs.....................................................91.171ms
······Start:   Evaluating GCs
······End:     Evaluating GCs.......................................................282.233ms
····End:     ReLU online protocol...................................................373.522ms
··End:     ReLU layer...............................................................399.550ms
··Start:   Linear layer
····Start:   Linear online protocol
····End:     Linear online protocol.................................................379.705µs
··End:     Linear layer.............................................................429.394µs
··Start:   Linear layer
····Start:   Linear online protocol
Writing.. 36905
····End:     Linear online protocol.................................................502.333µs
··End:     Linear layer.............................................................541.823µs
··Start:   ReLU layer
····Start:   ReLU online protocol
······Start:   Receiving inputs
······End:     Receiving inputs.....................................................118.557ms
······Start:   Evaluating GCs
······End:     Evaluating GCs.......................................................140.622ms
····End:     ReLU online protocol...................................................259.302ms
··End:     ReLU layer...............................................................273.229ms
··Start:   Linear layer
····Start:   Linear online protocol
Writing.. 73769
····End:     Linear online protocol.................................................1.294ms
··End:     Linear layer.............................................................1.365ms
··Start:   ReLU layer
····Start:   ReLU online protocol
······Start:   Receiving inputs
······End:     Receiving inputs.....................................................68.510ms
······Start:   Evaluating GCs
······End:     Evaluating GCs.......................................................137.246ms
····End:     ReLU online protocol...................................................205.864ms
··End:     ReLU layer...............................................................223.907ms
··Start:   Linear layer
····Start:   Linear online protocol
Writing.. 73769
····End:     Linear online protocol.................................................887.409µs
··End:     Linear layer.............................................................932.997µs
··Start:   ReLU layer
····Start:   ReLU online protocol
······Start:   Receiving inputs
······End:     Receiving inputs.....................................................71.534ms
······Start:   Evaluating GCs
······End:     Evaluating GCs.......................................................140.50ms
····End:     ReLU online protocol...................................................211.673ms
··End:     ReLU layer...............................................................225.210ms
··Start:   Linear layer
····Start:   Linear online protocol
····End:     Linear online protocol.................................................73.329µs
··End:     Linear layer.............................................................106.479µs
··Start:   Linear layer
····Start:   Linear online protocol
Writing.. 18473
····End:     Linear online protocol.................................................561.942µs
··End:     Linear layer.............................................................578.322µs
··Start:   ReLU layer
····Start:   ReLU online protocol
······Start:   Receiving inputs
······End:     Receiving inputs.....................................................35.655ms
······Start:   Evaluating GCs
······End:     Evaluating GCs.......................................................35.995ms
····End:     ReLU online protocol...................................................71.695ms
··End:     ReLU layer...............................................................78.248ms
··Start:   Linear layer
····Start:   Linear online protocol
Writing.. 18473
····End:     Linear online protocol.................................................269.947µs
··End:     Linear layer.............................................................298.146µs
··Start:   ReLU layer
····Start:   ReLU online protocol
······Start:   Receiving inputs
······End:     Receiving inputs.....................................................28.808ms
······Start:   Evaluating GCs
······End:     Evaluating GCs.......................................................36.276ms
····End:     ReLU online protocol...................................................65.112ms
··End:     ReLU layer...............................................................79.36ms
··Start:   Linear layer
····Start:   Linear online protocol
Writing.. 18473
····End:     Linear online protocol.................................................255.596µs
··End:     Linear layer.............................................................280.326µs
··Start:   ReLU layer
····Start:   ReLU online protocol
······Start:   Receiving inputs
······End:     Receiving inputs.....................................................29.712ms
······Start:   Evaluating GCs
······End:     Evaluating GCs.......................................................42.660ms
····End:     ReLU online protocol...................................................72.401ms
··End:     ReLU layer...............................................................80.103ms
··Start:   Linear layer
····Start:   Linear online protocol
····End:     Linear online protocol.................................................18.650µs
··End:     Linear layer.............................................................29.840µs
··Start:   Linear layer
····Start:   Linear online protocol
Writing.. 4649
····End:     Linear online protocol.................................................153.708µs
··End:     Linear layer.............................................................174.48µs
··Start:   ReLU layer
····Start:   ReLU online protocol
······Start:   Receiving inputs
······End:     Receiving inputs.....................................................33.852ms
······Start:   Evaluating GCs
······End:     Evaluating GCs.......................................................77.847ms
····End:     ReLU online protocol...................................................111.759ms
··End:     ReLU layer...............................................................120.409ms
··Start:   Linear layer
····Start:   Linear online protocol
Writing.. 36905
····End:     Linear online protocol.................................................726.851µs
··End:     Linear layer.............................................................752.230µs
··Start:   ReLU layer
····Start:   ReLU online protocol
······Start:   Receiving inputs
······End:     Receiving inputs.....................................................186.448ms
······Start:   Evaluating GCs
······End:     Evaluating GCs.......................................................73.224ms
····End:     ReLU online protocol...................................................259.758ms
··End:     ReLU layer...............................................................268.784ms
··Start:   Linear layer
····Start:   Linear online protocol
Writing.. 36905
····End:     Linear online protocol.................................................961.168µs
··End:     Linear layer.............................................................980.797µs
End:     Client online phase........................................................6.856s
StartMsg: Offline Communication
  
  Read 5262976071 bytes
  Wrote 348765424 bytes

EndMsg: Offline Communication
StartMsg: Online Communication
  
  Read 337052027 bytes
  Wrote 1747216 bytes

EndMsg: Online Communication
