fc input dims = (1, 512, 1, 1)
Layer dim: (1, 3, 32, 32) true
Layer dim: (1, 64, 32, 32) false
Layer dim: (1, 64, 32, 32) true
Layer dim: (1, 64, 32, 32) false
Layer dim: (1, 64, 32, 32) true
Layer dim: (1, 64, 16, 16) true
Layer dim: (1, 128, 16, 16) false
Layer dim: (1, 128, 16, 16) true
Layer dim: (1, 128, 16, 16) false
Layer dim: (1, 128, 16, 16) true
Layer dim: (1, 128, 8, 8) true
Layer dim: (1, 256, 8, 8) false
Layer dim: (1, 256, 8, 8) true
Layer dim: (1, 256, 8, 8) false
Layer dim: (1, 256, 8, 8) true
Layer dim: (1, 256, 8, 8) false
Layer dim: (1, 256, 8, 8) true
Layer dim: (1, 256, 4, 4) true
Layer dim: (1, 512, 4, 4) false
Layer dim: (1, 512, 4, 4) true
Layer dim: (1, 512, 4, 4) false
Layer dim: (1, 512, 4, 4) true
Layer dim: (1, 512, 4, 4) false
Layer dim: (1, 512, 4, 4) true
Layer dim: (1, 512, 2, 2) true
Layer dim: (1, 512, 2, 2) false
Layer dim: (1, 512, 2, 2) true
Layer dim: (1, 512, 2, 2) false
Layer dim: (1, 512, 2, 2) true
Layer dim: (1, 512, 2, 2) false
Layer dim: (1, 512, 2, 2) true
Layer dim: (1, 512, 1, 1) true
Layer dim: (1, 4096, 1, 1) false
Layer dim: (1, 4096, 1, 1) true
Layer dim: (1, 4096, 1, 1) false
Layer dim: (1, 4096, 1, 1) true
Start:   Generating keys
End:     Generating keys............................................................340.38ms
Start:   Sending keys
Writing.. 33180308
End:     Sending keys...............................................................52.623ms
Start:   Client offline phase
··Start:   Linear layers offline phase
····Start:   Linear offline protocol
······Start:   Client preprocessing
······End:     Client preprocessing.................................................44.166ms
······Start:   Sending input
Writing.. 4719545
······End:     Sending input........................................................8.77ms
······Start:   Receiving Result
······End:     Receiving Result.....................................................2.36s
······Start:   Post-processing
······End:     Post-processing......................................................12.576ms
····End:     Linear offline protocol................................................2.100s
····Start:   Linear offline protocol
······Start:   Client preprocessing
······End:     Client preprocessing.................................................352.554ms
······Start:   Sending input
Writing.. 37756304
······End:     Sending input........................................................61.57ms
······Start:   Receiving Result
······End:     Receiving Result.....................................................14.26s
······Start:   Post-processing
······End:     Post-processing......................................................12.693ms
····End:     Linear offline protocol................................................14.453s
····Start:   Linear offline protocol
······Start:   Client preprocessing
······End:     Client preprocessing.................................................75.466ms
······Start:   Sending input
Writing.. 9439082
······End:     Sending input........................................................13.948ms
······Start:   Receiving Result
······End:     Receiving Result.....................................................7.628s
······Start:   Post-processing
······End:     Post-processing......................................................11.801ms
····End:     Linear offline protocol................................................7.730s
····Start:   Linear offline protocol
······Start:   Client preprocessing
······End:     Client preprocessing.................................................152.729ms
······Start:   Sending input
Writing.. 18878156
······End:     Sending input........................................................29.988ms
······Start:   Receiving Result
······End:     Receiving Result.....................................................15.263s
······Start:   Post-processing
······End:     Post-processing......................................................8.346ms
····End:     Linear offline protocol................................................15.454s
····Start:   Linear offline protocol
······Start:   Client preprocessing
······End:     Client preprocessing.................................................37.190ms
······Start:   Sending input
Writing.. 4719545
······End:     Sending input........................................................7.443ms
······Start:   Receiving Result
······End:     Receiving Result.....................................................8.300s
······Start:   Post-processing
······End:     Post-processing......................................................6.372ms
····End:     Linear offline protocol................................................8.351s
····Start:   Linear offline protocol
······Start:   Client preprocessing
······End:     Client preprocessing.................................................76.321ms
······Start:   Sending input
Writing.. 9439082
······End:     Sending input........................................................13.928ms
······Start:   Receiving Result
······End:     Receiving Result.....................................................16.601s
······Start:   Post-processing
······End:     Post-processing......................................................6.858ms
····End:     Linear offline protocol................................................16.699s
····Start:   Linear offline protocol
······Start:   Client preprocessing
······End:     Client preprocessing.................................................77.13ms
······Start:   Sending input
Writing.. 9439082
······End:     Sending input........................................................13.869ms
······Start:   Receiving Result
······End:     Receiving Result.....................................................16.577s
······Start:   Post-processing
······End:     Post-processing......................................................6.842ms
····End:     Linear offline protocol................................................16.675s
····Start:   Linear offline protocol
······Start:   Client preprocessing
······End:     Client preprocessing.................................................36.964ms
······Start:   Sending input
Writing.. 4719545
······End:     Sending input........................................................7.537ms
······Start:   Receiving Result
······End:     Receiving Result.....................................................17.887s
······Start:   Post-processing
······End:     Post-processing......................................................3.525ms
····End:     Linear offline protocol................................................17.936s
····Start:   Linear offline protocol
······Start:   Client preprocessing
······End:     Client preprocessing.................................................41.197ms
······Start:   Sending input
Writing.. 4719545
······End:     Sending input........................................................7.524ms
······Start:   Receiving Result
······End:     Receiving Result.....................................................17.978s
······Start:   Post-processing
······End:     Post-processing......................................................3.579ms
····End:     Linear offline protocol................................................18.30s
····Start:   Linear offline protocol
······Start:   Client preprocessing
······End:     Client preprocessing.................................................39.311ms
······Start:   Sending input
Writing.. 4719545
······End:     Sending input........................................................7.635ms
······Start:   Receiving Result
······End:     Receiving Result.....................................................17.981s
······Start:   Post-processing
······End:     Post-processing......................................................3.667ms
····End:     Linear offline protocol................................................18.32s
····Start:   Linear offline protocol
······Start:   Client preprocessing
······End:     Client preprocessing.................................................39.139ms
······Start:   Sending input
Writing.. 4719545
······End:     Sending input........................................................7.351ms
······Start:   Receiving Result
······End:     Receiving Result.....................................................19.209s
······Start:   Post-processing
······End:     Post-processing......................................................3.441ms
····End:     Linear offline protocol................................................19.259s
····Start:   Linear offline protocol
······Start:   Client preprocessing
······End:     Client preprocessing.................................................41.157ms
······Start:   Sending input
Writing.. 4719545
······End:     Sending input........................................................7.452ms
······Start:   Receiving Result
······End:     Receiving Result.....................................................19.252s
······Start:   Post-processing
······End:     Post-processing......................................................3.484ms
····End:     Linear offline protocol................................................19.305s
····Start:   Linear offline protocol
······Start:   Client preprocessing
······End:     Client preprocessing.................................................41.0ms
······Start:   Sending input
Writing.. 4719545
······End:     Sending input........................................................7.466ms
······Start:   Receiving Result
······End:     Receiving Result.....................................................19.274s
······Start:   Post-processing
······End:     Post-processing......................................................3.466ms
····End:     Linear offline protocol................................................19.326s
····Start:   Linear offline protocol
······Start:   Client preprocessing
······End:     Client preprocessing.................................................5.964ms
······Start:   Sending input
Writing.. 524401
······End:     Sending input........................................................1.618ms
······Start:   Receiving Result
······End:     Receiving Result.....................................................3.933s
······Start:   Post-processing
······End:     Post-processing......................................................3.623ms
····End:     Linear offline protocol................................................3.944s
····Start:   Linear offline protocol
······Start:   Client preprocessing
······End:     Client preprocessing.................................................7.880ms
······Start:   Sending input
Writing.. 524401
······End:     Sending input........................................................1.590ms
······Start:   Receiving Result
······End:     Receiving Result.....................................................39.770s
······Start:   Post-processing
······End:     Post-processing......................................................3.686ms
····End:     Linear offline protocol................................................39.784s
····Start:   Linear offline protocol
······Start:   Client preprocessing
······End:     Client preprocessing.................................................7.758ms
······Start:   Sending input
Writing.. 524401
······End:     Sending input........................................................1.663ms
······Start:   Receiving Result
······End:     Receiving Result.....................................................155.21ms
······Start:   Post-processing
······End:     Post-processing......................................................3.106ms
····End:     Linear offline protocol................................................167.659ms
··End:     Linear layers offline phase..............................................237.258s
··Start:   ReLU layers offline phase with 284672 ReLUs
····Start:   ReLU offline protocol
······Start:   Receiving GCs
······End:     Receiving GCs........................................................14.721s
······Start:   OTs
BASE-OT.0: Receiver to Sender.. 4096
EXT-OT.0 : Receiver to Sender.. 191299584
······End:     OTs..................................................................1.33s
SIZE OF LABELS: 382599168
····End:     ReLU offline protocol..................................................15.807s
··End:     ReLU layers offline phase with 284672 ReLUs..............................16.38s
··Start:   Approx layers offline phase with 0 approximations
··End:     Approx layers offline phase with 0 approximations........................350ns
End:     Client offline phase.......................................................253.297s
Start:   Client online phase
··Start:   Linear layer
····Start:   Linear online protocol
Writing.. 27689
····End:     Linear online protocol.................................................369.675µs
··End:     Linear layer.............................................................739.60µs
··Start:   ReLU layer
····Start:   ReLU online protocol
······Start:   Receiving inputs
······End:     Receiving inputs.....................................................276.911ms
······Start:   Evaluating GCs
······End:     Evaluating GCs.......................................................1.110s
····End:     ReLU online protocol...................................................1.387s
··End:     ReLU layer...............................................................1.492s
··Start:   Linear layer
····Start:   Linear online protocol
Writing.. 589865
····End:     Linear online protocol.................................................1.517ms
··End:     Linear layer.............................................................1.771ms
··Start:   ReLU layer
····Start:   ReLU online protocol
······Start:   Receiving inputs
······End:     Receiving inputs.....................................................240.17ms
······Start:   Evaluating GCs
······End:     Evaluating GCs.......................................................1.102s
····End:     ReLU online protocol...................................................1.342s
··End:     ReLU layer...............................................................1.456s
··Start:   Linear layer
····Start:   Linear online protocol
····End:     Linear online protocol.................................................1.614ms
··End:     Linear layer.............................................................1.742ms
··Start:   Linear layer
····Start:   Linear online protocol
Writing.. 147497
····End:     Linear online protocol.................................................1.414ms
··End:     Linear layer.............................................................1.537ms
··Start:   ReLU layer
····Start:   ReLU online protocol
······Start:   Receiving inputs
······End:     Receiving inputs.....................................................147.90ms
······Start:   Evaluating GCs
······End:     Evaluating GCs.......................................................551.549ms
····End:     ReLU online protocol...................................................698.752ms
··End:     ReLU layer...............................................................742.787ms
··Start:   Linear layer
····Start:   Linear online protocol
Writing.. 294953
····End:     Linear online protocol.................................................1.395ms
··End:     Linear layer.............................................................1.541ms
··Start:   ReLU layer
····Start:   ReLU online protocol
······Start:   Receiving inputs
······End:     Receiving inputs.....................................................120.569ms
······Start:   Evaluating GCs
······End:     Evaluating GCs.......................................................552.654ms
····End:     ReLU online protocol...................................................673.346ms
··End:     ReLU layer...............................................................728.312ms
··Start:   Linear layer
····Start:   Linear online protocol
····End:     Linear online protocol.................................................654.951µs
··End:     Linear layer.............................................................738.171µs
··Start:   Linear layer
····Start:   Linear online protocol
Writing.. 73769
····End:     Linear online protocol.................................................1.40ms
··End:     Linear layer.............................................................1.110ms
··Start:   ReLU layer
····Start:   ReLU online protocol
······Start:   Receiving inputs
······End:     Receiving inputs.....................................................69.753ms
······Start:   Evaluating GCs
······End:     Evaluating GCs.......................................................273.744ms
····End:     ReLU online protocol...................................................343.615ms
··End:     ReLU layer...............................................................374.681ms
··Start:   Linear layer
····Start:   Linear online protocol
Writing.. 147497
····End:     Linear online protocol.................................................1.236ms
··End:     Linear layer.............................................................1.322ms
··Start:   ReLU layer
····Start:   ReLU online protocol
······Start:   Receiving inputs
······End:     Receiving inputs.....................................................72.290ms
······Start:   Evaluating GCs
······End:     Evaluating GCs.......................................................273.949ms
····End:     ReLU online protocol...................................................346.341ms
··End:     ReLU layer...............................................................375.482ms
··Start:   Linear layer
····Start:   Linear online protocol
Writing.. 147497
····End:     Linear online protocol.................................................1.615ms
··End:     Linear layer.............................................................1.692ms
··Start:   ReLU layer
····Start:   ReLU online protocol
······Start:   Receiving inputs
······End:     Receiving inputs.....................................................97.477ms
······Start:   Evaluating GCs
······End:     Evaluating GCs.......................................................279.927ms
····End:     ReLU online protocol...................................................377.509ms
··End:     ReLU layer...............................................................404.717ms
··Start:   Linear layer
····Start:   Linear online protocol
····End:     Linear online protocol.................................................316.146µs
··End:     Linear layer.............................................................367.775µs
··Start:   Linear layer
····Start:   Linear online protocol
Writing.. 36905
····End:     Linear online protocol.................................................830.179µs
··End:     Linear layer.............................................................869.219µs
··Start:   ReLU layer
····Start:   ReLU online protocol
······Start:   Receiving inputs
······End:     Receiving inputs.....................................................57.177ms
······Start:   Evaluating GCs
······End:     Evaluating GCs.......................................................141.364ms
····End:     ReLU online protocol...................................................198.652ms
··End:     ReLU layer...............................................................212.576ms
··Start:   Linear layer
····Start:   Linear online protocol
Writing.. 73769
····End:     Linear online protocol.................................................981.497µs
··End:     Linear layer.............................................................1.33ms
··Start:   ReLU layer
····Start:   ReLU online protocol
······Start:   Receiving inputs
······End:     Receiving inputs.....................................................108.297ms
······Start:   Evaluating GCs
······End:     Evaluating GCs.......................................................139.567ms
····End:     ReLU online protocol...................................................247.964ms
··End:     ReLU layer...............................................................267.329ms
··Start:   Linear layer
····Start:   Linear online protocol
Writing.. 73769
····End:     Linear online protocol.................................................1.173ms
··End:     Linear layer.............................................................1.247ms
··Start:   ReLU layer
····Start:   ReLU online protocol
······Start:   Receiving inputs
······End:     Receiving inputs.....................................................46.439ms
······Start:   Evaluating GCs
······End:     Evaluating GCs.......................................................142.67ms
····End:     ReLU online protocol...................................................188.580ms
··End:     ReLU layer...............................................................210.677ms
··Start:   Linear layer
····Start:   Linear online protocol
····End:     Linear online protocol.................................................73.819µs
··End:     Linear layer.............................................................110.169µs
··Start:   Linear layer
····Start:   Linear online protocol
Writing.. 18473
····End:     Linear online protocol.................................................357.265µs
··End:     Linear layer.............................................................374.365µs
··Start:   ReLU layer
····Start:   ReLU online protocol
······Start:   Receiving inputs
······End:     Receiving inputs.....................................................96.956ms
······Start:   Evaluating GCs
······End:     Evaluating GCs.......................................................39.834ms
····End:     ReLU online protocol...................................................136.838ms
··End:     ReLU layer...............................................................142.550ms
··Start:   Linear layer
····Start:   Linear online protocol
Writing.. 18473
····End:     Linear online protocol.................................................251.197µs
··End:     Linear layer.............................................................275.697µs
··Start:   ReLU layer
····Start:   ReLU online protocol
······Start:   Receiving inputs
······End:     Receiving inputs.....................................................39.511ms
······Start:   Evaluating GCs
······End:     Evaluating GCs.......................................................39.970ms
····End:     ReLU online protocol...................................................79.541ms
··End:     ReLU layer...............................................................89.356ms
··Start:   Linear layer
····Start:   Linear online protocol
Writing.. 18473
····End:     Linear online protocol.................................................257.167µs
··End:     Linear layer.............................................................276.936µs
··Start:   ReLU layer
····Start:   ReLU online protocol
······Start:   Receiving inputs
······End:     Receiving inputs.....................................................42.640ms
······Start:   Evaluating GCs
······End:     Evaluating GCs.......................................................38.364ms
····End:     ReLU online protocol...................................................81.71ms
··End:     ReLU layer...............................................................87.522ms
··Start:   Linear layer
····Start:   Linear online protocol
····End:     Linear online protocol.................................................32.670µs
··End:     Linear layer.............................................................49.250µs
··Start:   Linear layer
····Start:   Linear online protocol
Writing.. 4649
····End:     Linear online protocol.................................................178.368µs
··End:     Linear layer.............................................................211.967µs
··Start:   ReLU layer
····Start:   ReLU online protocol
······Start:   Receiving inputs
······End:     Receiving inputs.....................................................42.892ms
······Start:   Evaluating GCs
······End:     Evaluating GCs.......................................................69.932ms
····End:     ReLU online protocol...................................................112.885ms
··End:     ReLU layer...............................................................122.324ms
··Start:   Linear layer
····Start:   Linear online protocol
Writing.. 36905
····End:     Linear online protocol.................................................620.382µs
··End:     Linear layer.............................................................648.232µs
··Start:   ReLU layer
····Start:   ReLU online protocol
······Start:   Receiving inputs
······End:     Receiving inputs.....................................................161.113ms
······Start:   Evaluating GCs
······End:     Evaluating GCs.......................................................70.973ms
····End:     ReLU online protocol...................................................232.186ms
··End:     ReLU layer...............................................................242.359ms
··Start:   Linear layer
····Start:   Linear online protocol
Writing.. 36905
····End:     Linear online protocol.................................................837.239µs
··End:     Linear layer.............................................................857.469µs
End:     Client online phase........................................................7.39s
StartMsg: Offline Communication
  
  Read 5262976071 bytes
  Wrote 348765424 bytes

EndMsg: Offline Communication
StartMsg: Online Communication
  
  Read 337052027 bytes
  Wrote 1747216 bytes

EndMsg: Online Communication
