fc input dims = (1, 512, 1, 1)
Layer dim: (1, 3, 32, 32) true
Layer dim: (1, 64, 32, 32) false
Layer dim: (1, 64, 32, 32) true
Layer dim: (1, 64, 32, 32) false
Layer dim: (1, 64, 32, 32) true
Layer dim: (1, 64, 16, 16) true
Layer dim: (1, 128, 16, 16) false
Layer dim: (1, 128, 16, 16) true
Layer dim: (1, 128, 16, 16) false
Layer dim: (1, 128, 16, 16) true
Layer dim: (1, 128, 8, 8) true
Layer dim: (1, 256, 8, 8) false
Layer dim: (1, 256, 8, 8) true
Layer dim: (1, 256, 8, 8) false
Layer dim: (1, 256, 8, 8) true
Layer dim: (1, 256, 8, 8) false
Layer dim: (1, 256, 8, 8) true
Layer dim: (1, 256, 4, 4) true
Layer dim: (1, 512, 4, 4) false
Layer dim: (1, 512, 4, 4) true
Layer dim: (1, 512, 4, 4) false
Layer dim: (1, 512, 4, 4) true
Layer dim: (1, 512, 4, 4) false
Layer dim: (1, 512, 4, 4) true
Layer dim: (1, 512, 2, 2) true
Layer dim: (1, 512, 2, 2) false
Layer dim: (1, 512, 2, 2) true
Layer dim: (1, 512, 2, 2) false
Layer dim: (1, 512, 2, 2) true
Layer dim: (1, 512, 2, 2) false
Layer dim: (1, 512, 2, 2) true
Layer dim: (1, 512, 1, 1) true
Layer dim: (1, 4096, 1, 1) false
Layer dim: (1, 4096, 1, 1) true
Layer dim: (1, 4096, 1, 1) false
Layer dim: (1, 4096, 1, 1) true
Start:   Generating keys
End:     Generating keys............................................................329.14ms
Start:   Sending keys
Writing.. 33180308
End:     Sending keys...............................................................54.975ms
Start:   Client offline phase
··Start:   Linear layers offline phase
····Start:   Linear offline protocol
······Start:   Client preprocessing
······End:     Client preprocessing.................................................44.96ms
······Start:   Sending input
Writing.. 4719545
······End:     Sending input........................................................8.58ms
······Start:   Receiving Result
······End:     Receiving Result.....................................................2.48s
······Start:   Post-processing
······End:     Post-processing......................................................12.585ms
····End:     Linear offline protocol................................................2.113s
····Start:   Linear offline protocol
······Start:   Client preprocessing
······End:     Client preprocessing.................................................351.526ms
······Start:   Sending input
Writing.. 37756304
······End:     Sending input........................................................66.618ms
······Start:   Receiving Result
······End:     Receiving Result.....................................................13.972s
······Start:   Post-processing
······End:     Post-processing......................................................12.705ms
····End:     Linear offline protocol................................................14.403s
····Start:   Linear offline protocol
······Start:   Client preprocessing
······End:     Client preprocessing.................................................75.720ms
······Start:   Sending input
Writing.. 9439082
······End:     Sending input........................................................13.559ms
······Start:   Receiving Result
······End:     Receiving Result.....................................................7.630s
······Start:   Post-processing
······End:     Post-processing......................................................7.768ms
····End:     Linear offline protocol................................................7.728s
····Start:   Linear offline protocol
······Start:   Client preprocessing
······End:     Client preprocessing.................................................153.308ms
······Start:   Sending input
Writing.. 18878156
······End:     Sending input........................................................29.935ms
······Start:   Receiving Result
······End:     Receiving Result.....................................................15.288s
······Start:   Post-processing
······End:     Post-processing......................................................7.610ms
····End:     Linear offline protocol................................................15.479s
····Start:   Linear offline protocol
······Start:   Client preprocessing
······End:     Client preprocessing.................................................37.157ms
······Start:   Sending input
Writing.. 4719545
······End:     Sending input........................................................7.293ms
······Start:   Receiving Result
······End:     Receiving Result.....................................................8.275s
······Start:   Post-processing
······End:     Post-processing......................................................7.87ms
····End:     Linear offline protocol................................................8.326s
····Start:   Linear offline protocol
······Start:   Client preprocessing
······End:     Client preprocessing.................................................78.425ms
······Start:   Sending input
Writing.. 9439082
······End:     Sending input........................................................13.913ms
······Start:   Receiving Result
······End:     Receiving Result.....................................................16.607s
······Start:   Post-processing
······End:     Post-processing......................................................7.49ms
····End:     Linear offline protocol................................................16.706s
····Start:   Linear offline protocol
······Start:   Client preprocessing
······End:     Client preprocessing.................................................76.127ms
······Start:   Sending input
Writing.. 9439082
······End:     Sending input........................................................13.855ms
······Start:   Receiving Result
······End:     Receiving Result.....................................................16.577s
······Start:   Post-processing
······End:     Post-processing......................................................5.789ms
····End:     Linear offline protocol................................................16.673s
····Start:   Linear offline protocol
······Start:   Client preprocessing
······End:     Client preprocessing.................................................37.200ms
······Start:   Sending input
Writing.. 4719545
······End:     Sending input........................................................7.583ms
······Start:   Receiving Result
······End:     Receiving Result.....................................................17.915s
······Start:   Post-processing
······End:     Post-processing......................................................3.550ms
····End:     Linear offline protocol................................................17.964s
····Start:   Linear offline protocol
······Start:   Client preprocessing
······End:     Client preprocessing.................................................39.972ms
······Start:   Sending input
Writing.. 4719545
······End:     Sending input........................................................7.654ms
······Start:   Receiving Result
······End:     Receiving Result.....................................................17.924s
······Start:   Post-processing
······End:     Post-processing......................................................3.665ms
····End:     Linear offline protocol................................................17.976s
····Start:   Linear offline protocol
······Start:   Client preprocessing
······End:     Client preprocessing.................................................42.186ms
······Start:   Sending input
Writing.. 4719545
······End:     Sending input........................................................7.311ms
······Start:   Receiving Result
······End:     Receiving Result.....................................................18.21s
······Start:   Post-processing
······End:     Post-processing......................................................3.585ms
····End:     Linear offline protocol................................................18.75s
····Start:   Linear offline protocol
······Start:   Client preprocessing
······End:     Client preprocessing.................................................40.608ms
······Start:   Sending input
Writing.. 4719545
······End:     Sending input........................................................7.558ms
······Start:   Receiving Result
······End:     Receiving Result.....................................................19.253s
······Start:   Post-processing
······End:     Post-processing......................................................3.439ms
····End:     Linear offline protocol................................................19.305s
····Start:   Linear offline protocol
······Start:   Client preprocessing
······End:     Client preprocessing.................................................39.252ms
······Start:   Sending input
Writing.. 4719545
······End:     Sending input........................................................7.529ms
······Start:   Receiving Result
······End:     Receiving Result.....................................................19.341s
······Start:   Post-processing
······End:     Post-processing......................................................3.437ms
····End:     Linear offline protocol................................................19.392s
····Start:   Linear offline protocol
······Start:   Client preprocessing
······End:     Client preprocessing.................................................39.538ms
······Start:   Sending input
Writing.. 4719545
······End:     Sending input........................................................7.241ms
······Start:   Receiving Result
······End:     Receiving Result.....................................................19.224s
······Start:   Post-processing
······End:     Post-processing......................................................3.515ms
····End:     Linear offline protocol................................................19.274s
····Start:   Linear offline protocol
······Start:   Client preprocessing
······End:     Client preprocessing.................................................7.209ms
······Start:   Sending input
Writing.. 524401
······End:     Sending input........................................................1.886ms
······Start:   Receiving Result
······End:     Receiving Result.....................................................3.941s
······Start:   Post-processing
······End:     Post-processing......................................................3.672ms
····End:     Linear offline protocol................................................3.954s
····Start:   Linear offline protocol
······Start:   Client preprocessing
······End:     Client preprocessing.................................................7.624ms
······Start:   Sending input
Writing.. 524401
······End:     Sending input........................................................1.736ms
······Start:   Receiving Result
······End:     Receiving Result.....................................................39.804s
······Start:   Post-processing
······End:     Post-processing......................................................3.775ms
····End:     Linear offline protocol................................................39.817s
····Start:   Linear offline protocol
······Start:   Client preprocessing
······End:     Client preprocessing.................................................8.866ms
······Start:   Sending input
Writing.. 524401
······End:     Sending input........................................................1.744ms
······Start:   Receiving Result
······End:     Receiving Result.....................................................151.831ms
······Start:   Post-processing
······End:     Post-processing......................................................3.732ms
····End:     Linear offline protocol................................................166.268ms
··End:     Linear layers offline phase..............................................237.365s
··Start:   ReLU layers offline phase with 284672 ReLUs
····Start:   ReLU offline protocol
······Start:   Receiving GCs
······End:     Receiving GCs........................................................14.155s
······Start:   OTs
BASE-OT.0: Receiver to Sender.. 4096
EXT-OT.0 : Receiver to Sender.. 191299584
······End:     OTs..................................................................1.58s
SIZE OF LABELS: 382599168
····End:     ReLU offline protocol..................................................15.265s
··End:     ReLU layers offline phase with 284672 ReLUs..............................15.470s
··Start:   Approx layers offline phase with 0 approximations
··End:     Approx layers offline phase with 0 approximations........................290ns
End:     Client offline phase.......................................................252.835s
Start:   Client online phase
··Start:   Linear layer
····Start:   Linear online protocol
Writing.. 27689
····End:     Linear online protocol.................................................359.26µs
··End:     Linear layer.............................................................686.512µs
··Start:   ReLU layer
····Start:   ReLU online protocol
······Start:   Receiving inputs
······End:     Receiving inputs.....................................................280.824ms
······Start:   Evaluating GCs
······End:     Evaluating GCs.......................................................1.119s
····End:     ReLU online protocol...................................................1.400s
··End:     ReLU layer...............................................................1.498s
··Start:   Linear layer
····Start:   Linear online protocol
Writing.. 589865
····End:     Linear online protocol.................................................1.797ms
··End:     Linear layer.............................................................2.20ms
··Start:   ReLU layer
····Start:   ReLU online protocol
······Start:   Receiving inputs
······End:     Receiving inputs.....................................................225.920ms
······Start:   Evaluating GCs
······End:     Evaluating GCs.......................................................1.89s
····End:     ReLU online protocol...................................................1.315s
··End:     ReLU layer...............................................................1.414s
··Start:   Linear layer
····Start:   Linear online protocol
····End:     Linear online protocol.................................................1.173ms
··End:     Linear layer.............................................................1.288ms
··Start:   Linear layer
····Start:   Linear online protocol
Writing.. 147497
····End:     Linear online protocol.................................................1.478ms
··End:     Linear layer.............................................................1.580ms
··Start:   ReLU layer
····Start:   ReLU online protocol
······Start:   Receiving inputs
······End:     Receiving inputs.....................................................120.89ms
······Start:   Evaluating GCs
······End:     Evaluating GCs.......................................................562.465ms
····End:     ReLU online protocol...................................................682.664ms
··End:     ReLU layer...............................................................720.427ms
··Start:   Linear layer
····Start:   Linear online protocol
Writing.. 294953
····End:     Linear online protocol.................................................1.383ms
··End:     Linear layer.............................................................1.515ms
··Start:   ReLU layer
····Start:   ReLU online protocol
······Start:   Receiving inputs
······End:     Receiving inputs.....................................................113.646ms
······Start:   Evaluating GCs
······End:     Evaluating GCs.......................................................554.15ms
····End:     ReLU online protocol...................................................667.750ms
··End:     ReLU layer...............................................................719.749ms
··Start:   Linear layer
····Start:   Linear online protocol
····End:     Linear online protocol.................................................759.691µs
··End:     Linear layer.............................................................863.969µs
··Start:   Linear layer
····Start:   Linear online protocol
Writing.. 73769
····End:     Linear online protocol.................................................946.278µs
··End:     Linear layer.............................................................1.8ms
··Start:   ReLU layer
····Start:   ReLU online protocol
······Start:   Receiving inputs
······End:     Receiving inputs.....................................................61.220ms
······Start:   Evaluating GCs
······End:     Evaluating GCs.......................................................278.342ms
····End:     ReLU online protocol...................................................339.674ms
··End:     ReLU layer...............................................................363.224ms
··Start:   Linear layer
····Start:   Linear online protocol
Writing.. 147497
····End:     Linear online protocol.................................................1.495ms
··End:     Linear layer.............................................................1.580ms
··Start:   ReLU layer
····Start:   ReLU online protocol
······Start:   Receiving inputs
······End:     Receiving inputs.....................................................63.1ms
······Start:   Evaluating GCs
······End:     Evaluating GCs.......................................................274.894ms
····End:     ReLU online protocol...................................................338.4ms
··End:     ReLU layer...............................................................377.190ms
··Start:   Linear layer
····Start:   Linear online protocol
Writing.. 147497
····End:     Linear online protocol.................................................1.811ms
··End:     Linear layer.............................................................1.930ms
··Start:   ReLU layer
····Start:   ReLU online protocol
······Start:   Receiving inputs
······End:     Receiving inputs.....................................................84.362ms
······Start:   Evaluating GCs
······End:     Evaluating GCs.......................................................279.267ms
····End:     ReLU online protocol...................................................363.729ms
··End:     ReLU layer...............................................................391.530ms
··Start:   Linear layer
····Start:   Linear online protocol
····End:     Linear online protocol.................................................266.656µs
··End:     Linear layer.............................................................317.256µs
··Start:   Linear layer
····Start:   Linear online protocol
Writing.. 36905
····End:     Linear online protocol.................................................746.180µs
··End:     Linear layer.............................................................789.400µs
··Start:   ReLU layer
····Start:   ReLU online protocol
······Start:   Receiving inputs
······End:     Receiving inputs.....................................................79.543ms
······Start:   Evaluating GCs
······End:     Evaluating GCs.......................................................138.141ms
····End:     ReLU online protocol...................................................217.792ms
··End:     ReLU layer...............................................................235.399ms
··Start:   Linear layer
····Start:   Linear online protocol
Writing.. 73769
····End:     Linear online protocol.................................................882.439µs
··End:     Linear layer.............................................................952.229µs
··Start:   ReLU layer
····Start:   ReLU online protocol
······Start:   Receiving inputs
······End:     Receiving inputs.....................................................103.978ms
······Start:   Evaluating GCs
······End:     Evaluating GCs.......................................................139.842ms
····End:     ReLU online protocol...................................................243.917ms
··End:     ReLU layer...............................................................262.822ms
··Start:   Linear layer
····Start:   Linear online protocol
Writing.. 73769
····End:     Linear online protocol.................................................1.285ms
··End:     Linear layer.............................................................1.330ms
··Start:   ReLU layer
····Start:   ReLU online protocol
······Start:   Receiving inputs
······End:     Receiving inputs.....................................................60.260ms
······Start:   Evaluating GCs
······End:     Evaluating GCs.......................................................139.418ms
····End:     ReLU online protocol...................................................199.756ms
··End:     ReLU layer...............................................................227.687ms
··Start:   Linear layer
····Start:   Linear online protocol
····End:     Linear online protocol.................................................73.469µs
··End:     Linear layer.............................................................106.289µs
··Start:   Linear layer
····Start:   Linear online protocol
Writing.. 18473
····End:     Linear online protocol.................................................295.786µs
··End:     Linear layer.............................................................312.336µs
··Start:   ReLU layer
····Start:   ReLU online protocol
······Start:   Receiving inputs
······End:     Receiving inputs.....................................................45.417ms
······Start:   Evaluating GCs
······End:     Evaluating GCs.......................................................38.706ms
····End:     ReLU online protocol...................................................84.169ms
··End:     ReLU layer...............................................................91.479ms
··Start:   Linear layer
····Start:   Linear online protocol
Writing.. 18473
····End:     Linear online protocol.................................................216.557µs
··End:     Linear layer.............................................................240.147µs
··Start:   ReLU layer
····Start:   ReLU online protocol
······Start:   Receiving inputs
······End:     Receiving inputs.....................................................33.508ms
······Start:   Evaluating GCs
······End:     Evaluating GCs.......................................................37.843ms
····End:     ReLU online protocol...................................................71.411ms
··End:     ReLU layer...............................................................81.125ms
··Start:   Linear layer
····Start:   Linear online protocol
Writing.. 18473
····End:     Linear online protocol.................................................276.17µs
··End:     Linear layer.............................................................303.586µs
··Start:   ReLU layer
····Start:   ReLU online protocol
······Start:   Receiving inputs
······End:     Receiving inputs.....................................................36.36ms
······Start:   Evaluating GCs
······End:     Evaluating GCs.......................................................39.540ms
····End:     ReLU online protocol...................................................75.621ms
··End:     ReLU layer...............................................................84.721ms
··Start:   Linear layer
····Start:   Linear online protocol
····End:     Linear online protocol.................................................20.390µs
··End:     Linear layer.............................................................33.240µs
··Start:   Linear layer
····Start:   Linear online protocol
Writing.. 4649
····End:     Linear online protocol.................................................106.798µs
··End:     Linear layer.............................................................127.328µs
··Start:   ReLU layer
····Start:   ReLU online protocol
······Start:   Receiving inputs
······End:     Receiving inputs.....................................................50.286ms
······Start:   Evaluating GCs
······End:     Evaluating GCs.......................................................69.19ms
····End:     ReLU online protocol...................................................119.354ms
··End:     ReLU layer...............................................................126.751ms
··Start:   Linear layer
····Start:   Linear online protocol
Writing.. 36905
····End:     Linear online protocol.................................................720.342µs
··End:     Linear layer.............................................................747.20µs
··Start:   ReLU layer
····Start:   ReLU online protocol
······Start:   Receiving inputs
······End:     Receiving inputs.....................................................196.460ms
······Start:   Evaluating GCs
······End:     Evaluating GCs.......................................................74.929ms
····End:     ReLU online protocol...................................................271.446ms
··End:     ReLU layer...............................................................281.107ms
··Start:   Linear layer
····Start:   Linear online protocol
Writing.. 36905
····End:     Linear online protocol.................................................680.542µs
··End:     Linear layer.............................................................689.972µs
End:     Client online phase........................................................6.963s
StartMsg: Offline Communication
  
  Read 5262976071 bytes
  Wrote 348765424 bytes

EndMsg: Offline Communication
StartMsg: Online Communication
  
  Read 337052027 bytes
  Wrote 1747216 bytes

EndMsg: Online Communication
