fc input dims = (1, 512, 1, 1)
Layer dim: (1, 3, 32, 32) true
Layer dim: (1, 64, 32, 32) false
Layer dim: (1, 64, 32, 32) true
Layer dim: (1, 64, 32, 32) false
Layer dim: (1, 64, 32, 32) true
Layer dim: (1, 64, 16, 16) true
Layer dim: (1, 128, 16, 16) false
Layer dim: (1, 128, 16, 16) true
Layer dim: (1, 128, 16, 16) false
Layer dim: (1, 128, 16, 16) true
Layer dim: (1, 128, 8, 8) true
Layer dim: (1, 256, 8, 8) false
Layer dim: (1, 256, 8, 8) true
Layer dim: (1, 256, 8, 8) false
Layer dim: (1, 256, 8, 8) true
Layer dim: (1, 256, 8, 8) false
Layer dim: (1, 256, 8, 8) true
Layer dim: (1, 256, 4, 4) true
Layer dim: (1, 512, 4, 4) false
Layer dim: (1, 512, 4, 4) true
Layer dim: (1, 512, 4, 4) false
Layer dim: (1, 512, 4, 4) true
Layer dim: (1, 512, 4, 4) false
Layer dim: (1, 512, 4, 4) true
Layer dim: (1, 512, 2, 2) true
Layer dim: (1, 512, 2, 2) false
Layer dim: (1, 512, 2, 2) true
Layer dim: (1, 512, 2, 2) false
Layer dim: (1, 512, 2, 2) true
Layer dim: (1, 512, 2, 2) false
Layer dim: (1, 512, 2, 2) true
Layer dim: (1, 512, 1, 1) true
Layer dim: (1, 4096, 1, 1) false
Layer dim: (1, 4096, 1, 1) true
Layer dim: (1, 4096, 1, 1) false
Layer dim: (1, 4096, 1, 1) true
Start:   Receiving keys
End:     Receiving keys.............................................................716.199ms
Start:   Server offline phase
··Start:   Linear layers offline phase
····Start:   Server linear offline protocol
······Start:   Preprocessing
······End:     Preprocessing........................................................3.981ms
······Start:   Receiving Input
······End:     Receiving Input......................................................12.528ms
······Start:   Processing Layer
······End:     Processing Layer.....................................................1.676s
······Start:   Sending result
Writing.. 4195152
······End:     Sending result.......................................................7.536ms
····End:     Server linear offline protocol.........................................1.700s
····Start:   Server linear offline protocol
······Start:   Preprocessing
······End:     Preprocessing........................................................3.975ms
······Start:   Receiving Input
······End:     Receiving Input......................................................89.577ms
······Start:   Processing Layer
······End:     Processing Layer.....................................................13.469s
······Start:   Sending result
Writing.. 4195152
······End:     Sending result.......................................................8.152ms
····End:     Server linear offline protocol.........................................13.571s
····Start:   Server linear offline protocol
······Start:   Preprocessing
······End:     Preprocessing........................................................1.990ms
······Start:   Receiving Input
······End:     Receiving Input......................................................24.896ms
······Start:   Processing Layer
······End:     Processing Layer.....................................................7.303s
······Start:   Sending result
Writing.. 2097580
······End:     Sending result.......................................................4.296ms
····End:     Server linear offline protocol.........................................7.335s
····Start:   Server linear offline protocol
······Start:   Preprocessing
······End:     Preprocessing........................................................2.20ms
······Start:   Receiving Input
······End:     Receiving Input......................................................53.148ms
······Start:   Processing Layer
······End:     Processing Layer.....................................................14.602s
······Start:   Sending result
Writing.. 2097580
······End:     Sending result.......................................................4.151ms
····End:     Server linear offline protocol.........................................14.661s
····Start:   Server linear offline protocol
······Start:   Preprocessing
······End:     Preprocessing........................................................1.18ms
······Start:   Receiving Input
······End:     Receiving Input......................................................10.893ms
······Start:   Processing Layer
······End:     Processing Layer.....................................................7.938s
······Start:   Sending result
Writing.. 1048794
······End:     Sending result.......................................................2.604ms
····End:     Server linear offline protocol.........................................7.953s
····Start:   Server linear offline protocol
······Start:   Preprocessing
······End:     Preprocessing........................................................1.35ms
······Start:   Receiving Input
······End:     Receiving Input......................................................22.924ms
······Start:   Processing Layer
······End:     Processing Layer.....................................................15.887s
······Start:   Sending result
Writing.. 1048794
······End:     Sending result.......................................................2.846ms
····End:     Server linear offline protocol.........................................15.914s
····Start:   Server linear offline protocol
······Start:   Preprocessing
······End:     Preprocessing........................................................1.8ms
······Start:   Receiving Input
······End:     Receiving Input......................................................21.554ms
······Start:   Processing Layer
······End:     Processing Layer.....................................................15.833s
······Start:   Sending result
Writing.. 1048794
······End:     Sending result.......................................................2.481ms
····End:     Server linear offline protocol.........................................15.858s
····Start:   Server linear offline protocol
······Start:   Preprocessing
······End:     Preprocessing........................................................541.333µs
······Start:   Receiving Input
······End:     Receiving Input......................................................11.889ms
······Start:   Processing Layer
······End:     Processing Layer.....................................................17.257s
······Start:   Sending result
Writing.. 524401
······End:     Sending result.......................................................1.984ms
····End:     Server linear offline protocol.........................................17.272s
····Start:   Server linear offline protocol
······Start:   Preprocessing
······End:     Preprocessing........................................................549.343µs
······Start:   Receiving Input
······End:     Receiving Input......................................................9.538ms
······Start:   Processing Layer
······End:     Processing Layer.....................................................17.210s
······Start:   Sending result
Writing.. 524401
······End:     Sending result.......................................................1.942ms
····End:     Server linear offline protocol.........................................17.222s
····Start:   Server linear offline protocol
······Start:   Preprocessing
······End:     Preprocessing........................................................543.563µs
······Start:   Receiving Input
······End:     Receiving Input......................................................8.902ms
······Start:   Processing Layer
······End:     Processing Layer.....................................................17.305s
······Start:   Sending result
Writing.. 524401
······End:     Sending result.......................................................1.880ms
····End:     Server linear offline protocol.........................................17.317s
····Start:   Server linear offline protocol
······Start:   Preprocessing
······End:     Preprocessing........................................................404.234µs
······Start:   Receiving Input
······End:     Receiving Input......................................................10.989ms
······Start:   Processing Layer
······End:     Processing Layer.....................................................18.599s
······Start:   Sending result
Writing.. 524401
······End:     Sending result.......................................................1.704ms
····End:     Server linear offline protocol.........................................18.612s
····Start:   Server linear offline protocol
······Start:   Preprocessing
······End:     Preprocessing........................................................391.695µs
······Start:   Receiving Input
······End:     Receiving Input......................................................10.788ms
······Start:   Processing Layer
······End:     Processing Layer.....................................................18.614s
······Start:   Sending result
Writing.. 524401
······End:     Sending result.......................................................1.612ms
····End:     Server linear offline protocol.........................................18.626s
····Start:   Server linear offline protocol
······Start:   Preprocessing
······End:     Preprocessing........................................................411.274µs
······Start:   Receiving Input
······End:     Receiving Input......................................................11.643ms
······Start:   Processing Layer
······End:     Processing Layer.....................................................18.568s
······Start:   Sending result
Writing.. 524401
······End:     Sending result.......................................................1.761ms
····End:     Server linear offline protocol.........................................18.582s
····Start:   Server linear offline protocol
······Start:   Preprocessing
······End:     Preprocessing........................................................556.763µs
······Start:   Receiving Input
······End:     Receiving Input......................................................1.964ms
······Start:   Processing Layer
······End:     Processing Layer.....................................................3.797s
······Start:   Sending result
Writing.. 524401
······End:     Sending result.......................................................1.722ms
····End:     Server linear offline protocol.........................................3.801s
····Start:   Server linear offline protocol
······Start:   Preprocessing
······End:     Preprocessing........................................................551.473µs
······Start:   Receiving Input
······End:     Receiving Input......................................................1.743ms
······Start:   Processing Layer
······End:     Processing Layer.....................................................38.533s
······Start:   Sending result
Writing.. 524401
······End:     Sending result.......................................................1.975ms
····End:     Server linear offline protocol.........................................38.538s
····Start:   Server linear offline protocol
······Start:   Preprocessing
······End:     Preprocessing........................................................306.416µs
······Start:   Receiving Input
······End:     Receiving Input......................................................13.88ms
······Start:   Processing Layer
······End:     Processing Layer.....................................................108.759ms
······Start:   Sending result
Writing.. 524401
······End:     Sending result.......................................................2.35ms
····End:     Server linear offline protocol.........................................124.333ms
··End:     Linear layers offline phase..............................................236.498s
··Start:   ReLU layers offline phase, with 284672 activations
····Start:   ReLU offline protocol
······Start:   Garbling
······End:     Garbling.............................................................8.763s
······Start:   Encoding inputs
······End:     Encoding inputs......................................................2.3s
······Start:   Sending GCs
Writing.. 139853840
Writing.. 139853840
Writing.. 139853840
Writing.. 139853840
Writing.. 139853840
Writing.. 139853840
Writing.. 139853840
Writing.. 139853840
Writing.. 139853840
Writing.. 139853840
Writing.. 139853840
Writing.. 139853840
Writing.. 139853840
Writing.. 139853840
Writing.. 139853840
Writing.. 139853840
Writing.. 139853840
Writing.. 139853840
Writing.. 139853840
Writing.. 139853840
Writing.. 139853840
Writing.. 139853840
Writing.. 139853840
Writing.. 139853840
Writing.. 139853840
Writing.. 139853840
Writing.. 139853840
Writing.. 139853840
Writing.. 139853840
Writing.. 139853840
Writing.. 139853840
Writing.. 139853840
Writing.. 139853840
Writing.. 139853840
Writing.. 104890380
······End:     Sending GCs..........................................................3.251s
Len of labels sent during OT: 11956224
······Start:   OTs
EXT-OT.1 : Sender to Receiver.. 382599168
······End:     OTs..................................................................1.32s
····End:     ReLU offline protocol..................................................15.51s
··End:     ReLU layers offline phase, with 284672 activations.......................15.188s
··Start:   Approx layers offline phase, with 0 activations
··End:     Approx layers offline phase, with 0 activations..........................220ns
End:     Server offline phase.......................................................251.687s
Start:   Server online phase
··Start:   Linear layer
····Start:   Linear online protocol
····End:     Linear online protocol.................................................65.868ms
··End:     Linear layer.............................................................67.712ms
··Start:   ReLU layer
····Start:   ReLU online protocol
······Start:   Encoding inputs
······End:     Encoding inputs......................................................132.243ms
······Start:   Sending inputs
······End:     Sending inputs.......................................................70ns
····End:     ReLU online protocol...................................................132.300ms
Writing.. 77594630
··End:     ReLU layer...............................................................197.283ms
··Start:   Linear layer
····Start:   Linear online protocol
····End:     Linear online protocol.................................................19.79ms
··End:     Linear layer.............................................................1.247s
··Start:   ReLU layer
····Start:   ReLU online protocol
······Start:   Encoding inputs
······End:     Encoding inputs......................................................129.838ms
······Start:   Sending inputs
······End:     Sending inputs.......................................................70ns
····End:     ReLU online protocol...................................................129.890ms
Writing.. 77594630
··End:     ReLU layer...............................................................193.348ms
··Start:   Linear layer
····Start:   Linear online protocol
····End:     Linear online protocol.................................................685.431µs
··End:     Linear layer.............................................................921.38µs
··Start:   Linear layer
····Start:   Linear online protocol
····End:     Linear online protocol.................................................13.735ms
··End:     Linear layer.............................................................1.229s
··Start:   ReLU layer
····Start:   ReLU online protocol
······Start:   Encoding inputs
······End:     Encoding inputs......................................................78.189ms
······Start:   Sending inputs
······End:     Sending inputs.......................................................70ns
····End:     ReLU online protocol...................................................78.234ms
Writing.. 38797320
··End:     ReLU layer...............................................................111.458ms
··Start:   Linear layer
····Start:   Linear online protocol
····End:     Linear online protocol.................................................11.134ms
··End:     Linear layer.............................................................622.476ms
··Start:   ReLU layer
····Start:   ReLU online protocol
······Start:   Encoding inputs
······End:     Encoding inputs......................................................86.630ms
······Start:   Sending inputs
······End:     Sending inputs.......................................................70ns
····End:     ReLU online protocol...................................................86.683ms
Writing.. 38797320
··End:     ReLU layer...............................................................121.38ms
··Start:   Linear layer
····Start:   Linear online protocol
····End:     Linear online protocol.................................................572.423µs
··End:     Linear layer.............................................................766.50µs
··Start:   Linear layer
····Start:   Linear online protocol
····End:     Linear online protocol.................................................16.796ms
··End:     Linear layer.............................................................619.889ms
··Start:   ReLU layer
····Start:   ReLU online protocol
······Start:   Encoding inputs
······End:     Encoding inputs......................................................31.668ms
······Start:   Sending inputs
······End:     Sending inputs.......................................................80ns
····End:     ReLU online protocol...................................................31.713ms
Writing.. 19398664
··End:     ReLU layer...............................................................52.361ms
··Start:   Linear layer
····Start:   Linear online protocol
····End:     Linear online protocol.................................................19.53ms
··End:     Linear layer.............................................................337.289ms
··Start:   ReLU layer
····Start:   ReLU online protocol
······Start:   Encoding inputs
······End:     Encoding inputs......................................................47.140ms
······Start:   Sending inputs
······End:     Sending inputs.......................................................70ns
····End:     ReLU online protocol...................................................47.186ms
Writing.. 19398664
··End:     ReLU layer...............................................................58.504ms
··Start:   Linear layer
····Start:   Linear online protocol
····End:     Linear online protocol.................................................24.737ms
··End:     Linear layer.............................................................341.969ms
··Start:   ReLU layer
····Start:   ReLU online protocol
······Start:   Encoding inputs
······End:     Encoding inputs......................................................56.442ms
······Start:   Sending inputs
······End:     Sending inputs.......................................................80ns
····End:     ReLU online protocol...................................................56.487ms
Writing.. 19398664
··End:     ReLU layer...............................................................67.395ms
··Start:   Linear layer
····Start:   Linear online protocol
····End:     Linear online protocol.................................................171.928µs
··End:     Linear layer.............................................................237.77µs
··Start:   Linear layer
····Start:   Linear online protocol
····End:     Linear online protocol.................................................8.330ms
··End:     Linear layer.............................................................326.29ms
··Start:   ReLU layer
····Start:   ReLU online protocol
······Start:   Encoding inputs
······End:     Encoding inputs......................................................20.541ms
······Start:   Sending inputs
······End:     Sending inputs.......................................................90ns
····End:     ReLU online protocol...................................................20.583ms
Writing.. 9699336
··End:     ReLU layer...............................................................27.292ms
··Start:   Linear layer
····Start:   Linear online protocol
····End:     Linear online protocol.................................................32.350ms
··End:     Linear layer.............................................................192.470ms
··Start:   ReLU layer
····Start:   ReLU online protocol
······Start:   Encoding inputs
······End:     Encoding inputs......................................................33.682ms
······Start:   Sending inputs
······End:     Sending inputs.......................................................70ns
····End:     ReLU online protocol...................................................33.726ms
Writing.. 9699336
··End:     ReLU layer...............................................................41.273ms
··Start:   Linear layer
····Start:   Linear online protocol
····End:     Linear online protocol.................................................29.874ms
··End:     Linear layer.............................................................192.453ms
··Start:   ReLU layer
····Start:   ReLU online protocol
······Start:   Encoding inputs
······End:     Encoding inputs......................................................34.87ms
······Start:   Sending inputs
······End:     Sending inputs.......................................................70ns
····End:     ReLU online protocol...................................................34.130ms
Writing.. 9699336
··End:     ReLU layer...............................................................39.918ms
··Start:   Linear layer
····Start:   Linear online protocol
····End:     Linear online protocol.................................................82.179µs
··End:     Linear layer.............................................................115.268µs
··Start:   Linear layer
····Start:   Linear online protocol
····End:     Linear online protocol.................................................26.835ms
··End:     Linear layer.............................................................189.675ms
··Start:   ReLU layer
····Start:   ReLU online protocol
······Start:   Encoding inputs
······End:     Encoding inputs......................................................8.657ms
······Start:   Sending inputs
······End:     Sending inputs.......................................................80ns
····End:     ReLU online protocol...................................................8.672ms
Writing.. 2424840
··End:     ReLU layer...............................................................14.583ms
··Start:   Linear layer
····Start:   Linear online protocol
····End:     Linear online protocol.................................................91.722ms
··End:     Linear layer.............................................................132.434ms
··Start:   ReLU layer
····Start:   ReLU online protocol
······Start:   Encoding inputs
······End:     Encoding inputs......................................................9.236ms
······Start:   Sending inputs
······End:     Sending inputs.......................................................60ns
····End:     ReLU online protocol...................................................9.251ms
Writing.. 2424840
··End:     ReLU layer...............................................................10.972ms
··Start:   Linear layer
····Start:   Linear online protocol
····End:     Linear online protocol.................................................30.884ms
··End:     Linear layer.............................................................79.497ms
··Start:   ReLU layer
····Start:   ReLU online protocol
······Start:   Encoding inputs
······End:     Encoding inputs......................................................8.506ms
······Start:   Sending inputs
······End:     Sending inputs.......................................................90ns
····End:     ReLU online protocol...................................................8.521ms
Writing.. 2424840
··End:     ReLU layer...............................................................10.143ms
··Start:   Linear layer
····Start:   Linear online protocol
····End:     Linear online protocol.................................................26.590µs
··End:     Linear layer.............................................................40.50µs
··Start:   Linear layer
····Start:   Linear online protocol
····End:     Linear online protocol.................................................17.194ms
··End:     Linear layer.............................................................65.424ms
··Start:   ReLU layer
····Start:   ReLU online protocol
······Start:   Encoding inputs
······End:     Encoding inputs......................................................11.705ms
······Start:   Sending inputs
······End:     Sending inputs.......................................................80ns
····End:     ReLU online protocol...................................................11.726ms
Writing.. 4849672
··End:     ReLU layer...............................................................14.432ms
··Start:   Linear layer
····Start:   Linear online protocol
····End:     Linear online protocol.................................................141.14ms
··End:     Linear layer.............................................................217.831ms
··Start:   ReLU layer
····Start:   ReLU online protocol
······Start:   Encoding inputs
······End:     Encoding inputs......................................................18.681ms
······Start:   Sending inputs
······End:     Sending inputs.......................................................70ns
····End:     ReLU online protocol...................................................18.717ms
Writing.. 4849672
··End:     ReLU layer...............................................................22.434ms
··Start:   Linear layer
····Start:   Linear online protocol
····End:     Linear online protocol.................................................398.615µs
··End:     Linear layer.............................................................79.248ms
Writing.. 131
End:     Server online phase........................................................6.926s
StartMsg: Offline Communication
  
  Read 348765424 bytes
  Wrote 5262976071 bytes

EndMsg: Offline Communication
StartMsg: Online Communication
  
  Read 1747216 bytes
  Wrote 337052027 bytes

EndMsg: Online Communication
