Layer dim: (1, 3, 64, 64) true
Layer dim: (1, 64, 64, 64) false
Layer dim: (1, 64, 64, 64) true
Layer dim: (1, 64, 64, 64) false
Layer dim: (1, 64, 64, 64) true
Layer dim: (1, 64, 64, 64) false
Layer dim: (1, 64, 64, 64) true
Layer dim: (1, 64, 64, 64) false
Layer dim: (1, 64, 64, 64) true
Layer dim: (1, 64, 64, 64) false
Layer dim: (1, 64, 64, 64) true
Layer dim: (1, 128, 32, 32) false
Layer dim: (1, 128, 32, 32) true
Layer dim: (1, 128, 32, 32) false
Layer dim: (1, 128, 32, 32) true
Layer dim: (1, 128, 32, 32) false
Layer dim: (1, 128, 32, 32) true
Layer dim: (1, 128, 32, 32) false
Layer dim: (1, 128, 32, 32) true
Layer dim: (1, 256, 16, 16) false
Layer dim: (1, 256, 16, 16) true
Layer dim: (1, 256, 16, 16) false
Layer dim: (1, 256, 16, 16) true
Layer dim: (1, 256, 16, 16) false
Layer dim: (1, 256, 16, 16) true
Layer dim: (1, 256, 16, 16) false
Layer dim: (1, 256, 16, 16) true
Layer dim: (1, 512, 8, 8) false
Layer dim: (1, 512, 8, 8) true
Layer dim: (1, 512, 8, 8) false
Layer dim: (1, 512, 8, 8) true
Layer dim: (1, 512, 8, 8) false
Layer dim: (1, 512, 8, 8) true
Layer dim: (1, 512, 8, 8) false
Layer dim: (1, 512, 8, 8) true
Layer dim: (1, 512, 4, 4) true
Start:   Generating keys
End:     Generating keys............................................................320.422ms
Start:   Sending keys
Writing.. 33180308
End:     Sending keys...............................................................51.925ms
Start:   Client offline phase
··Start:   Linear layers offline phase
····Start:   Linear offline protocol
······Start:   Client preprocessing
······End:     Client preprocessing.................................................87.615ms
······Start:   Sending input
Writing.. 9439082
······End:     Sending input........................................................14.839ms
······Start:   Receiving Result
······End:     Receiving Result.....................................................3.591s
······Start:   Post-processing
······End:     Post-processing......................................................52.273ms
····End:     Linear offline protocol................................................3.746s
····Start:   Linear offline protocol
······Start:   Client preprocessing
······End:     Client preprocessing.................................................1.403s
······Start:   Sending input
Writing.. 151025180
······End:     Sending input........................................................1.417s
······Start:   Receiving Result
······End:     Receiving Result.....................................................50.674s
······Start:   Post-processing
······End:     Post-processing......................................................51.924ms
····End:     Linear offline protocol................................................53.548s
····Start:   Linear offline protocol
······Start:   Client preprocessing
······End:     Client preprocessing.................................................1.325s
······Start:   Sending input
Writing.. 151025180
······End:     Sending input........................................................1.537s
······Start:   Receiving Result
······End:     Receiving Result.....................................................50.14s
······Start:   Post-processing
······End:     Post-processing......................................................51.621ms
····End:     Linear offline protocol................................................52.929s
····Start:   Linear offline protocol
······Start:   Client preprocessing
······End:     Client preprocessing.................................................1.350s
······Start:   Sending input
Writing.. 151025180
······End:     Sending input........................................................668.986ms
······Start:   Receiving Result
······End:     Receiving Result.....................................................50.913s
······Start:   Post-processing
······End:     Post-processing......................................................52.398ms
····End:     Linear offline protocol................................................52.985s
····Start:   Linear offline protocol
······Start:   Client preprocessing
······End:     Client preprocessing.................................................1.356s
······Start:   Sending input
Writing.. 151025180
······End:     Sending input........................................................1.381s
······Start:   Receiving Result
······End:     Receiving Result.....................................................50.45s
······Start:   Post-processing
······End:     Post-processing......................................................52.775ms
····End:     Linear offline protocol................................................52.836s
····Start:   Linear offline protocol
······Start:   Client preprocessing
······End:     Client preprocessing.................................................1.348s
······Start:   Sending input
Writing.. 151025180
······End:     Sending input........................................................671.708ms
······Start:   Receiving Result
······End:     Receiving Result.....................................................100.574s
······Start:   Post-processing
······End:     Post-processing......................................................99.998ms
····End:     Linear offline protocol................................................102.695s
····Start:   Linear offline protocol
······Start:   Client preprocessing
······End:     Client preprocessing.................................................660.447ms
······Start:   Sending input
Writing.. 75512600
······End:     Sending input........................................................118.931ms
······Start:   Receiving Result
······End:     Receiving Result.....................................................55.511s
······Start:   Post-processing
······End:     Post-processing......................................................25.98ms
····End:     Linear offline protocol................................................56.316s
····Start:   Linear offline protocol
······Start:   Client preprocessing
······End:     Client preprocessing.................................................647.912ms
······Start:   Sending input
Writing.. 75512600
······End:     Sending input........................................................122.585ms
······Start:   Receiving Result
······End:     Receiving Result.....................................................55.947s
······Start:   Post-processing
······End:     Post-processing......................................................26.79ms
····End:     Linear offline protocol................................................56.744s
····Start:   Linear offline protocol
······Start:   Client preprocessing
······End:     Client preprocessing.................................................648.186ms
······Start:   Sending input
Writing.. 75512600
······End:     Sending input........................................................118.754ms
······Start:   Receiving Result
······End:     Receiving Result.....................................................56.39s
······Start:   Post-processing
······End:     Post-processing......................................................25.310ms
····End:     Linear offline protocol................................................56.831s
····Start:   Linear offline protocol
······Start:   Client preprocessing
······End:     Client preprocessing.................................................677.985ms
······Start:   Sending input
Writing.. 75512600
······End:     Sending input........................................................119.873ms
······Start:   Receiving Result
······End:     Receiving Result.....................................................112.449s
······Start:   Post-processing
······End:     Post-processing......................................................49.824ms
····End:     Linear offline protocol................................................113.297s
····Start:   Linear offline protocol
······Start:   Client preprocessing
······End:     Client preprocessing.................................................320.155ms
······Start:   Sending input
Writing.. 37756304
······End:     Sending input........................................................60.224ms
······Start:   Receiving Result
······End:     Receiving Result.....................................................60.932s
······Start:   Post-processing
······End:     Post-processing......................................................12.633ms
····End:     Linear offline protocol................................................61.325s
····Start:   Linear offline protocol
······Start:   Client preprocessing
······End:     Client preprocessing.................................................318.919ms
······Start:   Sending input
Writing.. 37756304
······End:     Sending input........................................................59.882ms
······Start:   Receiving Result
······End:     Receiving Result.....................................................61.221s
······Start:   Post-processing
······End:     Post-processing......................................................12.483ms
····End:     Linear offline protocol................................................61.612s
····Start:   Linear offline protocol
······Start:   Client preprocessing
······End:     Client preprocessing.................................................318.216ms
······Start:   Sending input
Writing.. 37756304
······End:     Sending input........................................................60.96ms
······Start:   Receiving Result
······End:     Receiving Result.....................................................61.260s
······Start:   Post-processing
······End:     Post-processing......................................................12.508ms
····End:     Linear offline protocol................................................61.650s
····Start:   Linear offline protocol
······Start:   Client preprocessing
······End:     Client preprocessing.................................................326.137ms
······Start:   Sending input
Writing.. 37756304
······End:     Sending input........................................................61.815ms
······Start:   Receiving Result
······End:     Receiving Result.....................................................122.653s
······Start:   Post-processing
······End:     Post-processing......................................................24.472ms
····End:     Linear offline protocol................................................123.66s
····Start:   Linear offline protocol
······Start:   Client preprocessing
······End:     Client preprocessing.................................................157.804ms
······Start:   Sending input
Writing.. 18878156
······End:     Sending input........................................................30.396ms
······Start:   Receiving Result
······End:     Receiving Result.....................................................66.403s
······Start:   Post-processing
······End:     Post-processing......................................................8.475ms
····End:     Linear offline protocol................................................66.600s
····Start:   Linear offline protocol
······Start:   Client preprocessing
······End:     Client preprocessing.................................................152.324ms
······Start:   Sending input
Writing.. 18878156
······End:     Sending input........................................................26.444ms
······Start:   Receiving Result
······End:     Receiving Result.....................................................66.493s
······Start:   Post-processing
······End:     Post-processing......................................................9.860ms
····End:     Linear offline protocol................................................66.682s
····Start:   Linear offline protocol
······Start:   Client preprocessing
······End:     Client preprocessing.................................................153.563ms
······Start:   Sending input
Writing.. 18878156
······End:     Sending input........................................................27.55ms
······Start:   Receiving Result
······End:     Receiving Result.....................................................66.565s
······Start:   Post-processing
······End:     Post-processing......................................................7.718ms
····End:     Linear offline protocol................................................66.753s
····Start:   Linear offline protocol
······Start:   Client preprocessing
······End:     Client preprocessing.................................................4.126ms
······Start:   Sending input
Writing.. 524401
······End:     Sending input........................................................1.810ms
······Start:   Receiving Result
······End:     Receiving Result.....................................................3.909s
······Start:   Post-processing
······End:     Post-processing......................................................3.327ms
····End:     Linear offline protocol................................................3.919s
··End:     Linear layers offline phase..............................................1113.627s
··Start:   ReLU layers offline phase with 2228224 ReLUs
····Start:   ReLU offline protocol
······Start:   Receiving GCs
······End:     Receiving GCs........................................................113.142s
······Start:   OTs
BASE-OT.0: Receiver to Sender.. 4096
EXT-OT.0 : Receiver to Sender.. 1497366528
······End:     OTs..................................................................9.313s
SIZE OF LABELS: 2994733056
····End:     ReLU offline protocol..................................................122.883s
··End:     ReLU layers offline phase with 2228224 ReLUs.............................125.804s
··Start:   Approx layers offline phase with 0 approximations
··End:     Approx layers offline phase with 0 approximations........................190ns
End:     Client offline phase.......................................................1239.431s
Start:   Client online phase
··Start:   Linear layer
····Start:   Linear online protocol
Writing.. 110633
····End:     Linear online protocol.................................................1.358ms
··End:     Linear layer.............................................................2.968ms
··Start:   ReLU layer
····Start:   ReLU online protocol
······Start:   Receiving inputs
······End:     Receiving inputs.....................................................866.963ms
······Start:   Evaluating GCs
······End:     Evaluating GCs.......................................................4.500s
····End:     ReLU online protocol...................................................5.367s
··End:     ReLU layer...............................................................5.725s
··Start:   Linear layer
····Start:   Linear online protocol
Writing.. 2359337
····End:     Linear online protocol.................................................3.439ms
··End:     Linear layer.............................................................4.360ms
··Start:   ReLU layer
····Start:   ReLU online protocol
······Start:   Receiving inputs
······End:     Receiving inputs.....................................................747.422ms
······Start:   Evaluating GCs
······End:     Evaluating GCs.......................................................4.522s
····End:     ReLU online protocol...................................................5.270s
··End:     ReLU layer...............................................................5.680s
··Start:   Linear layer
····Start:   Linear online protocol
Writing.. 2359337
····End:     Linear online protocol.................................................2.927ms
··End:     Linear layer.............................................................3.834ms
··Start:   ReLU layer
····Start:   ReLU online protocol
······Start:   Receiving inputs
······End:     Receiving inputs.....................................................731.129ms
······Start:   Evaluating GCs
······End:     Evaluating GCs.......................................................4.528s
····End:     ReLU online protocol...................................................5.259s
··End:     ReLU layer...............................................................5.670s
··Start:   Linear layer
····Start:   Linear online protocol
Writing.. 2359337
····End:     Linear online protocol.................................................2.969ms
··End:     Linear layer.............................................................3.811ms
··Start:   ReLU layer
····Start:   ReLU online protocol
······Start:   Receiving inputs
······End:     Receiving inputs.....................................................707.661ms
······Start:   Evaluating GCs
······End:     Evaluating GCs.......................................................4.558s
····End:     ReLU online protocol...................................................5.266s
··End:     ReLU layer...............................................................5.691s
··Start:   Linear layer
····Start:   Linear online protocol
Writing.. 2359337
····End:     Linear online protocol.................................................2.821ms
··End:     Linear layer.............................................................3.655ms
··Start:   ReLU layer
····Start:   ReLU online protocol
······Start:   Receiving inputs
······End:     Receiving inputs.....................................................730.601ms
······Start:   Evaluating GCs
······End:     Evaluating GCs.......................................................4.563s
····End:     ReLU online protocol...................................................5.294s
··End:     ReLU layer...............................................................5.707s
··Start:   Linear layer
····Start:   Linear online protocol
Writing.. 2359337
····End:     Linear online protocol.................................................2.636ms
··End:     Linear layer.............................................................3.92ms
··Start:   ReLU layer
····Start:   ReLU online protocol
······Start:   Receiving inputs
······End:     Receiving inputs.....................................................423.139ms
······Start:   Evaluating GCs
······End:     Evaluating GCs.......................................................2.300s
····End:     ReLU online protocol...................................................2.724s
··End:     ReLU layer...............................................................2.895s
··Start:   Linear layer
····Start:   Linear online protocol
Writing.. 1179689
····End:     Linear online protocol.................................................2.46ms
··End:     Linear layer.............................................................2.504ms
··Start:   ReLU layer
····Start:   ReLU online protocol
······Start:   Receiving inputs
······End:     Receiving inputs.....................................................602.716ms
······Start:   Evaluating GCs
······End:     Evaluating GCs.......................................................2.291s
····End:     ReLU online protocol...................................................2.893s
··End:     ReLU layer...............................................................3.66s
··Start:   Linear layer
····Start:   Linear online protocol
Writing.. 1179689
····End:     Linear online protocol.................................................1.924ms
··End:     Linear layer.............................................................2.363ms
··Start:   ReLU layer
····Start:   ReLU online protocol
······Start:   Receiving inputs
······End:     Receiving inputs.....................................................861.139ms
······Start:   Evaluating GCs
······End:     Evaluating GCs.......................................................2.401s
····End:     ReLU online protocol...................................................3.262s
··End:     ReLU layer...............................................................3.467s
··Start:   Linear layer
····Start:   Linear online protocol
Writing.. 1179689
····End:     Linear online protocol.................................................2.416ms
··End:     Linear layer.............................................................3.74ms
··Start:   ReLU layer
····Start:   ReLU online protocol
······Start:   Receiving inputs
······End:     Receiving inputs.....................................................406.106ms
······Start:   Evaluating GCs
······End:     Evaluating GCs.......................................................2.488s
····End:     ReLU online protocol...................................................2.894s
··End:     ReLU layer...............................................................3.142s
··Start:   Linear layer
····Start:   Linear online protocol
Writing.. 1179689
····End:     Linear online protocol.................................................1.833ms
··End:     Linear layer.............................................................2.100ms
··Start:   ReLU layer
····Start:   ReLU online protocol
······Start:   Receiving inputs
······End:     Receiving inputs.....................................................213.897ms
······Start:   Evaluating GCs
······End:     Evaluating GCs.......................................................1.250s
····End:     ReLU online protocol...................................................1.464s
··End:     ReLU layer...............................................................1.573s
··Start:   Linear layer
····Start:   Linear online protocol
Writing.. 589865
····End:     Linear online protocol.................................................1.908ms
··End:     Linear layer.............................................................2.150ms
··Start:   ReLU layer
····Start:   ReLU online protocol
······Start:   Receiving inputs
······End:     Receiving inputs.....................................................211.965ms
······Start:   Evaluating GCs
······End:     Evaluating GCs.......................................................1.240s
····End:     ReLU online protocol...................................................1.452s
··End:     ReLU layer...............................................................1.556s
··Start:   Linear layer
····Start:   Linear online protocol
Writing.. 589865
····End:     Linear online protocol.................................................1.408ms
··End:     Linear layer.............................................................1.632ms
··Start:   ReLU layer
····Start:   ReLU online protocol
······Start:   Receiving inputs
······End:     Receiving inputs.....................................................228.184ms
······Start:   Evaluating GCs
······End:     Evaluating GCs.......................................................1.216s
····End:     ReLU online protocol...................................................1.445s
··End:     ReLU layer...............................................................1.565s
··Start:   Linear layer
····Start:   Linear online protocol
Writing.. 589865
····End:     Linear online protocol.................................................1.720ms
··End:     Linear layer.............................................................2.163ms
··Start:   ReLU layer
····Start:   ReLU online protocol
······Start:   Receiving inputs
······End:     Receiving inputs.....................................................227.748ms
······Start:   Evaluating GCs
······End:     Evaluating GCs.......................................................1.252s
····End:     ReLU online protocol...................................................1.480s
··End:     ReLU layer...............................................................1.581s
··Start:   Linear layer
····Start:   Linear online protocol
Writing.. 589865
····End:     Linear online protocol.................................................1.631ms
··End:     Linear layer.............................................................1.763ms
··Start:   ReLU layer
····Start:   ReLU online protocol
······Start:   Receiving inputs
······End:     Receiving inputs.....................................................122.32ms
······Start:   Evaluating GCs
······End:     Evaluating GCs.......................................................622.813ms
····End:     ReLU online protocol...................................................744.974ms
··End:     ReLU layer...............................................................802.751ms
··Start:   Linear layer
····Start:   Linear online protocol
Writing.. 294953
····End:     Linear online protocol.................................................1.627ms
··End:     Linear layer.............................................................1.771ms
··Start:   ReLU layer
····Start:   ReLU online protocol
······Start:   Receiving inputs
······End:     Receiving inputs.....................................................134.284ms
······Start:   Evaluating GCs
······End:     Evaluating GCs.......................................................624.560ms
····End:     ReLU online protocol...................................................758.974ms
··End:     ReLU layer...............................................................818.934ms
··Start:   Linear layer
····Start:   Linear online protocol
Writing.. 294953
····End:     Linear online protocol.................................................1.891ms
··End:     Linear layer.............................................................2.92ms
··Start:   ReLU layer
····Start:   ReLU online protocol
······Start:   Receiving inputs
······End:     Receiving inputs.....................................................146.903ms
······Start:   Evaluating GCs
······End:     Evaluating GCs.......................................................581.659ms
····End:     ReLU online protocol...................................................728.695ms
··End:     ReLU layer...............................................................788.583ms
··Start:   Linear layer
····Start:   Linear online protocol
Writing.. 294953
····End:     Linear online protocol.................................................2.9ms
··End:     Linear layer.............................................................2.144ms
··Start:   ReLU layer
····Start:   ReLU online protocol
······Start:   Receiving inputs
······End:     Receiving inputs.....................................................122.22ms
······Start:   Evaluating GCs
······End:     Evaluating GCs.......................................................569.209ms
····End:     ReLU online protocol...................................................691.358ms
··End:     ReLU layer...............................................................754.804ms
··Start:   Linear layer
····Start:   Linear online protocol
Should be printed during AvgPool
····End:     Linear online protocol.................................................679.151µs
··End:     Linear layer.............................................................765.20µs
··Start:   Linear layer
····Start:   Linear online protocol
Writing.. 73769
····End:     Linear online protocol.................................................1.103ms
··End:     Linear layer.............................................................1.114ms
End:     Client online phase........................................................51.32s
StartMsg: Offline Communication
  
  Read 41222192397 bytes
  Wrote 2805350642 bytes

EndMsg: Offline Communication
StartMsg: Online Communication
  
  Read 2638219337 bytes
  Wrote 19944306 bytes

EndMsg: Online Communication
