Layer dim: (1, 3, 64, 64) true
Layer dim: (1, 64, 64, 64) false
Layer dim: (1, 64, 64, 64) true
Layer dim: (1, 64, 64, 64) false
Layer dim: (1, 64, 64, 64) true
Layer dim: (1, 64, 64, 64) false
Layer dim: (1, 64, 64, 64) true
Layer dim: (1, 64, 64, 64) false
Layer dim: (1, 64, 64, 64) true
Layer dim: (1, 64, 64, 64) false
Layer dim: (1, 64, 64, 64) true
Layer dim: (1, 128, 32, 32) false
Layer dim: (1, 128, 32, 32) true
Layer dim: (1, 128, 32, 32) false
Layer dim: (1, 128, 32, 32) true
Layer dim: (1, 128, 32, 32) false
Layer dim: (1, 128, 32, 32) true
Layer dim: (1, 128, 32, 32) false
Layer dim: (1, 128, 32, 32) true
Layer dim: (1, 256, 16, 16) false
Layer dim: (1, 256, 16, 16) true
Layer dim: (1, 256, 16, 16) false
Layer dim: (1, 256, 16, 16) true
Layer dim: (1, 256, 16, 16) false
Layer dim: (1, 256, 16, 16) true
Layer dim: (1, 256, 16, 16) false
Layer dim: (1, 256, 16, 16) true
Layer dim: (1, 512, 8, 8) false
Layer dim: (1, 512, 8, 8) true
Layer dim: (1, 512, 8, 8) false
Layer dim: (1, 512, 8, 8) true
Layer dim: (1, 512, 8, 8) false
Layer dim: (1, 512, 8, 8) true
Layer dim: (1, 512, 8, 8) false
Layer dim: (1, 512, 8, 8) true
Layer dim: (1, 512, 4, 4) true
Start:   Generating keys
End:     Generating keys............................................................321.301ms
Start:   Sending keys
Writing.. 33180308
End:     Sending keys...............................................................52.618ms
Start:   Client offline phase
··Start:   Linear layers offline phase
····Start:   Linear offline protocol
······Start:   Client preprocessing
······End:     Client preprocessing.................................................89.761ms
······Start:   Sending input
Writing.. 9439082
······End:     Sending input........................................................14.863ms
······Start:   Receiving Result
······End:     Receiving Result.....................................................3.650s
······Start:   Post-processing
······End:     Post-processing......................................................51.758ms
····End:     Linear offline protocol................................................3.807s
····Start:   Linear offline protocol
······Start:   Client preprocessing
······End:     Client preprocessing.................................................1.407s
······Start:   Sending input
Writing.. 151025180
······End:     Sending input........................................................675.211ms
······Start:   Receiving Result
······End:     Receiving Result.....................................................51.469s
······Start:   Post-processing
······End:     Post-processing......................................................52.153ms
····End:     Linear offline protocol................................................53.604s
····Start:   Linear offline protocol
······Start:   Client preprocessing
······End:     Client preprocessing.................................................1.325s
······Start:   Sending input
Writing.. 151025180
······End:     Sending input........................................................453.880ms
······Start:   Receiving Result
······End:     Receiving Result.....................................................51.285s
······Start:   Post-processing
······End:     Post-processing......................................................52.783ms
····End:     Linear offline protocol................................................53.117s
····Start:   Linear offline protocol
······Start:   Client preprocessing
······End:     Client preprocessing.................................................1.376s
······Start:   Sending input
Writing.. 151025180
······End:     Sending input........................................................442.431ms
······Start:   Receiving Result
······End:     Receiving Result.....................................................51.156s
······Start:   Post-processing
······End:     Post-processing......................................................51.936ms
····End:     Linear offline protocol................................................53.28s
····Start:   Linear offline protocol
······Start:   Client preprocessing
······End:     Client preprocessing.................................................1.332s
······Start:   Sending input
Writing.. 151025180
······End:     Sending input........................................................669.139ms
······Start:   Receiving Result
······End:     Receiving Result.....................................................50.897s
······Start:   Post-processing
······End:     Post-processing......................................................57.90ms
····End:     Linear offline protocol................................................52.956s
····Start:   Linear offline protocol
······Start:   Client preprocessing
······End:     Client preprocessing.................................................1.347s
······Start:   Sending input
Writing.. 151025180
······End:     Sending input........................................................667.292ms
······Start:   Receiving Result
······End:     Receiving Result.....................................................101.18s
······Start:   Post-processing
······End:     Post-processing......................................................100.609ms
····End:     Linear offline protocol................................................103.134s
····Start:   Linear offline protocol
······Start:   Client preprocessing
······End:     Client preprocessing.................................................657.168ms
······Start:   Sending input
Writing.. 75512600
······End:     Sending input........................................................130.406ms
······Start:   Receiving Result
······End:     Receiving Result.....................................................55.583s
······Start:   Post-processing
······End:     Post-processing......................................................25.285ms
····End:     Linear offline protocol................................................56.396s
····Start:   Linear offline protocol
······Start:   Client preprocessing
······End:     Client preprocessing.................................................647.635ms
······Start:   Sending input
Writing.. 75512600
······End:     Sending input........................................................121.0ms
······Start:   Receiving Result
······End:     Receiving Result.....................................................55.869s
······Start:   Post-processing
······End:     Post-processing......................................................25.361ms
····End:     Linear offline protocol................................................56.663s
····Start:   Linear offline protocol
······Start:   Client preprocessing
······End:     Client preprocessing.................................................647.780ms
······Start:   Sending input
Writing.. 75512600
······End:     Sending input........................................................119.72ms
······Start:   Receiving Result
······End:     Receiving Result.....................................................56.36s
······Start:   Post-processing
······End:     Post-processing......................................................25.740ms
····End:     Linear offline protocol................................................56.829s
····Start:   Linear offline protocol
······Start:   Client preprocessing
······End:     Client preprocessing.................................................661.749ms
······Start:   Sending input
Writing.. 75512600
······End:     Sending input........................................................119.142ms
······Start:   Receiving Result
······End:     Receiving Result.....................................................112.871s
······Start:   Post-processing
······End:     Post-processing......................................................50.310ms
····End:     Linear offline protocol................................................113.702s
····Start:   Linear offline protocol
······Start:   Client preprocessing
······End:     Client preprocessing.................................................323.213ms
······Start:   Sending input
Writing.. 37756304
······End:     Sending input........................................................60.596ms
······Start:   Receiving Result
······End:     Receiving Result.....................................................61.219s
······Start:   Post-processing
······End:     Post-processing......................................................12.524ms
····End:     Linear offline protocol................................................61.616s
····Start:   Linear offline protocol
······Start:   Client preprocessing
······End:     Client preprocessing.................................................333.236ms
······Start:   Sending input
Writing.. 37756304
······End:     Sending input........................................................59.854ms
······Start:   Receiving Result
······End:     Receiving Result.....................................................61.269s
······Start:   Post-processing
······End:     Post-processing......................................................12.554ms
····End:     Linear offline protocol................................................61.675s
····Start:   Linear offline protocol
······Start:   Client preprocessing
······End:     Client preprocessing.................................................319.431ms
······Start:   Sending input
Writing.. 37756304
······End:     Sending input........................................................60.233ms
······Start:   Receiving Result
······End:     Receiving Result.....................................................61.260s
······Start:   Post-processing
······End:     Post-processing......................................................12.488ms
····End:     Linear offline protocol................................................61.653s
····Start:   Linear offline protocol
······Start:   Client preprocessing
······End:     Client preprocessing.................................................323.673ms
······Start:   Sending input
Writing.. 37756304
······End:     Sending input........................................................61.850ms
······Start:   Receiving Result
······End:     Receiving Result.....................................................122.966s
······Start:   Post-processing
······End:     Post-processing......................................................24.403ms
····End:     Linear offline protocol................................................123.376s
····Start:   Linear offline protocol
······Start:   Client preprocessing
······End:     Client preprocessing.................................................158.862ms
······Start:   Sending input
Writing.. 18878156
······End:     Sending input........................................................30.637ms
······Start:   Receiving Result
······End:     Receiving Result.....................................................66.498s
······Start:   Post-processing
······End:     Post-processing......................................................6.931ms
····End:     Linear offline protocol................................................66.695s
····Start:   Linear offline protocol
······Start:   Client preprocessing
······End:     Client preprocessing.................................................152.374ms
······Start:   Sending input
Writing.. 18878156
······End:     Sending input........................................................26.435ms
······Start:   Receiving Result
······End:     Receiving Result.....................................................66.726s
······Start:   Post-processing
······End:     Post-processing......................................................8.911ms
····End:     Linear offline protocol................................................66.914s
····Start:   Linear offline protocol
······Start:   Client preprocessing
······End:     Client preprocessing.................................................152.191ms
······Start:   Sending input
Writing.. 18878156
······End:     Sending input........................................................26.688ms
······Start:   Receiving Result
······End:     Receiving Result.....................................................66.643s
······Start:   Post-processing
······End:     Post-processing......................................................6.680ms
····End:     Linear offline protocol................................................66.829s
····Start:   Linear offline protocol
······Start:   Client preprocessing
······End:     Client preprocessing.................................................4.90ms
······Start:   Sending input
Writing.. 524401
······End:     Sending input........................................................1.431ms
······Start:   Receiving Result
······End:     Receiving Result.....................................................3.928s
······Start:   Post-processing
······End:     Post-processing......................................................3.340ms
····End:     Linear offline protocol................................................3.937s
··End:     Linear layers offline phase..............................................1116.27s
··Start:   ReLU layers offline phase with 2228224 ReLUs
····Start:   ReLU offline protocol
······Start:   Receiving GCs
······End:     Receiving GCs........................................................113.64s
······Start:   OTs
BASE-OT.0: Receiver to Sender.. 4096
EXT-OT.0 : Receiver to Sender.. 1497366528
······End:     OTs..................................................................10.170s
SIZE OF LABELS: 2994733056
····End:     ReLU offline protocol..................................................123.666s
··End:     ReLU layers offline phase with 2228224 ReLUs.............................126.665s
··Start:   Approx layers offline phase with 0 approximations
··End:     Approx layers offline phase with 0 approximations........................330ns
End:     Client offline phase.......................................................1242.693s
Start:   Client online phase
··Start:   Linear layer
····Start:   Linear online protocol
Writing.. 110633
····End:     Linear online protocol.................................................1.591ms
··End:     Linear layer.............................................................5.299ms
··Start:   ReLU layer
····Start:   ReLU online protocol
······Start:   Receiving inputs
······End:     Receiving inputs.....................................................935.289ms
······Start:   Evaluating GCs
······End:     Evaluating GCs.......................................................6.176s
····End:     ReLU online protocol...................................................7.112s
··End:     ReLU layer...............................................................7.467s
··Start:   Linear layer
····Start:   Linear online protocol
Writing.. 2359337
····End:     Linear online protocol.................................................3.263ms
··End:     Linear layer.............................................................6.492ms
··Start:   ReLU layer
····Start:   ReLU online protocol
······Start:   Receiving inputs
······End:     Receiving inputs.....................................................2.379s
······Start:   Evaluating GCs
······End:     Evaluating GCs.......................................................6.197s
····End:     ReLU online protocol...................................................8.576s
··End:     ReLU layer...............................................................8.874s
··Start:   Linear layer
····Start:   Linear online protocol
Writing.. 2359337
····End:     Linear online protocol.................................................3.275ms
··End:     Linear layer.............................................................5.87ms
··Start:   ReLU layer
····Start:   ReLU online protocol
······Start:   Receiving inputs
······End:     Receiving inputs.....................................................909.800ms
······Start:   Evaluating GCs
······End:     Evaluating GCs.......................................................5.997s
····End:     ReLU online protocol...................................................6.907s
··End:     ReLU layer...............................................................7.304s
··Start:   Linear layer
····Start:   Linear online protocol
Writing.. 2359337
····End:     Linear online protocol.................................................3.75ms
··End:     Linear layer.............................................................4.338ms
··Start:   ReLU layer
····Start:   ReLU online protocol
······Start:   Receiving inputs
······End:     Receiving inputs.....................................................911.386ms
······Start:   Evaluating GCs
······End:     Evaluating GCs.......................................................4.817s
····End:     ReLU online protocol...................................................5.729s
··End:     ReLU layer...............................................................6.125s
··Start:   Linear layer
····Start:   Linear online protocol
Writing.. 2359337
····End:     Linear online protocol.................................................2.609ms
··End:     Linear layer.............................................................3.764ms
··Start:   ReLU layer
····Start:   ReLU online protocol
······Start:   Receiving inputs
······End:     Receiving inputs.....................................................892.102ms
······Start:   Evaluating GCs
······End:     Evaluating GCs.......................................................4.755s
····End:     ReLU online protocol...................................................5.648s
··End:     ReLU layer...............................................................6.51s
··Start:   Linear layer
····Start:   Linear online protocol
Writing.. 2359337
····End:     Linear online protocol.................................................2.973ms
··End:     Linear layer.............................................................3.640ms
··Start:   ReLU layer
····Start:   ReLU online protocol
······Start:   Receiving inputs
······End:     Receiving inputs.....................................................1.21s
······Start:   Evaluating GCs
······End:     Evaluating GCs.......................................................2.405s
····End:     ReLU online protocol...................................................3.426s
··End:     ReLU layer...............................................................3.597s
··Start:   Linear layer
····Start:   Linear online protocol
Writing.. 1179689
····End:     Linear online protocol.................................................2.80ms
··End:     Linear layer.............................................................2.719ms
··Start:   ReLU layer
····Start:   ReLU online protocol
······Start:   Receiving inputs
······End:     Receiving inputs.....................................................615.845ms
······Start:   Evaluating GCs
······End:     Evaluating GCs.......................................................2.302s
····End:     ReLU online protocol...................................................2.918s
··End:     ReLU layer...............................................................3.90s
··Start:   Linear layer
····Start:   Linear online protocol
Writing.. 1179689
····End:     Linear online protocol.................................................2.16ms
··End:     Linear layer.............................................................2.603ms
··Start:   ReLU layer
····Start:   ReLU online protocol
······Start:   Receiving inputs
······End:     Receiving inputs.....................................................605.104ms
······Start:   Evaluating GCs
······End:     Evaluating GCs.......................................................2.538s
····End:     ReLU online protocol...................................................3.143s
··End:     ReLU layer...............................................................3.323s
··Start:   Linear layer
····Start:   Linear online protocol
Writing.. 1179689
····End:     Linear online protocol.................................................1.746ms
··End:     Linear layer.............................................................2.315ms
··Start:   ReLU layer
····Start:   ReLU online protocol
······Start:   Receiving inputs
······End:     Receiving inputs.....................................................590.971ms
······Start:   Evaluating GCs
······End:     Evaluating GCs.......................................................2.891s
····End:     ReLU online protocol...................................................3.482s
··End:     ReLU layer...............................................................3.673s
··Start:   Linear layer
····Start:   Linear online protocol
Writing.. 1179689
····End:     Linear online protocol.................................................2.203ms
··End:     Linear layer.............................................................2.750ms
··Start:   ReLU layer
····Start:   ReLU online protocol
······Start:   Receiving inputs
······End:     Receiving inputs.....................................................508.930ms
······Start:   Evaluating GCs
······End:     Evaluating GCs.......................................................1.241s
····End:     ReLU online protocol...................................................1.750s
··End:     ReLU layer...............................................................1.838s
··Start:   Linear layer
····Start:   Linear online protocol
Writing.. 589865
····End:     Linear online protocol.................................................1.694ms
··End:     Linear layer.............................................................2.47ms
··Start:   ReLU layer
····Start:   ReLU online protocol
······Start:   Receiving inputs
······End:     Receiving inputs.....................................................488.920ms
······Start:   Evaluating GCs
······End:     Evaluating GCs.......................................................1.241s
····End:     ReLU online protocol...................................................1.730s
··End:     ReLU layer...............................................................1.819s
··Start:   Linear layer
····Start:   Linear online protocol
Writing.. 589865
····End:     Linear online protocol.................................................1.923ms
··End:     Linear layer.............................................................2.286ms
··Start:   ReLU layer
····Start:   ReLU online protocol
······Start:   Receiving inputs
······End:     Receiving inputs.....................................................272.456ms
······Start:   Evaluating GCs
······End:     Evaluating GCs.......................................................1.381s
····End:     ReLU online protocol...................................................1.653s
··End:     ReLU layer...............................................................1.741s
··Start:   Linear layer
····Start:   Linear online protocol
Writing.. 589865
····End:     Linear online protocol.................................................1.887ms
··End:     Linear layer.............................................................2.184ms
··Start:   ReLU layer
····Start:   ReLU online protocol
······Start:   Receiving inputs
······End:     Receiving inputs.....................................................262.861ms
······Start:   Evaluating GCs
······End:     Evaluating GCs.......................................................1.380s
····End:     ReLU online protocol...................................................1.643s
··End:     ReLU layer...............................................................1.738s
··Start:   Linear layer
····Start:   Linear online protocol
Writing.. 589865
····End:     Linear online protocol.................................................1.828ms
··End:     Linear layer.............................................................2.13ms
··Start:   ReLU layer
····Start:   ReLU online protocol
······Start:   Receiving inputs
······End:     Receiving inputs.....................................................266.839ms
······Start:   Evaluating GCs
······End:     Evaluating GCs.......................................................691.702ms
····End:     ReLU online protocol...................................................958.646ms
··End:     ReLU layer...............................................................1.8s
··Start:   Linear layer
····Start:   Linear online protocol
Writing.. 294953
····End:     Linear online protocol.................................................1.331ms
··End:     Linear layer.............................................................1.515ms
··Start:   ReLU layer
····Start:   ReLU online protocol
······Start:   Receiving inputs
······End:     Receiving inputs.....................................................227.144ms
······Start:   Evaluating GCs
······End:     Evaluating GCs.......................................................687.912ms
····End:     ReLU online protocol...................................................915.162ms
··End:     ReLU layer...............................................................964.595ms
··Start:   Linear layer
····Start:   Linear online protocol
Writing.. 294953
····End:     Linear online protocol.................................................1.312ms
··End:     Linear layer.............................................................1.511ms
··Start:   ReLU layer
····Start:   ReLU online protocol
······Start:   Receiving inputs
······End:     Receiving inputs.....................................................655.291ms
······Start:   Evaluating GCs
······End:     Evaluating GCs.......................................................731.346ms
····End:     ReLU online protocol...................................................1.386s
··End:     ReLU layer...............................................................1.442s
··Start:   Linear layer
····Start:   Linear online protocol
Writing.. 294953
····End:     Linear online protocol.................................................1.499ms
··End:     Linear layer.............................................................2.108ms
··Start:   ReLU layer
····Start:   ReLU online protocol
······Start:   Receiving inputs
······End:     Receiving inputs.....................................................364.721ms
······Start:   Evaluating GCs
······End:     Evaluating GCs.......................................................686.33ms
····End:     ReLU online protocol...................................................1.50s
··End:     ReLU layer...............................................................1.96s
··Start:   Linear layer
····Start:   Linear online protocol
Should be printed during AvgPool
····End:     Linear online protocol.................................................578.931µs
··End:     Linear layer.............................................................703.520µs
··Start:   Linear layer
····Start:   Linear online protocol
Writing.. 73769
····End:     Linear online protocol.................................................1.22ms
··End:     Linear layer.............................................................1.34ms
End:     Client online phase........................................................61.732s
StartMsg: Offline Communication
  
  Read 41222192397 bytes
  Wrote 2805350642 bytes

EndMsg: Offline Communication
StartMsg: Online Communication
  
  Read 2638219337 bytes
  Wrote 19944306 bytes

EndMsg: Online Communication
