Layer dim: (1, 3, 64, 64) true
Layer dim: (1, 64, 64, 64) false
Layer dim: (1, 64, 64, 64) true
Layer dim: (1, 64, 64, 64) false
Layer dim: (1, 64, 64, 64) true
Layer dim: (1, 64, 64, 64) false
Layer dim: (1, 64, 64, 64) true
Layer dim: (1, 64, 64, 64) false
Layer dim: (1, 64, 64, 64) true
Layer dim: (1, 64, 64, 64) false
Layer dim: (1, 64, 64, 64) true
Layer dim: (1, 128, 32, 32) false
Layer dim: (1, 128, 32, 32) true
Layer dim: (1, 128, 32, 32) false
Layer dim: (1, 128, 32, 32) true
Layer dim: (1, 128, 32, 32) false
Layer dim: (1, 128, 32, 32) true
Layer dim: (1, 128, 32, 32) false
Layer dim: (1, 128, 32, 32) true
Layer dim: (1, 256, 16, 16) false
Layer dim: (1, 256, 16, 16) true
Layer dim: (1, 256, 16, 16) false
Layer dim: (1, 256, 16, 16) true
Layer dim: (1, 256, 16, 16) false
Layer dim: (1, 256, 16, 16) true
Layer dim: (1, 256, 16, 16) false
Layer dim: (1, 256, 16, 16) true
Layer dim: (1, 512, 8, 8) false
Layer dim: (1, 512, 8, 8) true
Layer dim: (1, 512, 8, 8) false
Layer dim: (1, 512, 8, 8) true
Layer dim: (1, 512, 8, 8) false
Layer dim: (1, 512, 8, 8) true
Layer dim: (1, 512, 8, 8) false
Layer dim: (1, 512, 8, 8) true
Layer dim: (1, 512, 4, 4) true
Start:   Generating keys
End:     Generating keys............................................................318.528ms
Start:   Sending keys
Writing.. 33180308
End:     Sending keys...............................................................52.313ms
Start:   Client offline phase
··Start:   Linear layers offline phase
····Start:   Linear offline protocol
······Start:   Client preprocessing
······End:     Client preprocessing.................................................88.158ms
······Start:   Sending input
Writing.. 9439082
······End:     Sending input........................................................14.922ms
······Start:   Receiving Result
······End:     Receiving Result.....................................................3.609s
······Start:   Post-processing
······End:     Post-processing......................................................52.240ms
····End:     Linear offline protocol................................................3.764s
····Start:   Linear offline protocol
······Start:   Client preprocessing
······End:     Client preprocessing.................................................1.408s
······Start:   Sending input
Writing.. 151025180
······End:     Sending input........................................................447.538ms
······Start:   Receiving Result
······End:     Receiving Result.....................................................51.681s
······Start:   Post-processing
······End:     Post-processing......................................................52.454ms
····End:     Linear offline protocol................................................53.590s
····Start:   Linear offline protocol
······Start:   Client preprocessing
······End:     Client preprocessing.................................................1.329s
······Start:   Sending input
Writing.. 151025180
······End:     Sending input........................................................1.583s
······Start:   Receiving Result
······End:     Receiving Result.....................................................50.137s
······Start:   Post-processing
······End:     Post-processing......................................................51.594ms
····End:     Linear offline protocol................................................53.102s
····Start:   Linear offline protocol
······Start:   Client preprocessing
······End:     Client preprocessing.................................................1.351s
······Start:   Sending input
Writing.. 151025180
······End:     Sending input........................................................1.497s
······Start:   Receiving Result
······End:     Receiving Result.....................................................50.96s
······Start:   Post-processing
······End:     Post-processing......................................................52.488ms
····End:     Linear offline protocol................................................52.997s
····Start:   Linear offline protocol
······Start:   Client preprocessing
······End:     Client preprocessing.................................................1.355s
······Start:   Sending input
Writing.. 151025180
······End:     Sending input........................................................1.355s
······Start:   Receiving Result
······End:     Receiving Result.....................................................50.98s
······Start:   Post-processing
······End:     Post-processing......................................................53.265ms
····End:     Linear offline protocol................................................52.862s
····Start:   Linear offline protocol
······Start:   Client preprocessing
······End:     Client preprocessing.................................................1.349s
······Start:   Sending input
Writing.. 151025180
······End:     Sending input........................................................4.219s
······Start:   Receiving Result
······End:     Receiving Result.....................................................97.265s
······Start:   Post-processing
······End:     Post-processing......................................................100.423ms
····End:     Linear offline protocol................................................102.935s
····Start:   Linear offline protocol
······Start:   Client preprocessing
······End:     Client preprocessing.................................................661.662ms
······Start:   Sending input
Writing.. 75512600
······End:     Sending input........................................................118.531ms
······Start:   Receiving Result
······End:     Receiving Result.....................................................55.841s
······Start:   Post-processing
······End:     Post-processing......................................................25.17ms
····End:     Linear offline protocol................................................56.646s
····Start:   Linear offline protocol
······Start:   Client preprocessing
······End:     Client preprocessing.................................................648.73ms
······Start:   Sending input
Writing.. 75512600
······End:     Sending input........................................................122.313ms
······Start:   Receiving Result
······End:     Receiving Result.....................................................55.956s
······Start:   Post-processing
······End:     Post-processing......................................................25.667ms
····End:     Linear offline protocol................................................56.752s
····Start:   Linear offline protocol
······Start:   Client preprocessing
······End:     Client preprocessing.................................................650.152ms
······Start:   Sending input
Writing.. 75512600
······End:     Sending input........................................................118.460ms
······Start:   Receiving Result
······End:     Receiving Result.....................................................56.36s
······Start:   Post-processing
······End:     Post-processing......................................................25.302ms
····End:     Linear offline protocol................................................56.830s
····Start:   Linear offline protocol
······Start:   Client preprocessing
······End:     Client preprocessing.................................................678.782ms
······Start:   Sending input
Writing.. 75512600
······End:     Sending input........................................................119.121ms
······Start:   Receiving Result
······End:     Receiving Result.....................................................112.558s
······Start:   Post-processing
······End:     Post-processing......................................................49.635ms
····End:     Linear offline protocol................................................113.406s
····Start:   Linear offline protocol
······Start:   Client preprocessing
······End:     Client preprocessing.................................................319.590ms
······Start:   Sending input
Writing.. 37756304
······End:     Sending input........................................................59.860ms
······Start:   Receiving Result
······End:     Receiving Result.....................................................61.146s
······Start:   Post-processing
······End:     Post-processing......................................................12.796ms
····End:     Linear offline protocol................................................61.539s
····Start:   Linear offline protocol
······Start:   Client preprocessing
······End:     Client preprocessing.................................................317.946ms
······Start:   Sending input
Writing.. 37756304
······End:     Sending input........................................................59.915ms
······Start:   Receiving Result
······End:     Receiving Result.....................................................61.225s
······Start:   Post-processing
······End:     Post-processing......................................................12.538ms
····End:     Linear offline protocol................................................61.615s
····Start:   Linear offline protocol
······Start:   Client preprocessing
······End:     Client preprocessing.................................................318.678ms
······Start:   Sending input
Writing.. 37756304
······End:     Sending input........................................................60.156ms
······Start:   Receiving Result
······End:     Receiving Result.....................................................61.201s
······Start:   Post-processing
······End:     Post-processing......................................................12.486ms
····End:     Linear offline protocol................................................61.593s
····Start:   Linear offline protocol
······Start:   Client preprocessing
······End:     Client preprocessing.................................................329.309ms
······Start:   Sending input
Writing.. 37756304
······End:     Sending input........................................................62.81ms
······Start:   Receiving Result
······End:     Receiving Result.....................................................123.27s
······Start:   Post-processing
······End:     Post-processing......................................................24.461ms
····End:     Linear offline protocol................................................123.443s
····Start:   Linear offline protocol
······Start:   Client preprocessing
······End:     Client preprocessing.................................................152.519ms
······Start:   Sending input
Writing.. 18878156
······End:     Sending input........................................................29.586ms
······Start:   Receiving Result
······End:     Receiving Result.....................................................66.492s
······Start:   Post-processing
······End:     Post-processing......................................................9.288ms
····End:     Linear offline protocol................................................66.684s
····Start:   Linear offline protocol
······Start:   Client preprocessing
······End:     Client preprocessing.................................................149.657ms
······Start:   Sending input
Writing.. 18878156
······End:     Sending input........................................................27.239ms
······Start:   Receiving Result
······End:     Receiving Result.....................................................66.588s
······Start:   Post-processing
······End:     Post-processing......................................................7.478ms
····End:     Linear offline protocol................................................66.773s
····Start:   Linear offline protocol
······Start:   Client preprocessing
······End:     Client preprocessing.................................................149.698ms
······Start:   Sending input
Writing.. 18878156
······End:     Sending input........................................................27.242ms
······Start:   Receiving Result
······End:     Receiving Result.....................................................66.576s
······Start:   Post-processing
······End:     Post-processing......................................................8.308ms
····End:     Linear offline protocol................................................66.762s
····Start:   Linear offline protocol
······Start:   Client preprocessing
······End:     Client preprocessing.................................................4.68ms
······Start:   Sending input
Writing.. 524401
······End:     Sending input........................................................2.21ms
······Start:   Receiving Result
······End:     Receiving Result.....................................................3.895s
······Start:   Post-processing
······End:     Post-processing......................................................3.372ms
····End:     Linear offline protocol................................................3.905s
··End:     Linear layers offline phase..............................................1115.292s
··Start:   ReLU layers offline phase with 2228224 ReLUs
····Start:   ReLU offline protocol
······Start:   Receiving GCs
······End:     Receiving GCs........................................................115.716s
······Start:   OTs
BASE-OT.0: Receiver to Sender.. 4096
EXT-OT.0 : Receiver to Sender.. 1497366528
······End:     OTs..................................................................10.84s
SIZE OF LABELS: 2994733056
····End:     ReLU offline protocol..................................................126.268s
··End:     ReLU layers offline phase with 2228224 ReLUs.............................128.879s
··Start:   Approx layers offline phase with 0 approximations
··End:     Approx layers offline phase with 0 approximations........................180ns
End:     Client offline phase.......................................................1244.172s
Start:   Client online phase
··Start:   Linear layer
····Start:   Linear online protocol
Writing.. 110633
····End:     Linear online protocol.................................................1.366ms
··End:     Linear layer.............................................................3.13ms
··Start:   ReLU layer
····Start:   ReLU online protocol
······Start:   Receiving inputs
······End:     Receiving inputs.....................................................955.118ms
······Start:   Evaluating GCs
······End:     Evaluating GCs.......................................................4.681s
····End:     ReLU online protocol...................................................5.636s
··End:     ReLU layer...............................................................6.6s
··Start:   Linear layer
····Start:   Linear online protocol
Writing.. 2359337
····End:     Linear online protocol.................................................3.161ms
··End:     Linear layer.............................................................4.26ms
··Start:   ReLU layer
····Start:   ReLU online protocol
······Start:   Receiving inputs
······End:     Receiving inputs.....................................................1.750s
······Start:   Evaluating GCs
······End:     Evaluating GCs.......................................................4.608s
····End:     ReLU online protocol...................................................6.359s
··End:     ReLU layer...............................................................6.673s
··Start:   Linear layer
····Start:   Linear online protocol
Writing.. 2359337
····End:     Linear online protocol.................................................2.869ms
··End:     Linear layer.............................................................3.737ms
··Start:   ReLU layer
····Start:   ReLU online protocol
······Start:   Receiving inputs
······End:     Receiving inputs.....................................................1.30s
······Start:   Evaluating GCs
······End:     Evaluating GCs.......................................................4.558s
····End:     ReLU online protocol...................................................5.589s
··End:     ReLU layer...............................................................5.913s
··Start:   Linear layer
····Start:   Linear online protocol
Writing.. 2359337
····End:     Linear online protocol.................................................2.678ms
··End:     Linear layer.............................................................3.547ms
··Start:   ReLU layer
····Start:   ReLU online protocol
······Start:   Receiving inputs
······End:     Receiving inputs.....................................................962.481ms
······Start:   Evaluating GCs
······End:     Evaluating GCs.......................................................4.705s
····End:     ReLU online protocol...................................................5.668s
··End:     ReLU layer...............................................................5.984s
··Start:   Linear layer
····Start:   Linear online protocol
Writing.. 2359337
····End:     Linear online protocol.................................................3.41ms
··End:     Linear layer.............................................................3.897ms
··Start:   ReLU layer
····Start:   ReLU online protocol
······Start:   Receiving inputs
······End:     Receiving inputs.....................................................1.15s
······Start:   Evaluating GCs
······End:     Evaluating GCs.......................................................4.491s
····End:     ReLU online protocol...................................................5.507s
··End:     ReLU layer...............................................................5.822s
··Start:   Linear layer
····Start:   Linear online protocol
Writing.. 2359337
····End:     Linear online protocol.................................................2.695ms
··End:     Linear layer.............................................................3.146ms
··Start:   ReLU layer
····Start:   ReLU online protocol
······Start:   Receiving inputs
······End:     Receiving inputs.....................................................542.806ms
······Start:   Evaluating GCs
······End:     Evaluating GCs.......................................................2.263s
····End:     ReLU online protocol...................................................2.806s
··End:     ReLU layer...............................................................2.928s
··Start:   Linear layer
····Start:   Linear online protocol
Writing.. 1179689
····End:     Linear online protocol.................................................2.272ms
··End:     Linear layer.............................................................2.723ms
··Start:   ReLU layer
····Start:   ReLU online protocol
······Start:   Receiving inputs
······End:     Receiving inputs.....................................................530.74ms
······Start:   Evaluating GCs
······End:     Evaluating GCs.......................................................2.261s
····End:     ReLU online protocol...................................................2.791s
··End:     ReLU layer...............................................................2.939s
··Start:   Linear layer
····Start:   Linear online protocol
Writing.. 1179689
····End:     Linear online protocol.................................................2.243ms
··End:     Linear layer.............................................................2.657ms
··Start:   ReLU layer
····Start:   ReLU online protocol
······Start:   Receiving inputs
······End:     Receiving inputs.....................................................1.561s
······Start:   Evaluating GCs
······End:     Evaluating GCs.......................................................2.252s
····End:     ReLU online protocol...................................................3.814s
··End:     ReLU layer...............................................................4.79s
··Start:   Linear layer
····Start:   Linear online protocol
Writing.. 1179689
····End:     Linear online protocol.................................................2.161ms
··End:     Linear layer.............................................................2.906ms
··Start:   ReLU layer
····Start:   ReLU online protocol
······Start:   Receiving inputs
······End:     Receiving inputs.....................................................587.237ms
······Start:   Evaluating GCs
······End:     Evaluating GCs.......................................................2.598s
····End:     ReLU online protocol...................................................3.186s
··End:     ReLU layer...............................................................3.450s
··Start:   Linear layer
····Start:   Linear online protocol
Writing.. 1179689
····End:     Linear online protocol.................................................1.985ms
··End:     Linear layer.............................................................2.230ms
··Start:   ReLU layer
····Start:   ReLU online protocol
······Start:   Receiving inputs
······End:     Receiving inputs.....................................................194.441ms
······Start:   Evaluating GCs
······End:     Evaluating GCs.......................................................1.601s
····End:     ReLU online protocol...................................................1.795s
··End:     ReLU layer...............................................................1.922s
··Start:   Linear layer
····Start:   Linear online protocol
Writing.. 589865
····End:     Linear online protocol.................................................2.325ms
··End:     Linear layer.............................................................2.559ms
··Start:   ReLU layer
····Start:   ReLU online protocol
······Start:   Receiving inputs
······End:     Receiving inputs.....................................................210.959ms
······Start:   Evaluating GCs
······End:     Evaluating GCs.......................................................1.592s
····End:     ReLU online protocol...................................................1.803s
··End:     ReLU layer...............................................................1.928s
··Start:   Linear layer
····Start:   Linear online protocol
Writing.. 589865
····End:     Linear online protocol.................................................2.88ms
··End:     Linear layer.............................................................2.389ms
··Start:   ReLU layer
····Start:   ReLU online protocol
······Start:   Receiving inputs
······End:     Receiving inputs.....................................................220.283ms
······Start:   Evaluating GCs
······End:     Evaluating GCs.......................................................1.549s
····End:     ReLU online protocol...................................................1.769s
··End:     ReLU layer...............................................................1.892s
··Start:   Linear layer
····Start:   Linear online protocol
Writing.. 589865
····End:     Linear online protocol.................................................1.756ms
··End:     Linear layer.............................................................1.988ms
··Start:   ReLU layer
····Start:   ReLU online protocol
······Start:   Receiving inputs
······End:     Receiving inputs.....................................................215.971ms
······Start:   Evaluating GCs
······End:     Evaluating GCs.......................................................1.522s
····End:     ReLU online protocol...................................................1.738s
··End:     ReLU layer...............................................................1.860s
··Start:   Linear layer
····Start:   Linear online protocol
Writing.. 589865
····End:     Linear online protocol.................................................1.409ms
··End:     Linear layer.............................................................1.544ms
··Start:   ReLU layer
····Start:   ReLU online protocol
······Start:   Receiving inputs
······End:     Receiving inputs.....................................................109.194ms
······Start:   Evaluating GCs
······End:     Evaluating GCs.......................................................582.734ms
····End:     ReLU online protocol...................................................692.52ms
··End:     ReLU layer...............................................................743.902ms
··Start:   Linear layer
····Start:   Linear online protocol
Writing.. 294953
····End:     Linear online protocol.................................................1.659ms
··End:     Linear layer.............................................................1.790ms
··Start:   ReLU layer
····Start:   ReLU online protocol
······Start:   Receiving inputs
······End:     Receiving inputs.....................................................134.523ms
······Start:   Evaluating GCs
······End:     Evaluating GCs.......................................................571.961ms
····End:     ReLU online protocol...................................................706.616ms
··End:     ReLU layer...............................................................755.811ms
··Start:   Linear layer
····Start:   Linear online protocol
Writing.. 294953
····End:     Linear online protocol.................................................1.610ms
··End:     Linear layer.............................................................1.744ms
··Start:   ReLU layer
····Start:   ReLU online protocol
······Start:   Receiving inputs
······End:     Receiving inputs.....................................................132.417ms
······Start:   Evaluating GCs
······End:     Evaluating GCs.......................................................575.628ms
····End:     ReLU online protocol...................................................708.171ms
··End:     ReLU layer...............................................................759.824ms
··Start:   Linear layer
····Start:   Linear online protocol
Writing.. 294953
····End:     Linear online protocol.................................................1.382ms
··End:     Linear layer.............................................................1.513ms
··Start:   ReLU layer
····Start:   ReLU online protocol
······Start:   Receiving inputs
······End:     Receiving inputs.....................................................135.937ms
······Start:   Evaluating GCs
······End:     Evaluating GCs.......................................................571.554ms
····End:     ReLU online protocol...................................................707.613ms
··End:     ReLU layer...............................................................754.704ms
··Start:   Linear layer
····Start:   Linear online protocol
Should be printed during AvgPool
····End:     Linear online protocol.................................................499.174µs
··End:     Linear layer.............................................................574.453µs
··Start:   Linear layer
····Start:   Linear online protocol
Writing.. 73769
····End:     Linear online protocol.................................................1.43ms
··End:     Linear layer.............................................................1.55ms
End:     Client online phase........................................................54.922s
StartMsg: Offline Communication
  
  Read 41222192397 bytes
  Wrote 2805350642 bytes

EndMsg: Offline Communication
StartMsg: Online Communication
  
  Read 2638219337 bytes
  Wrote 19944306 bytes

EndMsg: Online Communication
